#
# A fatal error has been detected by the Java Runtime Environment:
#
#  SIGSEGV (0xb) at pc=0x0000ffff8933af4c, pid=112520, tid=0x0000ffff89a29910
#
# JRE version: OpenJDK Runtime Environment (8.0_402-b06) (build 1.8.0_402-8u402-ga-2ubuntu1~20.04-b06)
# Java VM: OpenJDK 64-Bit Server VM (25.402-b06 mixed mode linux-aarch64 compressed oops)
# Problematic frame:
# V  [libjvm.so+0x897f4c]
#
# Failed to write core dump. Core dumps have been disabled. To enable core dumping, try "ulimit -c unlimited" before starting Java again
#
# If you would like to submit a bug report, please visit:
#   http://bugreport.java.com/bugreport/crash.jsp
#

---------------  T H R E A D  ---------------

Current thread is native thread

siginfo: si_signo: 11 (SIGSEGV), si_code: 1 (SEGV_MAPERR), si_addr: 0x0000000000000188

Registers:
R0=0x00000000000000e0
R1=0x0000000000000000
R2=0x0000ffff89a1da64
R3=0x0000000000000000
R4=0x0000000000000000
R5=0x0000ffff89a396b0
R6=0x0000ffff887ee2b0
R7=0x0000000000000000
R8=0x0000000000000062
R9=0x0000000000000000
R10=0x0000000000000000
R11=0x0000000000000010
R12=0x0000ffff899d7f00
R13=0x0000000000000000
R14=0x0000000000000000
R15=0x0000000000000140
R16=0x0000ffff897772e0
R17=0x0000ffff899ec568
R18=0x0000000000000000
R19=0x0000ffff89775000
R20=0x0000ffff89a2a030
R21=0x0000ffffc3553440
R22=0x0000ffffc35533c0
R23=0x0000000000000000
R24=0x0000000000000000
R25=0x0000ffff89a29910
R26=0x0000000000000001
R27=0x0000ffffc3554698
R28=0x0000ffffc35548e0
R29=0x0000ffffc35532e0
R30=0x0000ffff8933af48

Top of Stack: (sp=0x0000ffffc35532e0)
0x0000ffffc35532e0:   0000ffffc3554610 0000ffff89a3878c
0x0000ffffc35532f0:   0000ffff887ee1e0 0000ffff89a02000
0x0000ffffc3553300:   000000000001b789 0000ffffc3554710
0x0000ffffc3553310:   0000000000000000 0000ffff887ee2b0
0x0000ffffc3553320:   0000000000000000 0000ffff89a2a060
0x0000ffffc3553330:   0000000000000050 0000000000000024
0x0000ffffc3553340:   0000000000000025 0000ffff89a3b1d4
0x0000ffffc3553350:   0000000000000000 0000000000013000
0x0000ffffc3553360:   0000000000012d98 0000000000012d98
0x0000ffffc3553370:   0000000000000000 0000000000000005
0x0000ffffc3553380:   0000000000022000 0000000000024000
0x0000ffffc3553390:   00000000000231a0 0000000000023458
0x0000ffffc35533a0:   0000000000012000 0000005b00000003
0x0000ffffc35533b0:   0000ffff89974a98 76ab925ef7e7a200
0x0000ffffc35533c0:   000000000000000c 0000000000000000
0x0000ffffc35533d0:   000003e90001ca5c 0000000000000000
0x0000ffffc35533e0:   0000000000000000 0000000000000000
0x0000ffffc35533f0:   0000000000000000 0000000000000000
0x0000ffffc3553400:   0000000000000000 0000000000000000
0x0000ffffc3553410:   0000000000000000 0000000000000000
0x0000ffffc3553420:   0000000000000000 0000000000000000
0x0000ffffc3553430:   0000000000000000 0000000000000000
0x0000ffffc3553440:   0000000000000000 0000000000000000
0x0000ffffc3553450:   0000000000000000 0000000000000000
0x0000ffffc3553460:   0000000000000000 0000000000000000
0x0000ffffc3553470:   0000ffff8955b9e2 0000ffff89a2a010
0x0000ffffc3553480:   0000ffffc3553b10 0000ffff89a2a060
0x0000ffffc3553490:   0000000000000050 0000000000000000
0x0000ffffc35534a0:   0000ffffc3553620 0000ffff89a107c0
0x0000ffffc35534b0:   0000ffff88931d97 0000000000000000
0x0000ffffc35534c0:   0000ffffc3553ac0 0000ffff898730a8
0x0000ffffc35534d0:   0000ffffc3553c28 000000000000003f 

Instructions: (pc=0x0000ffff8933af4c)
0x0000ffff8933af2c:   1f 1c 00 72 e0 00 00 54 41 d0 3b d5 e0 21 00 b0
0x0000ffff8933af3c:   02 c4 43 f9 00 20 1e 91 40 00 3f d6 21 68 60 f8
0x0000ffff8933af4c:   37 c4 40 f9 e1 aa 40 b9 3f 04 00 71 a0 01 00 54
0x0000ffff8933af5c:   73 ca 46 f9 98 02 00 b9 e0 6f 40 f9 61 02 40 f9 

Register to memory mapping:

R0=0x00000000000000e0
R1=0x0000000000000000
R2=0x0000ffff89a1da64
R3=0x0000000000000000
R4=0x0000000000000000
R5=0x0000ffff89a396b0
R6=0x0000ffff887ee2b0
R7=0x0000000000000000
R8=0x0000000000000062
R9=0x0000000000000000
R10=0x0000000000000000
R11=0x0000000000000010
R12=0x0000ffff899d7f00
R13=0x0000000000000000
R14=0x0000000000000000
R15=0x0000000000000140
R16=0x0000ffff897772e0
R17=0x0000ffff899ec568
R18=0x0000000000000000
R19=0x0000ffff89775000
R20=0x0000ffff89a2a030
R21=0x0000ffffc3553440
R22=0x0000ffffc35533c0
R23=0x0000000000000000
R24=0x0000000000000000
R25=0x0000ffff89a29910
R26=0x0000000000000001
R27=0x0000ffffc3554698
R28=0x0000ffffc35548e0
R29=0x0000ffffc35532e0
R30=0x0000ffff8933af48


Stack: [0x0000ffffc335b000,0x0000ffffc355b000],  sp=0x0000ffffc35532e0,  free space=2016k
Native frames: (J=compiled Java code, j=interpreted, Vv=VM code, C=native code)
V  [libjvm.so+0x897f4c]
C  [linux-vdso.so.1+0x78c]  __kernel_rt_sigreturn+0x0
C  [libpthread.so.0+0x892c]  __pthread_clockjoin_ex+0x214
C  [libjli.so+0x7e80]
C  [libjli.so+0x484c]
C  [libjli.so+0x59c0]  JLI_Launch+0x1020
C  [java+0x798]
C  [libc.so.6+0x20e10]  __libc_start_main+0xe8


---------------  P R O C E S S  ---------------

VM state:not at safepoint (normal execution)

VM Mutex/Monitor currently owned by a thread: None

heap address: 0x00000002c0000000, size: 20480 MB, Compressed Oops mode: Zero based, Oop shift amount: 3
Narrow klass base: 0x0000000800000000, Narrow klass shift: 0
Compressed class space size: 1073741824 Address: 0x0000000800000000

Heap:
 PSYoungGen      total 2577408K, used 1212904K [0x0000000615580000, 0x00000006c1300000, 0x00000007c0000000)
  eden space 2386432K, 49% used [0x0000000615580000,0x000000065dc621e8,0x00000006a7000000)
  from space 190976K, 13% used [0x00000006b5880000,0x00000006b7218000,0x00000006c1300000)
  to   space 214528K, 0% used [0x00000006a7000000,0x00000006a7000000,0x00000006b4180000)
 ParOldGen       total 12299264K, used 3473549K [0x00000002c0000000, 0x00000005aeb00000, 0x0000000615580000)
  object space 12299264K, 28% used [0x00000002c0000000,0x0000000394023580,0x00000005aeb00000)
 Metaspace       used 256707K, capacity 261827K, committed 261912K, reserved 1269760K
  class space    used 39654K, capacity 41224K, committed 41240K, reserved 1048576K

Card table byte_map: [0x0000ffff797ff000,0x0000ffff7c000000] byte_map_base: 0x0000ffff781ff000

Marking Bits: (ParMarkBitMap*) 0x0000ffff897e8178
 Begin Bits: [0x0000ffff38000000, 0x0000ffff4c000000)
 End Bits:   [0x0000ffff4c000000, 0x0000ffff60000000)

Polling page: 0x0000ffff89a33000

CodeCache: size=131072Kb used=62451Kb max_used=91805Kb free=68620Kb
 bounds [0x0000ffff7c000000, 0x0000ffff81ac0000, 0x0000ffff84000000]
 total_blobs=15814 nmethods=14175 adapters=1548
 compilation: enabled

Compilation events (10 events):
Event: 13077.481 Thread 0x0000ffff8418a000 49627       1       net.minecraftforge.common.config.Property::setName (6 bytes)
Event: 13077.482 Thread 0x0000ffff8418a000 nmethod 49627 0x0000ffff8035ed10 code [0x0000ffff8035ee40, 0x0000ffff8035ef10]
Event: 13077.485 Thread 0x0000ffff84188800 nmethod 49626 0x0000ffff81151d50 code [0x0000ffff81151ec0, 0x0000ffff81152010]
Event: 13077.485 Thread 0x0000ffff84188800 49625       4       java.lang.String::valueOf (5 bytes)
Event: 13077.485 Thread 0x0000ffff8418a000 49629       2       sun.misc.FDBigInteger::leftShift (395 bytes)
Event: 13077.487 Thread 0x0000ffff8418a000 nmethod 49629 0x0000ffff8057cd50 code [0x0000ffff8057cf40, 0x0000ffff8057d898]
Event: 13077.488 Thread 0x0000ffff84188800 nmethod 49625 0x0000ffff803ff6d0 code [0x0000ffff803ff840, 0x0000ffff803ff8a8]
Event: 13077.537 Thread 0x0000ffff8418a000 49630       3       toast.specialMobs.entity.skeleton.Entity_SpecialSkeleton::setChild (76 bytes)
Event: 13077.539 Thread 0x0000ffff8418a000 nmethod 49630 0x0000ffff80b54fd0 code [0x0000ffff80b55300, 0x0000ffff80b562b8]
Event: 13078.180 Thread 0x0000ffff84185800 nmethod 49628 0x0000ffff7e9d89d0 code [0x0000ffff7e9d9580, 0x0000ffff7e9e1458]

GC Heap History (10 events):
Event: 12456.406 GC heap before
{Heap before GC invocations=321 (full 5):
 PSYoungGen      total 2616832K, used 2516800K [0x0000000615580000, 0x00000006c0000000, 0x00000007c0000000)
  eden space 2444800K, 100% used [0x0000000615580000,0x00000006aa900000,0x00000006aa900000)
  from space 172032K, 41% used [0x00000006aa900000,0x00000006aef50020,0x00000006b5100000)
  to   space 165376K, 0% used [0x00000006b5e80000,0x00000006b5e80000,0x00000006c0000000)
 ParOldGen       total 12299264K, used 3373052K [0x00000002c0000000, 0x00000005aeb00000, 0x0000000615580000)
  object space 12299264K, 27% used [0x00000002c0000000,0x000000038ddff1f0,0x00000005aeb00000)
 Metaspace       used 256687K, capacity 261815K, committed 261912K, reserved 1269760K
  class space    used 39653K, capacity 41222K, committed 41240K, reserved 1048576K
Event: 12456.460 GC heap after
Heap after GC invocations=321 (full 5):
 PSYoungGen      total 2636288K, used 67680K [0x0000000615580000, 0x00000006c0000000, 0x00000007c0000000)
  eden space 2470912K, 0% used [0x0000000615580000,0x0000000615580000,0x00000006ac280000)
  from space 165376K, 40% used [0x00000006b5e80000,0x00000006ba098020,0x00000006c0000000)
  to   space 159744K, 0% used [0x00000006ac280000,0x00000006ac280000,0x00000006b5e80000)
 ParOldGen       total 12299264K, used 3373217K [0x00000002c0000000, 0x00000005aeb00000, 0x0000000615580000)
  object space 12299264K, 27% used [0x00000002c0000000,0x000000038de28770,0x00000005aeb00000)
 Metaspace       used 256687K, capacity 261815K, committed 261912K, reserved 1269760K
  class space    used 39653K, capacity 41222K, committed 41240K, reserved 1048576K
}
Event: 12533.699 GC heap before
{Heap before GC invocations=322 (full 5):
 PSYoungGen      total 2636288K, used 2538592K [0x0000000615580000, 0x00000006c0000000, 0x00000007c0000000)
  eden space 2470912K, 100% used [0x0000000615580000,0x00000006ac280000,0x00000006ac280000)
  from space 165376K, 40% used [0x00000006b5e80000,0x00000006ba098020,0x00000006c0000000)
  to   space 159744K, 0% used [0x00000006ac280000,0x00000006ac280000,0x00000006b5e80000)
 ParOldGen       total 12299264K, used 3373217K [0x00000002c0000000, 0x00000005aeb00000, 0x0000000615580000)
  object space 12299264K, 27% used [0x00000002c0000000,0x000000038de28770,0x00000005aeb00000)
 Metaspace       used 256689K, capacity 261815K, committed 261912K, reserved 1269760K
  class space    used 39653K, capacity 41222K, committed 41240K, reserved 1048576K
Event: 12533.849 GC heap after
Heap after GC invocations=322 (full 5):
 PSYoungGen      total 2609152K, used 159744K [0x0000000615580000, 0x00000006c5780000, 0x00000007c0000000)
  eden space 2449408K, 0% used [0x0000000615580000,0x0000000615580000,0x00000006aad80000)
  from space 159744K, 100% used [0x00000006ac280000,0x00000006b5e80000,0x00000006b5e80000)
  to   space 218112K, 0% used [0x00000006b8280000,0x00000006b8280000,0x00000006c5780000)
 ParOldGen       total 12299264K, used 3473181K [0x00000002c0000000, 0x00000005aeb00000, 0x0000000615580000)
  object space 12299264K, 28% used [0x00000002c0000000,0x0000000393fc7580,0x00000005aeb00000)
 Metaspace       used 256689K, capacity 261815K, committed 261912K, reserved 1269760K
  class space    used 39653K, capacity 41222K, committed 41240K, reserved 1048576K
}
Event: 12675.731 GC heap before
{Heap before GC invocations=323 (full 5):
 PSYoungGen      total 2609152K, used 2609152K [0x0000000615580000, 0x00000006c5780000, 0x00000007c0000000)
  eden space 2449408K, 100% used [0x0000000615580000,0x00000006aad80000,0x00000006aad80000)
  from space 159744K, 100% used [0x00000006ac280000,0x00000006b5e80000,0x00000006b5e80000)
  to   space 218112K, 0% used [0x00000006b8280000,0x00000006b8280000,0x00000006c5780000)
 ParOldGen       total 12299264K, used 3473181K [0x00000002c0000000, 0x00000005aeb00000, 0x0000000615580000)
  object space 12299264K, 28% used [0x00000002c0000000,0x0000000393fc7580,0x00000005aeb00000)
 Metaspace       used 256690K, capacity 261815K, committed 261912K, reserved 1269760K
  class space    used 39653K, capacity 41222K, committed 41240K, reserved 1048576K
Event: 12675.771 GC heap after
Heap after GC invocations=323 (full 5):
 PSYoungGen      total 2627584K, used 21280K [0x0000000615580000, 0x00000006c4580000, 0x00000007c0000000)
  eden space 2427904K, 0% used [0x0000000615580000,0x0000000615580000,0x00000006a9880000)
  from space 199680K, 10% used [0x00000006b8280000,0x00000006b9748000,0x00000006c4580000)
  to   space 219648K, 0% used [0x00000006a9880000,0x00000006a9880000,0x00000006b6f00000)
 ParOldGen       total 12299264K, used 3473365K [0x00000002c0000000, 0x00000005aeb00000, 0x0000000615580000)
  object space 12299264K, 28% used [0x00000002c0000000,0x0000000393ff5580,0x00000005aeb00000)
 Metaspace       used 256690K, capacity 261815K, committed 261912K, reserved 1269760K
  class space    used 39653K, capacity 41222K, committed 41240K, reserved 1048576K
}
Event: 12844.768 GC heap before
{Heap before GC invocations=324 (full 5):
 PSYoungGen      total 2627584K, used 2449184K [0x0000000615580000, 0x00000006c4580000, 0x00000007c0000000)
  eden space 2427904K, 100% used [0x0000000615580000,0x00000006a9880000,0x00000006a9880000)
  from space 199680K, 10% used [0x00000006b8280000,0x00000006b9748000,0x00000006c4580000)
  to   space 219648K, 0% used [0x00000006a9880000,0x00000006a9880000,0x00000006b6f00000)
 ParOldGen       total 12299264K, used 3473365K [0x00000002c0000000, 0x00000005aeb00000, 0x0000000615580000)
  object space 12299264K, 28% used [0x00000002c0000000,0x0000000393ff5580,0x00000005aeb00000)
 Metaspace       used 256699K, capacity 261821K, committed 261912K, reserved 1269760K
  class space    used 39653K, capacity 41223K, committed 41240K, reserved 1048576K
Event: 12844.810 GC heap after
Heap after GC invocations=324 (full 5):
 PSYoungGen      total 2434048K, used 27088K [0x0000000615580000, 0x00000006c2d00000, 0x00000007c0000000)
  eden space 2406912K, 0% used [0x0000000615580000,0x0000000615580000,0x00000006a8400000)
  from space 27136K, 99% used [0x00000006a9880000,0x00000006ab2f4010,0x00000006ab300000)
  to   space 217600K, 0% used [0x00000006b5880000,0x00000006b5880000,0x00000006c2d00000)
 ParOldGen       total 12299264K, used 3473365K [0x00000002c0000000, 0x00000005aeb00000, 0x0000000615580000)
  object space 12299264K, 28% used [0x00000002c0000000,0x0000000393ff5580,0x00000005aeb00000)
 Metaspace       used 256699K, capacity 261821K, committed 261912K, reserved 1269760K
  class space    used 39653K, capacity 41223K, committed 41240K, reserved 1048576K
}
Event: 13004.067 GC heap before
{Heap before GC invocations=325 (full 5):
 PSYoungGen      total 2434048K, used 2434000K [0x0000000615580000, 0x00000006c2d00000, 0x00000007c0000000)
  eden space 2406912K, 100% used [0x0000000615580000,0x00000006a8400000,0x00000006a8400000)
  from space 27136K, 99% used [0x00000006a9880000,0x00000006ab2f4010,0x00000006ab300000)
  to   space 217600K, 0% used [0x00000006b5880000,0x00000006b5880000,0x00000006c2d00000)
 ParOldGen       total 12299264K, used 3473365K [0x00000002c0000000, 0x00000005aeb00000, 0x0000000615580000)
  object space 12299264K, 28% used [0x00000002c0000000,0x0000000393ff5580,0x00000005aeb00000)
 Metaspace       used 256707K, capacity 261827K, committed 261912K, reserved 1269760K
  class space    used 39654K, capacity 41224K, committed 41240K, reserved 1048576K
Event: 13004.109 GC heap after
Heap after GC invocations=325 (full 5):
 PSYoungGen      total 2577408K, used 26208K [0x0000000615580000, 0x00000006c1300000, 0x00000007c0000000)
  eden space 2386432K, 0% used [0x0000000615580000,0x0000000615580000,0x00000006a7000000)
  from space 190976K, 13% used [0x00000006b5880000,0x00000006b7218000,0x00000006c1300000)
  to   space 214528K, 0% used [0x00000006a7000000,0x00000006a7000000,0x00000006b4180000)
 ParOldGen       total 12299264K, used 3473549K [0x00000002c0000000, 0x00000005aeb00000, 0x0000000615580000)
  object space 12299264K, 28% used [0x00000002c0000000,0x0000000394023580,0x00000005aeb00000)
 Metaspace       used 256707K, capacity 261827K, committed 261912K, reserved 1269760K
  class space    used 39654K, capacity 41224K, committed 41240K, reserved 1048576K
}

Deoptimization events (10 events):
Event: 11997.168 Thread 0x0000ffff85adf800 Uncommon trap: reason=unstable_if action=reinterpret pc=0x0000ffff7f43dc24 method=toast.specialMobs.EventHandler.onLivingHurt(Lnet/minecraftforge/event/entity/living/LivingHurtEvent;)V @ 225
Event: 12147.816 Thread 0x0000ffff85adf800 Uncommon trap: reason=unstable_if action=reinterpret pc=0x0000ffff80fc0318 method=com.dreammaster.modhazardousitems.HazardousItems.FindHazardousItem(Lnet/minecraft/item/ItemStack;)Lcom/dreammaster/modhazardousitems/HazardousItems$HazardousItem; @ 50
Event: 12147.833 Thread 0x0000ffff85adf800 Uncommon trap: reason=uninitialized action=reinterpret pc=0x0000ffff803894b0 method=com.dreammaster.baubles.OvenGlove$EventHandler.onDamage(Lnet/minecraftforge/event/entity/living/LivingAttackEvent;)V @ 42
Event: 12147.833 Thread 0x0000ffff85adf800 Uncommon trap: reason=uninitialized action=reinterpret pc=0x0000ffff7c557d80 method=com.dreammaster.baubles.OvenGlove$EventHandler.onDamage(Lnet/minecraftforge/event/entity/living/LivingAttackEvent;)V @ 42
Event: 12154.196 Thread 0x0000ffff85adf800 Uncommon trap: reason=unstable_if action=reinterpret pc=0x0000ffff7e15a048 method=java.util.concurrent.ConcurrentLinkedQueue.offer(Ljava/lang/Object;)Z @ 72
Event: 12212.506 Thread 0x0000ffff85adf800 Uncommon trap: reason=bimorphic action=maybe_recompile pc=0x0000ffff7efa4b94 method=net.minecraft.entity.monster.EntityEnderman.func_70636_d()V @ 349
Event: 12530.193 Thread 0x0000ffff85adf800 Uncommon trap: reason=class_check action=maybe_recompile pc=0x0000ffff817f55e0 method=serverutils.ranks.ServerUtilitiesPermissionHandler.hasPermission(Lcom/mojang/authlib/GameProfile;Ljava/lang/String;Lserverutils/lib/util/permission/context/IContext;)Z @
Event: 12570.825 Thread 0x0000ffff85adf800 Uncommon trap: reason=class_check action=maybe_recompile pc=0x0000ffff817f55e0 method=serverutils.ranks.ServerUtilitiesPermissionHandler.hasPermission(Lcom/mojang/authlib/GameProfile;Ljava/lang/String;Lserverutils/lib/util/permission/context/IContext;)Z @
Event: 12630.875 Thread 0x0000ffff85adf800 Uncommon trap: reason=class_check action=maybe_recompile pc=0x0000ffff817f55e0 method=serverutils.ranks.ServerUtilitiesPermissionHandler.hasPermission(Lcom/mojang/authlib/GameProfile;Ljava/lang/String;Lserverutils/lib/util/permission/context/IContext;)Z @
Event: 12690.925 Thread 0x0000ffff85adf800 Uncommon trap: reason=class_check action=maybe_recompile pc=0x0000ffff817f55e0 method=serverutils.ranks.ServerUtilitiesPermissionHandler.hasPermission(Lcom/mojang/authlib/GameProfile;Ljava/lang/String;Lserverutils/lib/util/permission/context/IContext;)Z @

Classes redefined (0 events):
No events

Internal exceptions (10 events):
Event: 11909.996 Thread 0x0000ffff85adf800 Exception <a 'java/lang/NoClassDefFoundError': net/minecraft/util/com/google/gson/Gson> (0x0000000698532c68) thrown at [/build/openjdk-8-wHmRtD/openjdk-8-8u402-ga/src/hotspot/src/share/vm/oops/constantPool.cpp, line 606]
Event: 11910.308 Thread 0x0000fffef8073000 Exception <a 'java/lang/NoClassDefFoundError': net/minecraft/util/com/google/gson/Gson> (0x000000069ce944f8) thrown at [/build/openjdk-8-wHmRtD/openjdk-8-8u402-ga/src/hotspot/src/share/vm/oops/constantPool.cpp, line 606]
Event: 12054.632 Thread 0x0000ffff85adf800 Exception <a 'java/lang/NoClassDefFoundError': net/minecraft/util/com/google/gson/Gson> (0x00000006172be3c0) thrown at [/build/openjdk-8-wHmRtD/openjdk-8-8u402-ga/src/hotspot/src/share/vm/oops/constantPool.cpp, line 606]
Event: 12054.635 Thread 0x0000ffff85adf800 Exception <a 'java/lang/NoClassDefFoundError': net/minecraft/util/com/google/gson/Gson> (0x00000006172c9688) thrown at [/build/openjdk-8-wHmRtD/openjdk-8-8u402-ga/src/hotspot/src/share/vm/oops/constantPool.cpp, line 606]
Event: 12054.763 Thread 0x0000ffff85adf800 Exception <a 'java/lang/NoClassDefFoundError': net/minecraft/util/com/google/gson/Gson> (0x0000000619ff9190) thrown at [/build/openjdk-8-wHmRtD/openjdk-8-8u402-ga/src/hotspot/src/share/vm/oops/constantPool.cpp, line 606]
Event: 12055.139 Thread 0x0000fffeffd05800 Exception <a 'java/lang/NoClassDefFoundError': net/minecraft/util/com/google/gson/Gson> (0x0000000620760f40) thrown at [/build/openjdk-8-wHmRtD/openjdk-8-8u402-ga/src/hotspot/src/share/vm/oops/constantPool.cpp, line 606]
Event: 12809.948 Thread 0x0000ffff86125800 Exception <a 'java/net/UnknownHostException'> (0x000000068e9cf580) thrown at [/build/openjdk-8-wHmRtD/openjdk-8-8u402-ga/src/hotspot/src/share/vm/prims/jni.cpp, line 709]
Event: 12809.948 Thread 0x0000ffff86125800 Exception <a 'java/security/PrivilegedActionException'> (0x000000068e9cf7c8) thrown at [/build/openjdk-8-wHmRtD/openjdk-8-8u402-ga/src/hotspot/src/share/vm/prims/jvm.cpp, line 1512]
Event: 12809.949 Thread 0x0000ffff86125800 Exception <a 'java/security/PrivilegedActionException'> (0x000000068e9e4210) thrown at [/build/openjdk-8-wHmRtD/openjdk-8-8u402-ga/src/hotspot/src/share/vm/prims/jvm.cpp, line 1512]
Event: 12809.949 Thread 0x0000ffff86125800 Exception <a 'java/security/PrivilegedActionException'> (0x000000068e9e4420) thrown at [/build/openjdk-8-wHmRtD/openjdk-8-8u402-ga/src/hotspot/src/share/vm/prims/jvm.cpp, line 1512]

Events (10 events):
Event: 12990.521 Executing VM operation: RevokeBias
Event: 12990.522 Executing VM operation: RevokeBias done
Event: 12990.522 Thread 0x0000fffef94a5800 Thread exited: 0x0000fffef94a5800
Event: 13004.067 Executing VM operation: ParallelGCFailedAllocation
Event: 13004.109 Executing VM operation: ParallelGCFailedAllocation done
Event: 13031.522 Thread 0x0000fffef94a5800 Thread added: 0x0000fffef94a5800
Event: 13035.523 Executing VM operation: RevokeBias
Event: 13035.523 Executing VM operation: RevokeBias done
Event: 13035.523 Thread 0x0000fffef94a5800 Thread exited: 0x0000fffef94a5800
Event: 13076.553 Thread 0x0000fffef94a5800 Thread added: 0x0000fffef94a5800


Dynamic libraries:
2c0000000-5aeb00000 rw-p 00000000 00:00 0 
5aeb00000-615580000 ---p 00000000 00:00 0 
615580000-6c1300000 rw-p 00000000 00:00 0 
6c1300000-7c0000000 ---p 00000000 00:00 0 
800000000-802846000 rw-p 00000000 00:00 0 
802846000-840000000 ---p 00000000 00:00 0 
aaaae71a0000-aaaae71a1000 r-xp 00000000 08:01 2075734                    /usr/lib/jvm/java-8-openjdk-arm64/jre/bin/java
aaaae71b0000-aaaae71b1000 r--p 00000000 08:01 2075734                    /usr/lib/jvm/java-8-openjdk-arm64/jre/bin/java
aaaae71b1000-aaaae71b2000 rw-p 00001000 08:01 2075734                    /usr/lib/jvm/java-8-openjdk-arm64/jre/bin/java
aaab0304a000-aaab03092000 rw-p 00000000 00:00 0                          [heap]
fffeacb00000-fffeacc80000 rw-p 00000000 00:00 0 
fffeacc80000-fffeacd00000 ---p 00000000 00:00 0 
fffeb4000000-fffeb6467000 rw-p 00000000 00:00 0 
fffeb6467000-fffeb8000000 ---p 00000000 00:00 0 
fffeb88c5000-fffeb89c5000 rw-s 00000000 08:01 1852523                    /home/ubuntu/gtnh_server/World/AE2/compass/0_-1024_-1024.dat
fffeb8dc5000-fffeb8fc5000 rw-p 00000000 00:00 0 
fffeb8fc5000-fffeb91c5000 rw-p 00000000 00:00 0 
fffeb91c5000-fffeb91c8000 ---p 00000000 00:00 0 
fffeb91c8000-fffeb93c5000 rw-p 00000000 00:00 0 
fffeb93c5000-fffeb93c8000 ---p 00000000 00:00 0 
fffeb93c8000-fffeb95c5000 rw-p 00000000 00:00 0 
fffeb95c5000-fffeb95c8000 ---p 00000000 00:00 0 
fffeb95c8000-fffeb97c5000 rw-p 00000000 00:00 0 
fffeb97c5000-fffeb97c8000 ---p 00000000 00:00 0 
fffeb97c8000-fffeb9bc5000 rw-p 00000000 00:00 0 
fffeb9bc5000-fffeb9dc5000 rw-p 00000000 00:00 0 
fffeb9dc5000-fffeb9dc8000 ---p 00000000 00:00 0 
fffeb9dc8000-fffeb9fc5000 rw-p 00000000 00:00 0 
fffeb9fc5000-fffeb9fc8000 ---p 00000000 00:00 0 
fffeb9fc8000-fffeba3c5000 rw-p 00000000 00:00 0 
fffeba3c5000-fffeba3c8000 ---p 00000000 00:00 0 
fffeba3c8000-fffeba7c5000 rw-p 00000000 00:00 0 
fffeba7c5000-fffeba7c8000 ---p 00000000 00:00 0 
fffeba7c8000-fffeba9c5000 rw-p 00000000 00:00 0 
fffeba9c5000-fffeba9ec000 r-xp 00000000 08:01 2075776                    /usr/lib/jvm/java-8-openjdk-arm64/jre/lib/aarch64/libsunec.so
fffeba9ec000-fffeba9fc000 ---p 00027000 08:01 2075776                    /usr/lib/jvm/java-8-openjdk-arm64/jre/lib/aarch64/libsunec.so
fffeba9fc000-fffeba9ff000 r--p 00027000 08:01 2075776                    /usr/lib/jvm/java-8-openjdk-arm64/jre/lib/aarch64/libsunec.so
fffeba9ff000-fffebaa00000 rw-p 0002a000 08:01 2075776                    /usr/lib/jvm/java-8-openjdk-arm64/jre/lib/aarch64/libsunec.so
fffebaa00000-fffebaa03000 ---p 00000000 00:00 0 
fffebaa03000-fffebac00000 rw-p 00000000 00:00 0 
fffebac00000-fffebac03000 ---p 00000000 00:00 0 
fffebac03000-fffebae00000 rw-p 00000000 00:00 0 
fffebae00000-fffebae03000 ---p 00000000 00:00 0 
fffebae03000-fffebb000000 rw-p 00000000 00:00 0 
fffebb000000-fffebb003000 ---p 00000000 00:00 0 
fffebb003000-fffebb200000 rw-p 00000000 00:00 0 
fffebb200000-fffebb203000 ---p 00000000 00:00 0 
fffebb203000-fffebb400000 rw-p 00000000 00:00 0 
fffebb400000-fffebb403000 ---p 00000000 00:00 0 
fffebb403000-fffebb800000 rw-p 00000000 00:00 0 
fffebb800000-fffebb803000 ---p 00000000 00:00 0 
fffebb803000-fffebba00000 rw-p 00000000 00:00 0 
fffebba00000-fffebba03000 ---p 00000000 00:00 0 
fffebba03000-fffebbc00000 rw-p 00000000 00:00 0 
fffebbc00000-fffebbc03000 ---p 00000000 00:00 0 
fffebbc03000-fffebc000000 rw-p 00000000 00:00 0 
fffebc000000-fffebc021000 rw-p 00000000 00:00 0 
fffebc021000-fffec0000000 ---p 00000000 00:00 0 
fffec0000000-fffec0003000 ---p 00000000 00:00 0 
fffec0003000-fffec0200000 rw-p 00000000 00:00 0 
fffec0200000-fffec0203000 ---p 00000000 00:00 0 
fffec0203000-fffec0600000 rw-p 00000000 00:00 0 
fffec0600000-fffec0603000 ---p 00000000 00:00 0 
fffec0603000-fffec0800000 rw-p 00000000 00:00 0 
fffec0800000-fffec0803000 ---p 00000000 00:00 0 
fffec0803000-fffec0c00000 rw-p 00000000 00:00 0 
fffec0c00000-fffec0e00000 rw-p 00000000 00:00 0 
fffec0e00000-fffec0e03000 ---p 00000000 00:00 0 
fffec0e03000-fffec1200000 rw-p 00000000 00:00 0 
fffec1200000-fffec1400000 rw-p 00000000 00:00 0 
fffec1400000-fffec1600000 rw-p 00000000 00:00 0 
fffec1600000-fffec1800000 rw-p 00000000 00:00 0 
fffec1800000-fffec1803000 ---p 00000000 00:00 0 
fffec1803000-fffec1a00000 rw-p 00000000 00:00 0 
fffec1a00000-fffec1a03000 ---p 00000000 00:00 0 
fffec1a03000-fffec1c00000 rw-p 00000000 00:00 0 
fffec1c00000-fffec1c03000 ---p 00000000 00:00 0 
fffec1c03000-fffec2000000 rw-p 00000000 00:00 0 
fffec2000000-fffec2003000 ---p 00000000 00:00 0 
fffec2003000-fffec2400000 rw-p 00000000 00:00 0 
fffec2400000-fffec2600000 rw-p 00000000 00:00 0 
fffec2600000-fffec2800000 rw-p 00000000 00:00 0 
fffec2800000-fffec2a00000 rw-p 00000000 00:00 0 
fffec2a00000-fffec2c00000 rw-p 00000000 00:00 0 
fffec2c00000-fffec2c03000 ---p 00000000 00:00 0 
fffec2c03000-fffec3000000 rw-p 00000000 00:00 0 
fffec3000000-fffec3003000 ---p 00000000 00:00 0 
fffec3003000-fffec3400000 rw-p 00000000 00:00 0 
fffec3400000-fffec3600000 rw-p 00000000 00:00 0 
fffec3600000-fffec3603000 ---p 00000000 00:00 0 
fffec3603000-fffec3800000 rw-p 00000000 00:00 0 
fffec3800000-fffec3803000 ---p 00000000 00:00 0 
fffec3803000-fffec3a00000 rw-p 00000000 00:00 0 
fffec3a00000-fffec3a03000 ---p 00000000 00:00 0 
fffec3a03000-fffec3c00000 rw-p 00000000 00:00 0 
fffec3c00000-fffec3c03000 ---p 00000000 00:00 0 
fffec3c03000-fffec4000000 rw-p 00000000 00:00 0 
fffec4000000-fffec4021000 rw-p 00000000 00:00 0 
fffec4021000-fffec8000000 ---p 00000000 00:00 0 
fffec8000000-fffec8021000 rw-p 00000000 00:00 0 
fffec8021000-fffecc000000 ---p 00000000 00:00 0 
fffecc000000-fffecc021000 rw-p 00000000 00:00 0 
fffecc021000-fffed0000000 ---p 00000000 00:00 0 
fffed0000000-fffed0021000 rw-p 00000000 00:00 0 
fffed0021000-fffed4000000 ---p 00000000 00:00 0 
fffed4000000-fffed4021000 rw-p 00000000 00:00 0 
fffed4021000-fffed8000000 ---p 00000000 00:00 0 
fffed8000000-fffed8112000 rw-p 00000000 00:00 0 
fffed8112000-fffedc000000 ---p 00000000 00:00 0 
fffedc02d000-fffedc06c000 r-xp 00000000 08:01 4804                       /usr/lib/aarch64-linux-gnu/libjpeg.so.8.2.2
fffedc06c000-fffedc07b000 ---p 0003f000 08:01 4804                       /usr/lib/aarch64-linux-gnu/libjpeg.so.8.2.2
fffedc07b000-fffedc07c000 r--p 0003e000 08:01 4804                       /usr/lib/aarch64-linux-gnu/libjpeg.so.8.2.2
fffedc07c000-fffedc07d000 rw-p 0003f000 08:01 4804                       /usr/lib/aarch64-linux-gnu/libjpeg.so.8.2.2
fffedc07d000-fffedc087000 r-xp 00000000 08:01 2075762                    /usr/lib/jvm/java-8-openjdk-arm64/jre/lib/aarch64/libjavajpeg.so
fffedc087000-fffedc096000 ---p 0000a000 08:01 2075762                    /usr/lib/jvm/java-8-openjdk-arm64/jre/lib/aarch64/libjavajpeg.so
fffedc096000-fffedc097000 r--p 00009000 08:01 2075762                    /usr/lib/jvm/java-8-openjdk-arm64/jre/lib/aarch64/libjavajpeg.so
fffedc097000-fffedc098000 rw-p 0000a000 08:01 2075762                    /usr/lib/jvm/java-8-openjdk-arm64/jre/lib/aarch64/libjavajpeg.so
fffedc098000-fffedc09b000 ---p 00000000 00:00 0 
fffedc09b000-fffedc298000 rw-p 00000000 00:00 0 
fffedc298000-fffedc29b000 ---p 00000000 00:00 0 
fffedc29b000-fffedc498000 rw-p 00000000 00:00 0 
fffedc498000-fffedc49b000 ---p 00000000 00:00 0 
fffedc49b000-fffedc698000 rw-p 00000000 00:00 0 
fffedc698000-fffedc69b000 ---p 00000000 00:00 0 
fffedc69b000-fffedca98000 rw-p 00000000 00:00 0 
fffedca98000-fffedcc98000 rw-p 00000000 00:00 0 
fffedcc98000-fffedce98000 rw-p 00000000 00:00 0 
fffedce98000-fffedd098000 rw-p 00000000 00:00 0 
fffedd098000-fffedd298000 rw-p 00000000 00:00 0 
fffedd298000-fffedd498000 rw-p 00000000 00:00 0 
fffedd498000-fffedd698000 rw-p 00000000 00:00 0 
fffedd698000-fffedd898000 rw-p 00000000 00:00 0 
fffedd898000-fffedda98000 rw-p 00000000 00:00 0 
fffedda98000-fffeddc98000 rw-p 00000000 00:00 0 
fffeddc98000-fffeddc9b000 ---p 00000000 00:00 0 
fffeddc9b000-fffede098000 rw-p 00000000 00:00 0 
fffede098000-fffede298000 rw-p 00000000 00:00 0 
fffede298000-fffede498000 rw-p 00000000 00:00 0 
fffede498000-fffede698000 rw-p 00000000 00:00 0 
fffede698000-fffede898000 rw-p 00000000 00:00 0 
fffede898000-fffedea98000 rw-p 00000000 00:00 0 
fffedea98000-fffedec98000 rw-p 00000000 00:00 0 
fffedec98000-fffedecab000 r-xp 00000000 08:01 12917                      /usr/lib/aarch64-linux-gnu/libresolv-2.31.so
fffedecab000-fffedecba000 ---p 00013000 08:01 12917                      /usr/lib/aarch64-linux-gnu/libresolv-2.31.so
fffedecba000-fffedecbb000 r--p 00012000 08:01 12917                      /usr/lib/aarch64-linux-gnu/libresolv-2.31.so
fffedecbb000-fffedecbc000 rw-p 00013000 08:01 12917                      /usr/lib/aarch64-linux-gnu/libresolv-2.31.so
fffedecbc000-fffedecbe000 rw-p 00000000 00:00 0 
fffedecbe000-fffedecc3000 r-xp 00000000 08:01 12723                      /usr/lib/aarch64-linux-gnu/libnss_dns-2.31.so
fffedecc3000-fffedecd2000 ---p 00005000 08:01 12723                      /usr/lib/aarch64-linux-gnu/libnss_dns-2.31.so
fffedecd2000-fffedecd3000 r--p 00004000 08:01 12723                      /usr/lib/aarch64-linux-gnu/libnss_dns-2.31.so
fffedecd3000-fffedecd4000 rw-p 00005000 08:01 12723                      /usr/lib/aarch64-linux-gnu/libnss_dns-2.31.so
fffedecd4000-fffedeed4000 rw-p 00000000 00:00 0 
fffedeed4000-fffedf0d4000 rw-p 00000000 00:00 0 
fffedf0d4000-fffedf2d4000 rw-p 00000000 00:00 0 
fffedf2d4000-fffedf4d4000 rw-p 00000000 00:00 0 
fffedf4d4000-fffedf6d4000 rw-p 00000000 00:00 0 
fffedf6d4000-fffedf8d4000 rw-p 00000000 00:00 0 
fffedf8d4000-fffedfad4000 rw-p 00000000 00:00 0 
fffedfad4000-fffedfae1000 r--p 00000000 08:01 1855049                    /home/ubuntu/gtnh_server/OpenComputersMod-1.9.21-GTNH-54-libjnlua54-linux-aarch64.so
fffedfae1000-fffedfaf0000 ---p 0000d000 08:01 1855049                    /home/ubuntu/gtnh_server/OpenComputersMod-1.9.21-GTNH-54-libjnlua54-linux-aarch64.so
fffedfaf0000-fffedfb4f000 r-xp 0000c000 08:01 1855049                    /home/ubuntu/gtnh_server/OpenComputersMod-1.9.21-GTNH-54-libjnlua54-linux-aarch64.so
fffedfb4f000-fffedfb5e000 ---p 0007b000 08:01 1855049                    /home/ubuntu/gtnh_server/OpenComputersMod-1.9.21-GTNH-54-libjnlua54-linux-aarch64.so
fffedfb5e000-fffedfb60000 r--p 0006a000 08:01 1855049                    /home/ubuntu/gtnh_server/OpenComputersMod-1.9.21-GTNH-54-libjnlua54-linux-aarch64.so
fffedfb60000-fffedfb6f000 ---p 0008c000 08:01 1855049                    /home/ubuntu/gtnh_server/OpenComputersMod-1.9.21-GTNH-54-libjnlua54-linux-aarch64.so
fffedfb6f000-fffedfb70000 rw-p 0006b000 08:01 1855049                    /home/ubuntu/gtnh_server/OpenComputersMod-1.9.21-GTNH-54-libjnlua54-linux-aarch64.so
fffedfb70000-fffedfb7c000 r--p 00000000 08:01 1854627                    /home/ubuntu/gtnh_server/OpenComputersMod-1.9.21-GTNH-53-libjnlua53-linux-aarch64.so
fffedfb7c000-fffedfb8b000 ---p 0000c000 08:01 1854627                    /home/ubuntu/gtnh_server/OpenComputersMod-1.9.21-GTNH-53-libjnlua53-linux-aarch64.so
fffedfb8b000-fffedfbdf000 r-xp 0000b000 08:01 1854627                    /home/ubuntu/gtnh_server/OpenComputersMod-1.9.21-GTNH-53-libjnlua53-linux-aarch64.so
fffedfbdf000-fffedfbee000 ---p 0006f000 08:01 1854627                    /home/ubuntu/gtnh_server/OpenComputersMod-1.9.21-GTNH-53-libjnlua53-linux-aarch64.so
fffedfbee000-fffedfbf0000 r--p 0005e000 08:01 1854627                    /home/ubuntu/gtnh_server/OpenComputersMod-1.9.21-GTNH-53-libjnlua53-linux-aarch64.so
fffedfbf0000-fffedfbff000 ---p 00080000 08:01 1854627                    /home/ubuntu/gtnh_server/OpenComputersMod-1.9.21-GTNH-53-libjnlua53-linux-aarch64.so
fffedfbff000-fffedfc00000 rw-p 0005f000 08:01 1854627                    /home/ubuntu/gtnh_server/OpenComputersMod-1.9.21-GTNH-53-libjnlua53-linux-aarch64.so
fffedfc00000-fffedfe00000 rw-p 00000000 00:00 0 
fffedfe00000-fffee0000000 rw-p 00000000 00:00 0 
fffee0000000-fffee0056000 rw-p 00000000 00:00 0 
fffee0056000-fffee4000000 ---p 00000000 00:00 0 
fffee4000000-fffee4021000 rw-p 00000000 00:00 0 
fffee4021000-fffee8000000 ---p 00000000 00:00 0 
fffee8000000-fffee805e000 rw-p 00000000 00:00 0 
fffee805e000-fffeec000000 ---p 00000000 00:00 0 
fffeec000000-fffeef3f1000 rw-p 00000000 00:00 0 
fffeef3f1000-fffef0000000 ---p 00000000 00:00 0 
fffef0000000-fffef0200000 rw-p 00000000 00:00 0 
fffef0200000-fffef0400000 rw-p 00000000 00:00 0 
fffef0400000-fffef0600000 rw-p 00000000 00:00 0 
fffef0600000-fffef0800000 rw-p 00000000 00:00 0 
fffef0800000-fffef0a00000 rw-p 00000000 00:00 0 
fffef0a00000-fffef0c00000 rw-p 00000000 00:00 0 
fffef0c00000-fffef0c03000 ---p 00000000 00:00 0 
fffef0c03000-fffef0e00000 rw-p 00000000 00:00 0 
fffef0e00000-fffef0e03000 ---p 00000000 00:00 0 
fffef0e03000-fffef1200000 rw-p 00000000 00:00 0 
fffef1200000-fffef1400000 rw-p 00000000 00:00 0 
fffef1400000-fffef1600000 rw-p 00000000 00:00 0 
fffef1600000-fffef1800000 rw-p 00000000 00:00 0 
fffef1800000-fffef1a00000 rw-p 00000000 00:00 0 
fffef1a00000-fffef1c00000 rw-p 00000000 00:00 0 
fffef1c00000-fffef1e00000 rw-p 00000000 00:00 0 
fffef1e00000-fffef2000000 rw-p 00000000 00:00 0 
fffef2000000-fffef2200000 rw-p 00000000 00:00 0 
fffef2200000-fffef2400000 rw-p 00000000 00:00 0 
fffef2400000-fffef2600000 rw-p 00000000 00:00 0 
fffef2600000-fffef2800000 rw-p 00000000 00:00 0 
fffef2800000-fffef2a00000 rw-p 00000000 00:00 0 
fffef2a00000-fffef2c00000 rw-p 00000000 00:00 0 
fffef2c00000-fffef2e00000 rw-p 00000000 00:00 0 
fffef2e00000-fffef3000000 rw-p 00000000 00:00 0 
fffef3000000-fffef3200000 rw-p 00000000 00:00 0 
fffef3200000-fffef3400000 rw-p 00000000 00:00 0 
fffef3400000-fffef3403000 ---p 00000000 00:00 0 
fffef3403000-fffef3800000 rw-p 00000000 00:00 0 
fffef3800000-fffef3a00000 rw-p 00000000 00:00 0 
fffef3a00000-fffef3c00000 rw-p 00000000 00:00 0 
fffef3c00000-fffef3e00000 rw-p 00000000 00:00 0 
fffef3e00000-fffef3e03000 ---p 00000000 00:00 0 
fffef3e03000-fffef4000000 rw-p 00000000 00:00 0 
fffef4000000-fffef4045000 rw-p 00000000 00:00 0 
fffef4045000-fffef8000000 ---p 00000000 00:00 0 
fffef8000000-fffefbfff000 rw-p 00000000 00:00 0 
fffefbfff000-fffefc000000 ---p 00000000 00:00 0 
fffefc000000-fffeffffe000 rw-p 00000000 00:00 0 
fffeffffe000-ffff00000000 ---p 00000000 00:00 0 
ffff00000000-ffff00106000 rw-p 00000000 00:00 0 
ffff00106000-ffff04000000 ---p 00000000 00:00 0 
ffff04000000-ffff04021000 rw-p 00000000 00:00 0 
ffff04021000-ffff08000000 ---p 00000000 00:00 0 
ffff08000000-ffff08021000 rw-p 00000000 00:00 0 
ffff08021000-ffff0c000000 ---p 00000000 00:00 0 
ffff0c000000-ffff0c055000 rw-p 00000000 00:00 0 
ffff0c055000-ffff10000000 ---p 00000000 00:00 0 
ffff10000000-ffff10021000 rw-p 00000000 00:00 0 
ffff10021000-ffff14000000 ---p 00000000 00:00 0 
ffff14011000-ffff1401d000 r--p 00000000 08:01 1854263                    /home/ubuntu/gtnh_server/OpenComputersMod-1.9.21-GTNH-52-libjnlua52-linux-aarch64.so
ffff1401d000-ffff1402c000 ---p 0000c000 08:01 1854263                    /home/ubuntu/gtnh_server/OpenComputersMod-1.9.21-GTNH-52-libjnlua52-linux-aarch64.so
ffff1402c000-ffff1407c000 r-xp 0000b000 08:01 1854263                    /home/ubuntu/gtnh_server/OpenComputersMod-1.9.21-GTNH-52-libjnlua52-linux-aarch64.so
ffff1407c000-ffff1408b000 ---p 0006b000 08:01 1854263                    /home/ubuntu/gtnh_server/OpenComputersMod-1.9.21-GTNH-52-libjnlua52-linux-aarch64.so
ffff1408b000-ffff1408d000 r--p 0005a000 08:01 1854263                    /home/ubuntu/gtnh_server/OpenComputersMod-1.9.21-GTNH-52-libjnlua52-linux-aarch64.so
ffff1408d000-ffff1409c000 ---p 0007c000 08:01 1854263                    /home/ubuntu/gtnh_server/OpenComputersMod-1.9.21-GTNH-52-libjnlua52-linux-aarch64.so
ffff1409c000-ffff1409e000 rw-p 0005b000 08:01 1854263                    /home/ubuntu/gtnh_server/OpenComputersMod-1.9.21-GTNH-52-libjnlua52-linux-aarch64.so
ffff1409e000-ffff140a5000 r-xp 00000000 08:01 2075749                    /usr/lib/jvm/java-8-openjdk-arm64/jre/lib/aarch64/libawt_headless.so
ffff140a5000-ffff140b4000 ---p 00007000 08:01 2075749                    /usr/lib/jvm/java-8-openjdk-arm64/jre/lib/aarch64/libawt_headless.so
ffff140b4000-ffff140b5000 r--p 00006000 08:01 2075749                    /usr/lib/jvm/java-8-openjdk-arm64/jre/lib/aarch64/libawt_headless.so
ffff140b5000-ffff140b6000 rw-p 00007000 08:01 2075749                    /usr/lib/jvm/java-8-openjdk-arm64/jre/lib/aarch64/libawt_headless.so
ffff140b6000-ffff14146000 r-xp 00000000 08:01 2075748                    /usr/lib/jvm/java-8-openjdk-arm64/jre/lib/aarch64/libawt.so
ffff14146000-ffff14156000 ---p 00090000 08:01 2075748                    /usr/lib/jvm/java-8-openjdk-arm64/jre/lib/aarch64/libawt.so
ffff14156000-ffff14157000 r--p 00090000 08:01 2075748                    /usr/lib/jvm/java-8-openjdk-arm64/jre/lib/aarch64/libawt.so
ffff14157000-ffff14162000 rw-p 00091000 08:01 2075748                    /usr/lib/jvm/java-8-openjdk-arm64/jre/lib/aarch64/libawt.so
ffff14162000-ffff14387000 rw-p 00000000 00:00 0 
ffff14387000-ffff14587000 rw-p 00000000 00:00 0 
ffff14587000-ffff14787000 rw-p 00000000 00:00 0 
ffff14787000-ffff14987000 rw-p 00000000 00:00 0 
ffff14987000-ffff14b87000 rw-p 00000000 00:00 0 
ffff14b87000-ffff14d87000 rw-p 00000000 00:00 0 
ffff14d87000-ffff14f87000 rw-p 00000000 00:00 0 
ffff14f87000-ffff15187000 rw-p 00000000 00:00 0 
ffff15187000-ffff15387000 rw-p 00000000 00:00 0 
ffff15387000-ffff15587000 rw-p 00000000 00:00 0 
ffff15587000-ffff15787000 rw-p 00000000 00:00 0 
ffff15787000-ffff1578e000 r--s 00062000 08:01 1818626                    /home/ubuntu/gtnh_server/mods/IguanaTweaksTConstruct-2.3.0.jar
ffff1578e000-ffff15791000 r--s 00019000 08:01 1818623                    /home/ubuntu/gtnh_server/mods/HungerOverhaul-1.7.10-1.0.4-GTNH.jar
ffff15791000-ffff15796000 r--s 0004e000 08:01 1818713                    /home/ubuntu/gtnh_server/mods/WR-CBE-1.7.10-1.4.8.jar
ffff15796000-ffff15798000 r--s 00013000 08:01 1818711                    /home/ubuntu/gtnh_server/mods/Wawla-1.7.10-1.1.3-GTNH.jar
ffff15798000-ffff1579c000 r--s 0002f000 08:01 1818742                    /home/ubuntu/gtnh_server/mods/WarpTheory-1.2.17-GTNH.jar
ffff1579c000-ffff1579e000 r--s 0000f000 08:01 1818709                    /home/ubuntu/gtnh_server/mods/WAILAPlugins-0.3.0.jar
ffff1579e000-ffff157a0000 r--s 00006000 08:01 1818708                    /home/ubuntu/gtnh_server/mods/WailaHarvestability-1.7.10-1.1.10-GTNH.jar
ffff157a0000-ffff157a1000 r--s 00004000 08:01 1818705                    /home/ubuntu/gtnh_server/mods/Universal-Singularities-8.6.7.jar
ffff157a1000-ffff157a5000 r--s 00049000 08:01 1818758                    /home/ubuntu/gtnh_server/mods/TravellersGear-1.7.10-1.16.6.jar
ffff157a5000-ffff157a6000 r--s 00004000 08:01 1818702                    /home/ubuntu/gtnh_server/mods/TooMuchLoot-1.7.10-4.1.0-GTNH.jar
ffff157a6000-ffff157aa000 r--s 00032000 08:01 1818701                    /home/ubuntu/gtnh_server/mods/TMechworks-0.3.0.jar
ffff157aa000-ffff157b3000 r--s 00033000 08:01 1818757                    /home/ubuntu/gtnh_server/mods/Tinkers-Defense-1.2.1d.jar
ffff157b3000-ffff157ba000 r--s 000c2000 08:01 1818697                    /home/ubuntu/gtnh_server/mods/thaumicinsurgence-0.2.7.jar
ffff157ba000-ffff157ce000 r--s 0024c000 08:01 1818696                    /home/ubuntu/gtnh_server/mods/ThaumicHorizons-1.4.2.jar
ffff157ce000-ffff157d6000 r--s 0016b000 08:01 1818740                    /home/ubuntu/gtnh_server/mods/thaumicboots-1.1.0.jar
ffff157d6000-ffff157d8000 r--s 00004000 08:01 1818692                    /home/ubuntu/gtnh_server/mods/ThaumcraftMobAspects-1.7.10-1.0.0-GTNH.jar
ffff157d8000-ffff157da000 r--s 00003000 08:01 1818698                    /home/ubuntu/gtnh_server/mods/tcinventoryscan-1.7.10-1.0.12-GTNH.jar
ffff157da000-ffff157dc000 r--s 00004000 08:01 1818687                    /home/ubuntu/gtnh_server/mods/SuperTic-1.7.10-1.2.5.jar
ffff157dc000-ffff157dd000 r--s 00008000 08:01 1818685                    /home/ubuntu/gtnh_server/mods/structurecompat-0.4.0.jar
ffff157dd000-ffff157e3000 r--s 00013000 08:01 1818684                    /home/ubuntu/gtnh_server/mods/StorageDrawersNatura-1.7.10-1.11.17-GTNH.jar
ffff157e3000-ffff157eb000 r--s 00023000 08:01 1818683                    /home/ubuntu/gtnh_server/mods/StorageDrawersMisc-1.7.10-1.11.18-GTNH.jar
ffff157eb000-ffff157f5000 r--s 00027000 08:01 1818682                    /home/ubuntu/gtnh_server/mods/StorageDrawersForestry-1.7.10-1.11.17-GTNH.jar
ffff157f5000-ffff157fb000 r--s 00016000 08:01 1818681                    /home/ubuntu/gtnh_server/mods/StorageDrawersBop-1.7.10-1.11.17-GTNH.jar
ffff157fb000-ffff15809000 r--s 0008b000 08:01 1818680                    /home/ubuntu/gtnh_server/mods/StorageDrawers-1.12.2-GTNH.jar
ffff15809000-ffff15813000 r--s 00092000 08:01 1818678                    /home/ubuntu/gtnh_server/mods/StevesFactoryManager-1.1.7-GTNH.jar
ffff15813000-ffff15819000 r--s 00038000 08:01 1818677                    /home/ubuntu/gtnh_server/mods/SpiceOfLife-2.1.1-carrot.jar
ffff15819000-ffff15823000 r--s 00110000 08:01 1818676                    /home/ubuntu/gtnh_server/mods/SpecialMobs-3.4.3.jar
ffff15823000-ffff15825000 r--s 00006000 08:01 1818675                    /home/ubuntu/gtnh_server/mods/sleepingbag-1.7.10-0.1.4.jar
ffff15825000-ffff1582e000 r--s 000f8000 08:01 1818673                    /home/ubuntu/gtnh_server/mods/SGCraft-1.7.10-1.3.13-GTNH.jar
ffff1582e000-ffff1585c000 r--s 00305000 08:01 1859520                    /home/ubuntu/gtnh_server/mods/ServerUtilities-2.0.34.jar
ffff1585c000-ffff15861000 r--s 0004b000 08:01 1818669                    /home/ubuntu/gtnh_server/mods/RWG-alpha-1.3.9-pre.jar
ffff15861000-ffff1586c000 r--s 00086000 08:01 1818671                    /home/ubuntu/gtnh_server/mods/roguelike-1.7.10-1.5.3-GTNH.jar
ffff1586c000-ffff15871000 r--s 0003b000 08:01 1818666                    /home/ubuntu/gtnh_server/mods/ProjectBlue-1.1.12-GTNH.jar
ffff15871000-ffff15873000 r--s 00017000 08:01 1818665                    /home/ubuntu/gtnh_server/mods/personalspace-1.0.28.jar
ffff15873000-ffff1587a000 r--s 00047000 08:01 1818750                    /home/ubuntu/gtnh_server/mods/Pam's Harvest the Nether 1.7.10a.jar
ffff1587a000-ffff1587d000 r--s 00037000 08:01 1818717                    /home/ubuntu/gtnh_server/mods/openprinter-1.7.10-0.1.3-GTNH.jar
ffff1587d000-ffff1588c000 r--s 000e4000 08:01 1818662                    /home/ubuntu/gtnh_server/mods/OpenModularTurrets-1.7.10-2.2.11-247.jar
ffff1588c000-ffff15890000 r--s 0001f000 08:01 1818658                    /home/ubuntu/gtnh_server/mods/OpenGlasses-1.4.2-GTNH.jar
ffff15890000-ffff15893000 r--s 00048000 08:01 1818655                    /home/ubuntu/gtnh_server/mods/NotEnoughEnergistics-1.4.6.jar
ffff15893000-ffff15898000 r--s 00042000 08:01 1818712                    /home/ubuntu/gtnh_server/mods/WirelessCraftingTerminal-1.10.1.jar
ffff15898000-ffff1589a000 r--s 00004000 08:01 1818654                    /home/ubuntu/gtnh_server/mods/NodalMechanics-1.7.10-1.1.-6-GTNH.jar
ffff1589a000-ffff1589b000 r--s 00001000 08:01 1818652                    /home/ubuntu/gtnh_server/mods/netherportalfix-1.7.10-1.1.2.jar
ffff1589b000-ffff158a0000 r--s 00023000 08:01 1818650                    /home/ubuntu/gtnh_server/mods/NEIIntegration-1.3.3.jar
ffff158a0000-ffff158ab000 r--s 00074000 08:01 1818649                    /home/ubuntu/gtnh_server/mods/NEICustomDiagram-1.5.14.jar
ffff158ab000-ffff158ae000 r--s 00021000 08:01 1818651                    /home/ubuntu/gtnh_server/mods/NEIAddons-1.13.0.jar
ffff158ae000-ffff158b2000 r--s 00029000 08:01 1818648                    /home/ubuntu/gtnh_server/mods/naturescompass-1.7.10-1.3.6-GTNH.jar
ffff158b2000-ffff158b4000 r--s 0000f000 08:01 1818646                    /home/ubuntu/gtnh_server/mods/mxrandom-0.2.0.jar
ffff158b4000-ffff158b5000 r--s 00004000 08:01 1818762                    /home/ubuntu/gtnh_server/mods/Morpheus-1.7.10-1.6.21.jar
ffff158b5000-ffff158c1000 r--s 00080000 08:01 1818645                    /home/ubuntu/gtnh_server/mods/ModTweaker2-0.9.10.jar
ffff158c1000-ffff158cc000 r--s 00187000 08:01 1818641                    /home/ubuntu/gtnh_server/mods/malisisdoors-1.14.0-GTNH.jar
ffff158cc000-ffff158d7000 r--s 00093000 08:01 1818640                    /home/ubuntu/gtnh_server/mods/malisiscore-0.14.9.jar
ffff158d7000-ffff158d9000 r--s 0000a000 08:01 1818638                    /home/ubuntu/gtnh_server/mods/LunatriusCore-1.7.10-1.1.7-GTNH.jar
ffff158d9000-ffff158e7000 r--s 001cd000 08:01 1818637                    /home/ubuntu/gtnh_server/mods/lootgames-1.7.10-2.0.8.jar
ffff158e7000-ffff158ec000 r--s 0003d000 08:01 1818635                    /home/ubuntu/gtnh_server/mods/littletiles-1.2.9-GTNH.jar
ffff158ec000-ffff158f0000 r--s 00328000 08:01 1818633                    /home/ubuntu/gtnh_server/mods/kekztech-0.9.6.jar
ffff158f0000-ffff158f2000 r--s 0000a000 08:01 1818755                    /home/ubuntu/gtnh_server/mods/JourneyMapServer1.0.5_MC1.7.10.jar
ffff158f2000-ffff158f8000 r--s 0006e000 08:01 1818632                    /home/ubuntu/gtnh_server/mods/JABBA-1.3.1.jar
ffff158f8000-ffff158fb000 r--s 00017000 08:01 1818631                    /home/ubuntu/gtnh_server/mods/irontanks-1.7.10-1.2.6.jar
ffff158fb000-ffff158fd000 r--s 00007000 08:01 1818630                    /home/ubuntu/gtnh_server/mods/IronChestMinecarts-1.7.10-1.0.8.jar
ffff158fd000-ffff15900000 r--s 0000c000 08:01 1818625                    /home/ubuntu/gtnh_server/mods/ifu-1.9.6.jar
ffff15900000-ffff15903000 r--s 00013000 08:01 1818622                    /home/ubuntu/gtnh_server/mods/holoinventory-2.3.2-GTNH.jar
ffff15903000-ffff15904000 r--s 00001000 08:01 1818725                    /home/ubuntu/gtnh_server/mods/HelpFixer-1.7.10-1.1.0.jar
ffff15904000-ffff15909000 r--s 0001e000 08:01 1818644                    /home/ubuntu/gtnh_server/mods/GTTweaker-2.0.5.jar
ffff15909000-ffff15914000 r--s 0005a000 08:01 1818734                    /home/ubuntu/gtnh_server/mods/gtnhintergalactic-1.2.9.jar
ffff15914000-ffff15915000 r--s 00005000 08:01 1818616                    /home/ubuntu/gtnh_server/mods/GTNH-TC-Wands-1.3.1.jar
ffff15915000-ffff1591f000 r--s 001e1000 08:01 1818693                    /home/ubuntu/gtnh_server/mods/Thaumic-Exploration-1.2.0-GTNH.jar
ffff1591f000-ffff15925000 r--s 0031d000 08:01 1818732                    /home/ubuntu/gtnh_server/mods/Tainted-Magic-7.6.3-GTNH.jar
ffff15925000-ffff15928000 r--s 0000f000 08:01 1818593                    /home/ubuntu/gtnh_server/mods/GT.Scanner.Mod-1.7.2.jar
ffff15928000-ffff1592c000 r--s 00062000 08:01 1818768                    /home/ubuntu/gtnh_server/mods/GraviSuite-1.7.10-2.0.3.jar
ffff1592c000-ffff1595d000 r--s 007ec000 08:01 1818610                    /home/ubuntu/gtnh_server/mods/GalaxySpace-1.2.15-GTNH.jar
ffff1595d000-ffff1595f000 r--s 00029000 08:01 1818608                    /home/ubuntu/gtnh_server/mods/galacticgreg-1.0.10.jar
ffff1595f000-ffff15961000 r--s 00005000 08:01 1818723                    /home/ubuntu/gtnh_server/mods/ForgeRelocationFMP-1.7.10-0.0.4.jar
ffff15961000-ffff15966000 r--s 00028000 08:01 1818722                    /home/ubuntu/gtnh_server/mods/FloodLights-1.7.10-1.2.9.jar
ffff15966000-ffff15968000 r--s 0000a000 08:01 1818602                    /home/ubuntu/gtnh_server/mods/findit-1.1.0.jar
ffff15968000-ffff1596c000 r--s 0001f000 08:01 1818601                    /home/ubuntu/gtnh_server/mods/eternalsingularity-1.1.2.jar
ffff1596c000-ffff1596f000 r--s 00010000 08:01 1818600                    /home/ubuntu/gtnh_server/mods/EnhancedLootBags-1.1.0.jar
ffff1596f000-ffff15974000 r--s 00053000 08:01 1818599                    /home/ubuntu/gtnh_server/mods/EnderZoo-1.7.10-1.0.23.jar
ffff15974000-ffff1597b000 r--s 0004c000 08:01 1818590                    /home/ubuntu/gtnh_server/mods/creativecore-1.3.31-GTNH.jar
ffff1597b000-ffff1598f000 r--s 000e2000 08:01 1818589                    /home/ubuntu/gtnh_server/mods/CraftTweaker-3.2.13.jar
ffff1598f000-ffff15996000 r--s 00053000 08:01 1818588                    /home/ubuntu/gtnh_server/mods/CookingForBlockheads-1.2.16-GTNH.jar
ffff15996000-ffff159af000 r--s 00104000 08:01 1818587                    /home/ubuntu/gtnh_server/mods/Computronics-1.7.1-GTNH.jar
ffff159af000-ffff159b2000 r--s 00010000 08:01 1818767                    /home/ubuntu/gtnh_server/mods/CompactKineticGenerators-1.7.10-1.0.jar
ffff159b2000-ffff159b3000 r--s 00001000 08:01 1818585                    /home/ubuntu/gtnh_server/mods/chiseltones-1.7.10-1.0.4-GTNH.jar
ffff159b3000-ffff159b9000 r--s 00028000 08:01 1818583                    /home/ubuntu/gtnh_server/mods/catwalks-1.7.10-2.1.4-GTNH.jar
ffff159b9000-ffff159c2000 r--s 00073000 08:01 1818582                    /home/ubuntu/gtnh_server/mods/CarpentersBlocks-3.4.1-GTNH.jar
ffff159c2000-ffff159c4000 r--s 00003000 08:01 1818728                    /home/ubuntu/gtnh_server/mods/BuildCraftOilTweak-1.7.10-1.0.4.jar
ffff159c4000-ffff159cb000 r--s 00037000 08:01 1818581                    /home/ubuntu/gtnh_server/mods/buildcraft-compat-7.1.16.jar
ffff159cb000-ffff159ce000 r--s 00012000 08:01 1818578                    /home/ubuntu/gtnh_server/mods/BrandonsCore-1.7.10-1.0.0.13-GTNH.jar
ffff159ce000-ffff159d0000 r--s 001a1000 08:01 1818577                    /home/ubuntu/gtnh_server/mods/BotanicHorizons-1.0.19-GTNH.jar
ffff159d0000-ffff159db000 r--s 000b2000 08:01 1818574                    /home/ubuntu/gtnh_server/mods/BloodArsenal-1.2.11.jar
ffff159db000-ffff159dd000 r--s 0000d000 08:01 1818718                    /home/ubuntu/gtnh_server/mods/blockrenderer6343-1.0.6.jar
ffff159dd000-ffff159de000 r--s 00004000 08:01 1818573                    /home/ubuntu/gtnh_server/mods/BlockLimiter-1.7.10-0.55.jar
ffff159de000-ffff159e3000 r--s 00037000 08:01 1818747                    /home/ubuntu/gtnh_server/mods/BiblioWoods[Natura][v1.5].jar
ffff159e3000-ffff159ea000 r--s 00050000 08:01 1818746                    /home/ubuntu/gtnh_server/mods/BiblioWoods[Forestry][v1.7].jar
ffff159ea000-ffff159ee000 r--s 00043000 08:01 1818745                    /home/ubuntu/gtnh_server/mods/BiblioWoods[BiomesOPlenty][v1.9].jar
ffff159ee000-ffff15a06000 r--s 0051c000 08:01 1818744                    /home/ubuntu/gtnh_server/mods/BiblioCraft[v1.11.7][MC1.7.10].jar
ffff15a06000-ffff15a19000 r--s 001ad000 08:01 1818571                    /home/ubuntu/gtnh_server/mods/BetterQuesting-3.4.7-GTNH.jar
ffff15a19000-ffff15a1f000 r--s 0003b000 08:01 1818570                    /home/ubuntu/gtnh_server/mods/betterp2p-1.1.20.jar
ffff15a1f000-ffff15a22000 r--s 0000d000 08:01 1818569                    /home/ubuntu/gtnh_server/mods/BetterBuildersWands-0.10.1-GTNH.jar
ffff15a22000-ffff15a25000 r--s 0000e000 08:01 1818766                    /home/ubuntu/gtnh_server/mods/TGregworks-1.7.10-GTNH-1.0.25.jar
ffff15a25000-ffff15a42000 r--s 00254000 08:01 1818672                    /home/ubuntu/gtnh_server/mods/StevesCarts-1.7.10-2.0.2.jar
ffff15a42000-ffff15a5a000 r--s 000f3000 08:01 1818657                    /home/ubuntu/gtnh_server/mods/IC2NuclearControl-2.5.1.jar
ffff15a5a000-ffff15a5b000 r--s 00010000 08:01 1818615                    /home/ubuntu/gtnh_server/mods/gtnhlanth-0.11.9.jar
ffff15a5b000-ffff15a67000 r--s 000c5000 08:01 1818612                    /home/ubuntu/gtnh_server/mods/GoodGenerator-0.7.17.jar
ffff15a67000-ffff15a70000 r--s 001a7000 08:01 1818595                    /home/ubuntu/gtnh_server/mods/EMT-1.3.8.jar
ffff15a70000-ffff15a77000 r--s 00094000 08:01 1818603                    /home/ubuntu/gtnh_server/mods/Forbidden.Magic-0.6.7-GTNH.jar
ffff15a77000-ffff15a93000 r--s 00df1000 08:01 1818690                    /home/ubuntu/gtnh_server/mods/TecTech-5.3.23.jar
ffff15a93000-ffff15a96000 r--s 00021000 08:01 1818598                    /home/ubuntu/gtnh_server/mods/EnderStorage-1.7.10-1.4.12.jar
ffff15a96000-ffff15a9e000 r--s 0002f000 08:01 1818614                    /home/ubuntu/gtnh_server/mods/gtneioreplugin-1.1.3.jar
ffff15a9e000-ffff15af2000 r--s 009a5000 08:01 1818667                    /home/ubuntu/gtnh_server/mods/ProjRed-4.8.1-GTNH.jar
ffff15af2000-ffff15afd000 r--s 0006b000 08:01 1818592                    /home/ubuntu/gtnh_server/mods/CropsPP-1.5.12.jar
ffff15afd000-ffff15b0f000 r--s 00077000 08:01 1818763                    /home/ubuntu/gtnh_server/mods/Ztones-1.7.10-2.2.2.jar
ffff15b0f000-ffff15b44000 r--s 0067b000 08:01 1818748                    /home/ubuntu/gtnh_server/mods/witchery-1.7.10-0.24.1.jar
ffff15b44000-ffff15b53000 r--s 00193000 08:01 1818694                    /home/ubuntu/gtnh_server/mods/Thaumic-Based-1.5.6.jar
ffff15b53000-ffff15b56000 r--s 00025000 08:01 1818703                    /home/ubuntu/gtnh_server/mods/Translocator-1.1.2.21.jar
ffff15b56000-ffff15b5d000 r--s 00040000 08:01 1818686                    /home/ubuntu/gtnh_server/mods/structurelib-1.2.9.jar
ffff15b5d000-ffff15b84000 r--s 00236000 08:01 1818620                    /home/ubuntu/gtnh_server/mods/harvestcraft-1.1.4-GTNH.jar
ffff15b84000-ffff15b87000 r--s 00015000 08:01 1818720                    /home/ubuntu/gtnh_server/mods/ggfab-0.3.9.jar
ffff15b87000-ffff15baf000 r--s 0024c000 08:01 1818611                    /home/ubuntu/gtnh_server/mods/gendustry-1.7.10-1.6.5.5-GTNH.jar
ffff15baf000-ffff15bba000 r--s 000ee000 08:01 1818639                    /home/ubuntu/gtnh_server/mods/magicbees-2.7.1-GTNH.jar
ffff15bba000-ffff15c25000 r--s 00401000 08:01 1818572                    /home/ubuntu/gtnh_server/mods/binnie-mods-2.2.4.jar
ffff15c25000-ffff15c2a000 r--s 0003f000 08:01 1818643                    /home/ubuntu/gtnh_server/mods/backpack-2.2.12-GTNH.jar
ffff15c2a000-ffff15c2e000 r--s 00030000 08:01 1818564                    /home/ubuntu/gtnh_server/mods/Avaritiaddons-1.6.0-GTNH.jar
ffff15c2e000-ffff15c30000 r--s 0000d000 08:01 1818710                    /home/ubuntu/gtnh_server/mods/WanionLib-1.8.4.jar
ffff15c30000-ffff15c3a000 r--s 000d8000 08:01 1818563                    /home/ubuntu/gtnh_server/mods/Avaritia-1.46.jar
ffff15c3a000-ffff15c75000 r--s 00f11000 08:01 1818576                    /home/ubuntu/gtnh_server/mods/Botania-1.10.3-GTNH.jar
ffff15c75000-ffff15c89000 r--s 00630000 08:01 1818743                    /home/ubuntu/gtnh_server/mods/Automagy-1.7.10-0.28.2.jar
ffff15c89000-ffff15c8d000 r--s 00023000 08:01 1818562                    /home/ubuntu/gtnh_server/mods/AsieLib-0.5.4.jar
ffff15c8d000-ffff15c96000 r--s 000ad000 08:01 1818561                    /home/ubuntu/gtnh_server/mods/ArchitectureCraft-1.8.6.jar
ffff15c96000-ffff15c98000 r--s 00037000 08:01 1818558                    /home/ubuntu/gtnh_server/mods/AngerMod-1.7.10-0.6.3.jar
ffff15c98000-ffff15ca8000 r--s 00185000 08:01 1818735                    /home/ubuntu/gtnh_server/mods/AmunRa-GC-0.5.0.jar
ffff15ca8000-ffff15cab000 r--s 00028000 08:01 1818629                    /home/ubuntu/gtnh_server/mods/IronChest-6.0.74.jar
ffff15cab000-ffff15caf000 r--s 0001a000 08:01 1818716                    /home/ubuntu/gtnh_server/mods/YAMCore-0.5.86.jar
ffff15caf000-ffff15cb1000 r--s 0000f000 08:01 1818688                    /home/ubuntu/gtnh_server/mods/SSP-1.1.2-GT-NH-Mod.jar
ffff15cb1000-ffff15cd1000 r--s 0055e000 08:01 1818764                    /home/ubuntu/gtnh_server/mods/BiomesOPlenty-1.7.10-2.1.0.2308-universal.jar
ffff15cd1000-ffff15ce3000 r--s 000c8000 08:01 1818647                    /home/ubuntu/gtnh_server/mods/Natura-2.5.7.jar
ffff15ce3000-ffff15d2f000 r--s 005e0000 08:01 1818584                    /home/ubuntu/gtnh_server/mods/chisel-2.12.3-GTNH.jar
ffff15d2f000-ffff15d50000 r--s 00361000 08:01 1818704                    /home/ubuntu/gtnh_server/mods/TwilightForest-2.5.1.jar
ffff15d50000-ffff15d81000 r--s 0030f000 08:01 1818668                    /home/ubuntu/gtnh_server/mods/Railcraft-9.15.3.jar
ffff15d81000-ffff15daa000 r--s 008a7000 08:01 1818575                    /home/ubuntu/gtnh_server/mods/BloodMagic-1.4.3.jar
ffff15daa000-ffff15e2d000 r--s 004f0000 08:01 1818700                    /home/ubuntu/gtnh_server/mods/TConstruct-1.10.13-GTNH.jar
ffff15e2d000-ffff15e34000 r--s 0007c000 08:01 1818707                    /home/ubuntu/gtnh_server/mods/Waila-1.6.5.jar
ffff15e34000-ffff15e52000 r--s 001eb000 08:01 1818760                    /home/ubuntu/gtnh_server/mods/extrautilities-1.2.13a.jar
ffff15e52000-ffff15e54000 r--s 00013000 08:01 1818567                    /home/ubuntu/gtnh_server/mods/Baubles-1.0.3.jar
ffff15e54000-ffff15e58000 r--s 0002d000 08:01 1818642                    /home/ubuntu/gtnh_server/mods/Mantle-0.3.7.jar
ffff15e58000-ffff15e8f000 r--s 00257000 08:01 1818580                    /home/ubuntu/gtnh_server/mods/buildcraft-7.1.38.jar
ffff15e8f000-ffff15e9a000 r--s 00083000 08:01 1818556                    /home/ubuntu/gtnh_server/mods/ae2stuff-0.6.0-GTNH.jar
ffff15e9a000-ffff1609a000 rw-p 00000000 00:00 0 
ffff1609a000-ffff1609d000 ---p 00000000 00:00 0 
ffff1609d000-ffff1629a000 rw-p 00000000 00:00 0 
ffff1629a000-ffff1629d000 ---p 00000000 00:00 0 
ffff1629d000-ffff1649a000 rw-p 00000000 00:00 0 
ffff1649a000-ffff1649d000 ---p 00000000 00:00 0 
ffff1649d000-ffff1669a000 rw-p 00000000 00:00 0 
ffff1669a000-ffff1669d000 ---p 00000000 00:00 0 
ffff1669d000-ffff16a9a000 rw-p 00000000 00:00 0 
ffff16a9a000-ffff16a9d000 ---p 00000000 00:00 0 
ffff16a9d000-ffff16e9a000 rw-p 00000000 00:00 0 
ffff16e9a000-ffff1709a000 rw-p 00000000 00:00 0 
ffff1709a000-ffff1729a000 rw-p 00000000 00:00 0 
ffff1729a000-ffff173ff000 r--s 011a0000 08:01 1818613                    /home/ubuntu/gtnh_server/mods/gregtech-5.09.44.110.jar
ffff173ff000-ffff175ff000 rw-p 00000000 00:00 0 
ffff175ff000-ffff177ff000 rw-p 00000000 00:00 0 
ffff177ff000-ffff18000000 rw-p 00000000 00:00 0 
ffff18000000-ffff1997a000 rw-p 00000000 00:00 0 
ffff1997a000-ffff1c000000 ---p 00000000 00:00 0 
ffff1c000000-ffff1c021000 rw-p 00000000 00:00 0 
ffff1c021000-ffff20000000 ---p 00000000 00:00 0 
ffff20000000-ffff2243a000 rw-p 00000000 00:00 0 
ffff2243a000-ffff24000000 ---p 00000000 00:00 0 
ffff24000000-ffff27f05000 rw-p 00000000 00:00 0 
ffff27f05000-ffff28000000 ---p 00000000 00:00 0 
ffff28000000-ffff28021000 rw-p 00000000 00:00 0 
ffff28021000-ffff2c000000 ---p 00000000 00:00 0 
ffff2c000000-ffff2c021000 rw-p 00000000 00:00 0 
ffff2c021000-ffff30000000 ---p 00000000 00:00 0 
ffff30000000-ffff30079000 rw-p 00000000 00:00 0 
ffff30079000-ffff34000000 ---p 00000000 00:00 0 
ffff34000000-ffff34021000 rw-p 00000000 00:00 0 
ffff34021000-ffff38000000 ---p 00000000 00:00 0 
ffff38000000-ffff60000000 rw-p 00000000 00:00 0 
ffff60000000-ffff60021000 rw-p 00000000 00:00 0 
ffff60021000-ffff64000000 ---p 00000000 00:00 0 
ffff64000000-ffff641f6000 rw-p 00000000 00:00 0 
ffff641f6000-ffff68000000 ---p 00000000 00:00 0 
ffff68000000-ffff68021000 rw-p 00000000 00:00 0 
ffff68021000-ffff6c000000 ---p 00000000 00:00 0 
ffff6c000000-ffff6c003000 r--s 0001a000 08:01 1818741                    /home/ubuntu/gtnh_server/mods/amazingtrophies-1.1.4.jar
ffff6c003000-ffff6c004000 r--s 00003000 08:01 1818737                    /home/ubuntu/gtnh_server/mods/alchgrate-1.0.3-GTNH.jar
ffff6c004000-ffff6c007000 r--s 0000d000 08:01 1818557                    /home/ubuntu/gtnh_server/mods/AFSU-1.7.10-1.2.6-GTNH.jar
ffff6c007000-ffff6c027000 r--s 00157000 08:01 1818568                    /home/ubuntu/gtnh_server/mods/bdlib-1.7.10-1.9.8-GTNH.jar
ffff6c027000-ffff6c033000 r--s 00326000 08:01 1818554                    /home/ubuntu/gtnh_server/mods/adventurebackpack-1.0.17-GTNH.jar
ffff6c033000-ffff6c037000 r--s 00048000 08:01 1818759                    /home/ubuntu/gtnh_server/mods/AdvancedSolarPanel-1.7.10-3.5.1a.jar
ffff6c037000-ffff6c03c000 r--s 00047000 08:01 1818739                    /home/ubuntu/gtnh_server/mods/1.7.10/CodeChickenLib-1.1.10.jar
ffff6c03c000-ffff6c03f000 ---p 00000000 00:00 0 
ffff6c03f000-ffff6c075000 rw-p 00000000 00:00 0 
ffff6c075000-ffff6c077000 r--s 0000f000 08:01 1818749                    /home/ubuntu/gtnh_server/mods/thaumcraftneiplugin-1.7.10-1.7a.jar
ffff6c077000-ffff6c0b3000 r--s 002fb000 08:01 1818604                    /home/ubuntu/gtnh_server/mods/Forestry-4.7.1.jar
ffff6c0b3000-ffff6c0da000 r--s 00c90000 08:01 1818619                    /home/ubuntu/gtnh_server/mods/HardcoreEnderExpansion-1.7.10-1.9.7-GTNH.jar
ffff6c0da000-ffff6c0f3000 r--s 00654000 08:01 1818594                    /home/ubuntu/gtnh_server/mods/Draconic-Evolution-1.2.1-GTNH.jar
ffff6c0f3000-ffff6c130000 r--s 004a9000 08:01 1818597                    /home/ubuntu/gtnh_server/mods/EnderIO-2.5.9.jar
ffff6c130000-ffff6c133000 r--s 00022000 08:01 1818627                    /home/ubuntu/gtnh_server/mods/InfernalMobs-1.7.9-GTNH.jar
ffff6c133000-ffff6c139000 r--s 0004e000 08:01 1857332                    /home/ubuntu/gtnh_server/mods/ic2/EJML-core-0.26.jar
ffff6c139000-ffff6c339000 rw-p 00000000 00:00 0 
ffff6c339000-ffff6c34e000 r-xp 00000000 08:01 2075777                    /usr/lib/jvm/java-8-openjdk-arm64/jre/lib/aarch64/libunpack.so
ffff6c34e000-ffff6c35d000 ---p 00015000 08:01 2075777                    /usr/lib/jvm/java-8-openjdk-arm64/jre/lib/aarch64/libunpack.so
ffff6c35d000-ffff6c35f000 r--p 00014000 08:01 2075777                    /usr/lib/jvm/java-8-openjdk-arm64/jre/lib/aarch64/libunpack.so
ffff6c35f000-ffff6c360000 rw-p 00016000 08:01 2075777                    /usr/lib/jvm/java-8-openjdk-arm64/jre/lib/aarch64/libunpack.so
ffff6c360000-ffff6c361000 rw-p 00000000 00:00 0 
ffff6c361000-ffff6c373000 r--s 0034c000 08:01 2075817                    /usr/lib/jvm/java-8-openjdk-arm64/jre/lib/resources.jar
ffff6c373000-ffff6c573000 rw-p 00000000 00:00 0 
ffff6c573000-ffff6c773000 rw-p 00000000 00:00 0 
ffff6c773000-ffff6c781000 r--s 00429000 08:01 1818715                    /home/ubuntu/gtnh_server/mods/WitchingGadgets-1.3.6-GTNH.jar
ffff6c781000-ffff6c784000 r--s 00021000 08:01 1818714                    /home/ubuntu/gtnh_server/mods/WitcheryExtras-1.1.14.jar
ffff6c784000-ffff6c78e000 r--s 0004d000 08:01 1818706                    /home/ubuntu/gtnh_server/mods/visualprospecting-1.2.1.jar
ffff6c78e000-ffff6c790000 r--s 00002000 08:01 1818733                    /home/ubuntu/gtnh_server/mods/travellersgearneo-1.0.jar
ffff6c790000-ffff6c7a3000 r--s 001dd000 08:01 1818699                    /home/ubuntu/gtnh_server/mods/ThaumicTinkerer-2.8.5.jar
ffff6c7a3000-ffff6c7b3000 r--s 00197000 08:01 1818695                    /home/ubuntu/gtnh_server/mods/thaumicenergistics-1.5.4-GTNH.jar
ffff6c7b3000-ffff6c7b8000 r--s 0005c000 08:01 1818756                    /home/ubuntu/gtnh_server/mods/Thaumic Machina-1.7.10-0.2.1.jar
ffff6c7b8000-ffff6c7bf000 r--s 000a2000 08:01 1818691                    /home/ubuntu/gtnh_server/mods/ThaumcraftResearchTweaks-1.0.6.jar
ffff6c7bf000-ffff6c7c1000 r--s 00016000 08:01 2075808                    /usr/lib/jvm/java-8-openjdk-arm64/jre/lib/jce.jar
ffff6c7c1000-ffff6c7c6000 r--s 00036000 08:01 1818765                    /home/ubuntu/gtnh_server/mods/Thaumcraft4Tweaks-1.5.18.jar
ffff6c7c6000-ffff6c7f8000 r--s 00bc2000 08:01 1818754                    /home/ubuntu/gtnh_server/mods/Thaumcraft-1.7.10-4.2.3.5a.jar
ffff6c7f8000-ffff6c7fb000 r--s 00014000 08:01 1818689                    /home/ubuntu/gtnh_server/mods/tcneiadditions-1.2.2.jar
ffff6c7fb000-ffff6c800000 r--s 0003d000 08:01 1818679                    /home/ubuntu/gtnh_server/mods/StevesAddons-1.7.10-0.10.27.jar
ffff6c800000-ffff6c803000 r--s 0000f000 08:01 1818674                    /home/ubuntu/gtnh_server/mods/sharewhereiam-2.0.2.jar
ffff6c803000-ffff6c80b000 r--s 00047000 08:01 1818670                    /home/ubuntu/gtnh_server/mods/RemoteIO-1.7.10-2.4.8.jar
ffff6c80b000-ffff6c818000 r--s 0029c000 08:01 1818731                    /home/ubuntu/gtnh_server/mods/RandomThings-2.4.6.jar
ffff6c818000-ffff6c819000 r--s 00048000 08:01 1818726                    /home/ubuntu/gtnh_server/mods/PlayerAPI-1.4.3.jar
ffff6c819000-ffff6c888000 r--s 00643000 08:01 1818664                    /home/ubuntu/gtnh_server/mods/Opis-1.3.9-mapless.jar
ffff6c888000-ffff6c892000 r--s 00071000 08:01 1818663                    /home/ubuntu/gtnh_server/mods/opensecurity-1.7.10-1.0.120-GTNH.jar
ffff6c892000-ffff6c8c8000 r--s 001db000 08:01 1818661                    /home/ubuntu/gtnh_server/mods/OpenModsLibs-1.7.10-0.10.6.jar
ffff6c8c8000-ffff6c97a000 r--s 00f90000 08:01 1818660                    /home/ubuntu/gtnh_server/mods/OpenComputers-1.9.21-GTNH.jar
ffff6c97a000-ffff6c992000 r--s 0028f000 08:01 1818659                    /home/ubuntu/gtnh_server/mods/OpenBlocks-1.8.3-GTNH.jar
ffff6c992000-ffff6c995000 r--s 00019000 08:01 1818738                    /home/ubuntu/gtnh_server/mods/nutrition-0.0.5.jar
ffff6c995000-ffff6c99f000 r--s 000b3000 08:01 1818656                    /home/ubuntu/gtnh_server/mods/NotEnoughItems-2.4.13-GTNH.jar
ffff6c99f000-ffff6c9a2000 r--s 0000c000 08:01 1818721                    /home/ubuntu/gtnh_server/mods/notenoughIDs-1.5.3.jar
ffff6c9a2000-ffff6c9ae000 r--s 000ae000 08:01 1818730                    /home/ubuntu/gtnh_server/mods/1.7.10/MrTJPCore-1.1.5.jar
ffff6c9ae000-ffff6c9b6000 r--s 0006c000 08:01 1818719                    /home/ubuntu/gtnh_server/mods/modularui-1.1.24.jar
ffff6c9b6000-ffff6c9bc000 r--s 00050000 08:01 1818736                    /home/ubuntu/gtnh_server/mods/mobsinfo-0.1.13-GTNH.jar
ffff6c9bc000-ffff6c9ee000 r--s 00296000 08:01 1818636                    /home/ubuntu/gtnh_server/mods/logisticspipes-1.0.8-GTNH.jar
ffff6c9ee000-ffff6c9f4000 r--s 00077000 08:01 1818634                    /home/ubuntu/gtnh_server/mods/kubatech-0.13.12.jar
ffff6c9f4000-ffff6c9f9000 r--s 0001a000 08:01 1818628                    /home/ubuntu/gtnh_server/mods/INpureCore-1.1.5-GTNH.jar
ffff6c9f9000-ffff6ca29000 r--s 00530000 08:01 1818761                    /home/ubuntu/gtnh_server/mods/industrialcraft-2-2.2.828a-experimental.jar
ffff6ca29000-ffff6ca2e000 r--s 0002f000 08:01 1818624                    /home/ubuntu/gtnh_server/mods/hydroenergy-1.1.1.jar
ffff6ca2e000-ffff6ca38000 r--s 00053000 08:01 1818621                    /home/ubuntu/gtnh_server/mods/hodgepodge-2.3.41.jar
ffff6ca38000-ffff6ca3a000 r--s 00003000 08:01 1818753                    /home/ubuntu/gtnh_server/mods/Healer-1.2.1.jar
ffff6ca3a000-ffff6ca3c000 r--s 00004000 08:01 1818751                    /home/ubuntu/gtnh_server/mods/HardcoreDarkness-MC1.7.10-1.7.jar
ffff6ca3c000-ffff6ca3e000 r--s 0000b000 08:01 1818617                    /home/ubuntu/gtnh_server/mods/gtnhlib-0.0.13.jar
ffff6ca3e000-ffff6ca5f000 r--s 00b4f000 08:01 1818653                    /home/ubuntu/gtnh_server/mods/GTNewHorizonsCoreMod-2.2.55.jar
ffff6ca5f000-ffff6cabd000 r--s 003e4000 08:01 1818618                    /home/ubuntu/gtnh_server/mods/GT-PlusPlus-1.10.54.jar
ffff6cabd000-ffff6cac4000 r--s 000ff000 08:01 1818729                    /home/ubuntu/gtnh_server/mods/gravisuiteneo-1.0.20.jar
ffff6cac4000-ffff6cafc000 r--s 00bd4000 08:01 1818609                    /home/ubuntu/gtnh_server/mods/Galacticraft-3.0.75-GTNH.jar
ffff6cafc000-ffff6cb0c000 r--s 006d7000 08:01 1818607                    /home/ubuntu/gtnh_server/mods/gadomancy-1.2.0.jar
ffff6cb0c000-ffff6cb13000 r--s 00082000 08:01 1818724                    /home/ubuntu/gtnh_server/mods/ForgeRelocation-1.7.10-0.0.3.jar
ffff6cb13000-ffff6cb25000 r--s 000d7000 08:01 1818606                    /home/ubuntu/gtnh_server/mods/ForgeMultipart-1.4.1.jar
ffff6cb25000-ffff6cb9a000 r--s 005db000 08:01 1818605                    /home/ubuntu/gtnh_server/mods/forgelin-1.9.7-GTNH.jar
ffff6cb9a000-ffff6cba2000 r--s 0006a000 08:01 1818596                    /home/ubuntu/gtnh_server/mods/endercore-0.2.19.jar
ffff6cba2000-ffff6cba4000 r--s 00018000 08:01 1818727                    /home/ubuntu/gtnh_server/mods/DummyCore-1.17.0.jar
ffff6cba4000-ffff6cbb7000 r--s 0011a000 08:01 1818752                    /home/ubuntu/gtnh_server/mods/CoFHCore-[1.7.10]3.1.4-329.jar
ffff6cbb7000-ffff6cbbc000 r--s 00047000 08:01 1818739                    /home/ubuntu/gtnh_server/mods/1.7.10/CodeChickenLib-1.1.10.jar
ffff6cbbc000-ffff6d3bd000 rw-p 00000000 00:00 0 
ffff6d3bd000-ffff6d3c0000 r--s 00021000 08:01 1818586                    /home/ubuntu/gtnh_server/mods/CodeChickenCore-1.1.13.jar
ffff6d3c0000-ffff6d3c5000 r--s 0001d000 08:01 1818579                    /home/ubuntu/gtnh_server/mods/bugtorch-1.2.12-GTNH.jar
ffff6d3c5000-ffff6d3d4000 r--s 000f4000 08:01 1818566                    /home/ubuntu/gtnh_server/mods/battlegear2-1.3.0.jar
ffff6d3d4000-ffff6d3f3000 r--s 0014f000 08:01 1818565                    /home/ubuntu/gtnh_server/mods/bartworks-0.8.23.jar
ffff6d3f3000-ffff6d5f3000 rw-p 00000000 00:00 0 
ffff6d5f3000-ffff6d62b000 r--s 00330000 08:01 1818560                    /home/ubuntu/gtnh_server/mods/appliedenergistics2-rv3-beta-292-GTNH.jar
ffff6d62b000-ffff6d63c000 r--s 0010c000 08:01 1818555                    /home/ubuntu/gtnh_server/mods/ae2fc-1.1.74-gtnh.jar
ffff6d63c000-ffff6d6a9000 r--s 0047d000 08:01 1818769                    /home/ubuntu/gtnh_server/mods/+unimixins-all-1.7.10-0.1.14.jar
ffff6d6a9000-ffff6d8a9000 rw-p 00000000 00:00 0 
ffff6d8a9000-ffff6daa9000 rw-p 00000000 00:00 0 
ffff6daa9000-ffff6dab2000 r-xp 00000000 08:01 2075769                    /usr/lib/jvm/java-8-openjdk-arm64/jre/lib/aarch64/libmanagement.so
ffff6dab2000-ffff6dac1000 ---p 00009000 08:01 2075769                    /usr/lib/jvm/java-8-openjdk-arm64/jre/lib/aarch64/libmanagement.so
ffff6dac1000-ffff6dac2000 r--p 00008000 08:01 2075769                    /usr/lib/jvm/java-8-openjdk-arm64/jre/lib/aarch64/libmanagement.so
ffff6dac2000-ffff6dac3000 rw-p 00009000 08:01 2075769                    /usr/lib/jvm/java-8-openjdk-arm64/jre/lib/aarch64/libmanagement.so
ffff6dac3000-ffff6db5f000 r--s 0088d000 08:01 1851640                    /home/ubuntu/gtnh_server/minecraft_server.1.7.10.jar
ffff6db5f000-ffff6db66000 r--s 0005e000 08:01 1851706                    /home/ubuntu/gtnh_server/libraries/org/apache/commons/commons-lang3/3.3.2/commons-lang3-3.3.2.jar
ffff6db66000-ffff6db91000 r--s 001f9000 08:01 1851690                    /home/ubuntu/gtnh_server/libraries/com/google/guava/guava/17.0/guava-17.0.jar
ffff6db91000-ffff6db9b000 r--s 00095000 08:01 1851685                    /home/ubuntu/gtnh_server/libraries/org/scala-lang/scala-xml_2.11/1.0.2/scala-xml_2.11-1.0.2.jar
ffff6db9b000-ffff6dba6000 r--s 000a7000 08:01 1851682                    /home/ubuntu/gtnh_server/libraries/org/scala-lang/scala-swing_2.11/1.0.1/scala-swing_2.11-1.0.1.jar
ffff6dba6000-ffff6dbf1000 r--s 003e1000 08:01 1851679                    /home/ubuntu/gtnh_server/libraries/org/scala-lang/scala-reflect/2.11.1/scala-reflect-2.11.1.jar
ffff6dbf1000-ffff6dbfc000 r--s 0005c000 08:01 1851676                    /home/ubuntu/gtnh_server/libraries/org/scala-lang/scala-parser-combinators_2.11/1.0.1/scala-parser-combinators_2.11-1.0.1.jar
ffff6dbfc000-ffff6dc55000 r--s 004f0000 08:01 1851673                    /home/ubuntu/gtnh_server/libraries/org/scala-lang/scala-library/2.11.1/scala-library-2.11.1.jar
ffff6dc55000-ffff6dd45000 r--s 00be4000 08:01 1851670                    /home/ubuntu/gtnh_server/libraries/org/scala-lang/scala-compiler/2.11.1/scala-compiler-2.11.1.jar
ffff6dd45000-ffff6dd6b000 r--s 00241000 08:01 1851694                    /home/ubuntu/gtnh_server/libraries/com/typesafe/akka/akka-actor_2.11/2.3.3/akka-actor_2.11-2.3.3.jar
ffff6dd6b000-ffff6dd85000 r-xp 00000000 08:01 2075771                    /usr/lib/jvm/java-8-openjdk-arm64/jre/lib/aarch64/libnet.so
ffff6dd85000-ffff6dd94000 ---p 0001a000 08:01 2075771                    /usr/lib/jvm/java-8-openjdk-arm64/jre/lib/aarch64/libnet.so
ffff6dd94000-ffff6dd95000 r--p 00019000 08:01 2075771                    /usr/lib/jvm/java-8-openjdk-arm64/jre/lib/aarch64/libnet.so
ffff6dd95000-ffff6dd96000 rw-p 0001a000 08:01 2075771                    /usr/lib/jvm/java-8-openjdk-arm64/jre/lib/aarch64/libnet.so
ffff6dd96000-ffff6dd97000 ---p 00000000 00:00 0 
ffff6dd97000-ffff6df97000 rw-p 00000000 00:00 0 
ffff6df97000-ffff6df9a000 ---p 00000000 00:00 0 
ffff6df9a000-ffff6e197000 rw-p 00000000 00:00 0 
ffff6e197000-ffff6e198000 ---p 00000000 00:00 0 
ffff6e198000-ffff6e19b000 ---p 00000000 00:00 0 
ffff6e19b000-ffff6e398000 rw-p 00000000 00:00 0 
ffff6e398000-ffff6e399000 ---p 00000000 00:00 0 
ffff6e399000-ffff6e39c000 ---p 00000000 00:00 0 
ffff6e39c000-ffff6e599000 rw-p 00000000 00:00 0 
ffff6e599000-ffff6e59a000 ---p 00000000 00:00 0 
ffff6e59a000-ffff6e59d000 ---p 00000000 00:00 0 
ffff6e59d000-ffff6e79a000 rw-p 00000000 00:00 0 
ffff6e79a000-ffff6e79d000 ---p 00000000 00:00 0 
ffff6e79d000-ffff6e99a000 rw-p 00000000 00:00 0 
ffff6e99a000-ffff6eb0d000 r--p 00000000 08:01 19422                      /usr/lib/locale/C.UTF-8/LC_COLLATE
ffff6eb0d000-ffff6edf3000 r--p 00000000 08:01 2875                       /usr/lib/locale/locale-archive
ffff6edf3000-ffff6edf6000 ---p 00000000 00:00 0 
ffff6edf6000-ffff6eff3000 rw-p 00000000 00:00 0 
ffff6eff3000-ffff6eff6000 ---p 00000000 00:00 0 
ffff6eff6000-ffff6f1f3000 rw-p 00000000 00:00 0 
ffff6f1f3000-ffff6f1f4000 ---p 00000000 00:00 0 
ffff6f1f4000-ffff70000000 rw-p 00000000 00:00 0 
ffff70000000-ffff70021000 rw-p 00000000 00:00 0 
ffff70021000-ffff74000000 ---p 00000000 00:00 0 
ffff74000000-ffff74001000 r--s 00005000 08:01 1818591                    /home/ubuntu/gtnh_server/mods/CropLoadCore-1.7.10-0.1.10.jar
ffff74001000-ffff74004000 r--s 00017000 08:01 1818559                    /home/ubuntu/gtnh_server/mods/AppleCore-3.2.12.jar
ffff74004000-ffff74006000 r--s 0000d000 08:01 1851699                    /home/ubuntu/gtnh_server/libraries/net/sf/jopt-simple/jopt-simple/4.5/jopt-simple-4.5.jar
ffff74006000-ffff7400b000 r--s 0002e000 08:01 1851736                    /home/ubuntu/gtnh_server/libraries/org/scala-lang/plugins/scala-continuations-plugin_2.11.1/1.0.2/scala-continuations-plugin_2.11.1-1.0.2.jar
ffff7400b000-ffff7400d000 r--s 00005000 08:01 1851733                    /home/ubuntu/gtnh_server/libraries/org/scala-lang/plugins/scala-continuations-library_2.11/1.0.2/scala-continuations-library_2.11-1.0.2.jar
ffff7400d000-ffff7400f000 r--s 0000d000 08:01 1851667                    /home/ubuntu/gtnh_server/libraries/org/scala-lang/scala-actors-migration_2.11/1.1.0/scala-actors-migration_2.11-1.1.0.jar
ffff7400f000-ffff74013000 r--s 00032000 08:01 1851655                    /home/ubuntu/gtnh_server/libraries/com/typesafe/config/1.2.1/config-1.2.1.jar
ffff74013000-ffff74018000 r--s 00036000 08:01 1851714                    /home/ubuntu/gtnh_server/libraries/org/ow2/asm/asm-all/5.0.3/asm-all-5.0.3.jar
ffff74018000-ffff7401a000 r--s 00007000 08:01 1851660                    /home/ubuntu/gtnh_server/libraries/net/minecraft/launchwrapper/1.12/launchwrapper-1.12.jar
ffff7401a000-ffff7402d000 r-xp 00000000 08:01 2075772                    /usr/lib/jvm/java-8-openjdk-arm64/jre/lib/aarch64/libnio.so
ffff7402d000-ffff7403c000 ---p 00013000 08:01 2075772                    /usr/lib/jvm/java-8-openjdk-arm64/jre/lib/aarch64/libnio.so
ffff7403c000-ffff7403d000 r--p 00012000 08:01 2075772                    /usr/lib/jvm/java-8-openjdk-arm64/jre/lib/aarch64/libnio.so
ffff7403d000-ffff7403e000 rw-p 00013000 08:01 2075772                    /usr/lib/jvm/java-8-openjdk-arm64/jre/lib/aarch64/libnio.so
ffff7403e000-ffff7404f000 r--s 001c5000 08:01 2075813                    /usr/lib/jvm/java-8-openjdk-arm64/jre/lib/jsse.jar
ffff7404f000-ffff74068000 r--s 002c9000 08:01 1851639                    /home/ubuntu/gtnh_server/minecraftJarFile.jar
ffff74068000-ffff7406b000 r--s 00042000 08:01 2075798                    /usr/lib/jvm/java-8-openjdk-arm64/jre/lib/ext/sunpkcs11.jar
ffff7406b000-ffff74071000 r--s 0003e000 08:01 2075797                    /usr/lib/jvm/java-8-openjdk-arm64/jre/lib/ext/sunjce_provider.jar
ffff74071000-ffff7408d000 r--s 00394000 08:01 2075790                    /usr/lib/jvm/java-8-openjdk-arm64/jre/lib/ext/cldrdata.jar
ffff7408d000-ffff7408f000 r--s 00010000 08:01 2075799                    /usr/lib/jvm/java-8-openjdk-arm64/jre/lib/ext/zipfs.jar
ffff7408f000-ffff740aa000 r--s 001d6000 08:01 2075795                    /usr/lib/jvm/java-8-openjdk-arm64/jre/lib/ext/nashorn.jar
ffff740aa000-ffff740ac000 r--s 00001000 08:01 2075791                    /usr/lib/jvm/java-8-openjdk-arm64/jre/lib/ext/dnsns.jar
ffff740ac000-ffff740ae000 r--s 00008000 08:01 2075796                    /usr/lib/jvm/java-8-openjdk-arm64/jre/lib/ext/sunec.jar
ffff740ae000-ffff740b8000 r--s 00117000 08:01 2075794                    /usr/lib/jvm/java-8-openjdk-arm64/jre/lib/ext/localedata.jar
ffff740b8000-ffff740ba000 r--s 0000c000 08:01 16406                      /usr/share/java/java-atk-wrapper.jar
ffff740ba000-ffff740ec000 r--p 00000000 08:01 19488                      /usr/lib/locale/C.UTF-8/LC_CTYPE
ffff740ec000-ffff743ef000 rw-p 00000000 00:00 0 
ffff743ef000-ffff745c1000 r--s 03cc9000 08:01 2075818                    /usr/lib/jvm/java-8-openjdk-arm64/jre/lib/rt.jar
ffff745c1000-ffff77751000 rw-p 00000000 00:00 0 
ffff77751000-ffff77752000 ---p 00000000 00:00 0 
ffff77752000-ffff77952000 rw-p 00000000 00:00 0 
ffff77952000-ffff77953000 ---p 00000000 00:00 0 
ffff77953000-ffff77b53000 rw-p 00000000 00:00 0 
ffff77b53000-ffff77b54000 ---p 00000000 00:00 0 
ffff77b54000-ffff794ca000 rw-p 00000000 00:00 0 
ffff794ca000-ffff797ff000 ---p 00000000 00:00 0 
ffff797ff000-ffff7af75000 rw-p 00000000 00:00 0 
ffff7af75000-ffff7b2a9000 ---p 00000000 00:00 0 
ffff7b2a9000-ffff7b809000 rw-p 00000000 00:00 0 
ffff7b809000-ffff7bfff000 ---p 00000000 00:00 0 
ffff7bfff000-ffff7c000000 rw-p 00000000 00:00 0 
ffff7c000000-ffff81ac0000 rwxp 00000000 00:00 0 
ffff81ac0000-ffff84000000 ---p 00000000 00:00 0 
ffff84000000-ffff8626e000 rw-p 00000000 00:00 0 
ffff8626e000-ffff88000000 ---p 00000000 00:00 0 
ffff88000000-ffff88001000 r--s 00001000 08:01 1851650                    /home/ubuntu/gtnh_server/libraries/lzma/lzma/0.0.1/lzma-0.0.1.jar
ffff88001000-ffff88004000 r--s 0000f000 08:01 2075792                    /usr/lib/jvm/java-8-openjdk-arm64/jre/lib/ext/icedtea-sound.jar
ffff88004000-ffff88005000 r--s 0000a000 08:01 2075793                    /usr/lib/jvm/java-8-openjdk-arm64/jre/lib/ext/jaccess.jar
ffff88005000-ffff8800c000 r--s 000d3000 08:01 2075812                    /usr/lib/jvm/java-8-openjdk-arm64/jre/lib/jfr.jar
ffff8800c000-ffff8800d000 r--p 00000000 08:01 19576                      /usr/lib/locale/C.UTF-8/LC_NUMERIC
ffff8800d000-ffff8800e000 r--p 00000000 08:01 19603                      /usr/lib/locale/C.UTF-8/LC_TIME
ffff8800e000-ffff8800f000 r--p 00000000 08:01 19526                      /usr/lib/locale/C.UTF-8/LC_MONETARY
ffff8800f000-ffff88010000 r--p 00000000 08:01 19525                      /usr/lib/locale/C.UTF-8/LC_MESSAGES/SYS_LC_MESSAGES
ffff88010000-ffff88011000 r--p 00000000 08:01 19577                      /usr/lib/locale/C.UTF-8/LC_PAPER
ffff88011000-ffff88012000 r--p 00000000 08:01 19527                      /usr/lib/locale/C.UTF-8/LC_NAME
ffff88012000-ffff88013000 r--p 00000000 08:01 19421                      /usr/lib/locale/C.UTF-8/LC_ADDRESS
ffff88013000-ffff88014000 r--p 00000000 08:01 19602                      /usr/lib/locale/C.UTF-8/LC_TELEPHONE
ffff88014000-ffff88133000 rw-p 00000000 00:00 0 
ffff88133000-ffff88134000 ---p 00000000 00:00 0 
ffff88134000-ffff8849f000 rw-p 00000000 00:00 0 
ffff8849f000-ffff88534000 ---p 00000000 00:00 0 
ffff88534000-ffff8853c000 r-xp 00000000 08:01 2075779                    /usr/lib/jvm/java-8-openjdk-arm64/jre/lib/aarch64/libzip.so
ffff8853c000-ffff8854b000 ---p 00008000 08:01 2075779                    /usr/lib/jvm/java-8-openjdk-arm64/jre/lib/aarch64/libzip.so
ffff8854b000-ffff8854c000 r--p 00007000 08:01 2075779                    /usr/lib/jvm/java-8-openjdk-arm64/jre/lib/aarch64/libzip.so
ffff8854c000-ffff8854d000 rw-p 00008000 08:01 2075779                    /usr/lib/jvm/java-8-openjdk-arm64/jre/lib/aarch64/libzip.so
ffff8854d000-ffff88558000 r-xp 00000000 08:01 12724                      /usr/lib/aarch64-linux-gnu/libnss_files-2.31.so
ffff88558000-ffff88568000 ---p 0000b000 08:01 12724                      /usr/lib/aarch64-linux-gnu/libnss_files-2.31.so
ffff88568000-ffff88569000 r--p 0000b000 08:01 12724                      /usr/lib/aarch64-linux-gnu/libnss_files-2.31.so
ffff88569000-ffff8856a000 rw-p 0000c000 08:01 12724                      /usr/lib/aarch64-linux-gnu/libnss_files-2.31.so
ffff8856a000-ffff88570000 rw-p 00000000 00:00 0 
ffff88570000-ffff88571000 r--p 00000000 08:01 19500                      /usr/lib/locale/C.UTF-8/LC_MEASUREMENT
ffff88571000-ffff88578000 r--s 00000000 08:01 18540                      /usr/lib/aarch64-linux-gnu/gconv/gconv-modules.cache
ffff88578000-ffff88579000 r--p 00000000 08:01 19489                      /usr/lib/locale/C.UTF-8/LC_IDENTIFICATION
ffff88579000-ffff885a4000 r-xp 00000000 08:01 2075760                    /usr/lib/jvm/java-8-openjdk-arm64/jre/lib/aarch64/libjava.so
ffff885a4000-ffff885b3000 ---p 0002b000 08:01 2075760                    /usr/lib/jvm/java-8-openjdk-arm64/jre/lib/aarch64/libjava.so
ffff885b3000-ffff885b4000 r--p 0002a000 08:01 2075760                    /usr/lib/jvm/java-8-openjdk-arm64/jre/lib/aarch64/libjava.so
ffff885b4000-ffff885b6000 rw-p 0002b000 08:01 2075760                    /usr/lib/jvm/java-8-openjdk-arm64/jre/lib/aarch64/libjava.so
ffff885b6000-ffff885c4000 r-xp 00000000 08:01 2075778                    /usr/lib/jvm/java-8-openjdk-arm64/jre/lib/aarch64/libverify.so
ffff885c4000-ffff885d3000 ---p 0000e000 08:01 2075778                    /usr/lib/jvm/java-8-openjdk-arm64/jre/lib/aarch64/libverify.so
ffff885d3000-ffff885d5000 r--p 0000d000 08:01 2075778                    /usr/lib/jvm/java-8-openjdk-arm64/jre/lib/aarch64/libverify.so
ffff885d5000-ffff885d6000 rw-p 0000f000 08:01 2075778                    /usr/lib/jvm/java-8-openjdk-arm64/jre/lib/aarch64/libverify.so
ffff885d6000-ffff885dd000 r-xp 00000000 08:01 12921                      /usr/lib/aarch64-linux-gnu/librt-2.31.so
ffff885dd000-ffff885ec000 ---p 00007000 08:01 12921                      /usr/lib/aarch64-linux-gnu/librt-2.31.so
ffff885ec000-ffff885ed000 r--p 00006000 08:01 12921                      /usr/lib/aarch64-linux-gnu/librt-2.31.so
ffff885ed000-ffff885ee000 rw-p 00007000 08:01 12921                      /usr/lib/aarch64-linux-gnu/librt-2.31.so
ffff885ee000-ffff885ef000 ---p 00000000 00:00 0 
ffff885ef000-ffff885f2000 ---p 00000000 00:00 0 
ffff885f2000-ffff887ef000 rw-p 00000000 00:00 0 
ffff887ef000-ffff88802000 r-xp 00000000 08:01 19837                      /usr/lib/aarch64-linux-gnu/libgcc_s.so.1
ffff88802000-ffff88811000 ---p 00013000 08:01 19837                      /usr/lib/aarch64-linux-gnu/libgcc_s.so.1
ffff88811000-ffff88812000 r--p 00012000 08:01 19837                      /usr/lib/aarch64-linux-gnu/libgcc_s.so.1
ffff88812000-ffff88813000 rw-p 00013000 08:01 19837                      /usr/lib/aarch64-linux-gnu/libgcc_s.so.1
ffff88813000-ffff888ac000 r-xp 00000000 08:01 12514                      /usr/lib/aarch64-linux-gnu/libm-2.31.so
ffff888ac000-ffff888bc000 ---p 00099000 08:01 12514                      /usr/lib/aarch64-linux-gnu/libm-2.31.so
ffff888bc000-ffff888bd000 r--p 00099000 08:01 12514                      /usr/lib/aarch64-linux-gnu/libm-2.31.so
ffff888bd000-ffff888be000 rw-p 0009a000 08:01 12514                      /usr/lib/aarch64-linux-gnu/libm-2.31.so
ffff888be000-ffff88a83000 r-xp 00000000 08:01 8248                       /usr/lib/aarch64-linux-gnu/libstdc++.so.6.0.28
ffff88a83000-ffff88a92000 ---p 001c5000 08:01 8248                       /usr/lib/aarch64-linux-gnu/libstdc++.so.6.0.28
ffff88a92000-ffff88a9d000 r--p 001c4000 08:01 8248                       /usr/lib/aarch64-linux-gnu/libstdc++.so.6.0.28
ffff88a9d000-ffff88aa0000 rw-p 001cf000 08:01 8248                       /usr/lib/aarch64-linux-gnu/libstdc++.so.6.0.28
ffff88aa0000-ffff88aa3000 rw-p 00000000 00:00 0 
ffff88aa3000-ffff896e4000 r-xp 00000000 08:01 2075781                    /usr/lib/jvm/java-8-openjdk-arm64/jre/lib/aarch64/server/libjvm.so
ffff896e4000-ffff896f3000 ---p 00c41000 08:01 2075781                    /usr/lib/jvm/java-8-openjdk-arm64/jre/lib/aarch64/server/libjvm.so
ffff896f3000-ffff89777000 r--p 00c40000 08:01 2075781                    /usr/lib/jvm/java-8-openjdk-arm64/jre/lib/aarch64/server/libjvm.so
ffff89777000-ffff897a1000 rw-p 00cc4000 08:01 2075781                    /usr/lib/jvm/java-8-openjdk-arm64/jre/lib/aarch64/server/libjvm.so
ffff897a1000-ffff89806000 rw-p 00000000 00:00 0 
ffff89806000-ffff89961000 r-xp 00000000 08:01 12500                      /usr/lib/aarch64-linux-gnu/libc-2.31.so
ffff89961000-ffff89970000 ---p 0015b000 08:01 12500                      /usr/lib/aarch64-linux-gnu/libc-2.31.so
ffff89970000-ffff89974000 r--p 0015a000 08:01 12500                      /usr/lib/aarch64-linux-gnu/libc-2.31.so
ffff89974000-ffff89976000 rw-p 0015e000 08:01 12500                      /usr/lib/aarch64-linux-gnu/libc-2.31.so
ffff89976000-ffff89979000 rw-p 00000000 00:00 0 
ffff89979000-ffff8997c000 r-xp 00000000 08:01 12505                      /usr/lib/aarch64-linux-gnu/libdl-2.31.so
ffff8997c000-ffff8998b000 ---p 00003000 08:01 12505                      /usr/lib/aarch64-linux-gnu/libdl-2.31.so
ffff8998b000-ffff8998c000 r--p 00002000 08:01 12505                      /usr/lib/aarch64-linux-gnu/libdl-2.31.so
ffff8998c000-ffff8998d000 rw-p 00003000 08:01 12505                      /usr/lib/aarch64-linux-gnu/libdl-2.31.so
ffff8998d000-ffff8999c000 r-xp 00000000 08:01 2075745                    /usr/lib/jvm/java-8-openjdk-arm64/jre/lib/aarch64/jli/libjli.so
ffff8999c000-ffff899ab000 ---p 0000f000 08:01 2075745                    /usr/lib/jvm/java-8-openjdk-arm64/jre/lib/aarch64/jli/libjli.so
ffff899ab000-ffff899ac000 r--p 0000e000 08:01 2075745                    /usr/lib/jvm/java-8-openjdk-arm64/jre/lib/aarch64/jli/libjli.so
ffff899ac000-ffff899ad000 rw-p 0000f000 08:01 2075745                    /usr/lib/jvm/java-8-openjdk-arm64/jre/lib/aarch64/jli/libjli.so
ffff899ad000-ffff899c6000 r-xp 00000000 08:01 5942                       /usr/lib/aarch64-linux-gnu/libz.so.1.2.11
ffff899c6000-ffff899d5000 ---p 00019000 08:01 5942                       /usr/lib/aarch64-linux-gnu/libz.so.1.2.11
ffff899d5000-ffff899d6000 r--p 00018000 08:01 5942                       /usr/lib/aarch64-linux-gnu/libz.so.1.2.11
ffff899d6000-ffff899d7000 rw-p 00019000 08:01 5942                       /usr/lib/aarch64-linux-gnu/libz.so.1.2.11
ffff899d7000-ffff899f3000 r-xp 00000000 08:01 12867                      /usr/lib/aarch64-linux-gnu/libpthread-2.31.so
ffff899f3000-ffff89a02000 ---p 0001c000 08:01 12867                      /usr/lib/aarch64-linux-gnu/libpthread-2.31.so
ffff89a02000-ffff89a03000 r--p 0001b000 08:01 12867                      /usr/lib/aarch64-linux-gnu/libpthread-2.31.so
ffff89a03000-ffff89a04000 rw-p 0001c000 08:01 12867                      /usr/lib/aarch64-linux-gnu/libpthread-2.31.so
ffff89a04000-ffff89a08000 rw-p 00000000 00:00 0 
ffff89a08000-ffff89a29000 r-xp 00000000 08:01 11758                      /usr/lib/aarch64-linux-gnu/ld-2.31.so
ffff89a29000-ffff89a2b000 rw-p 00000000 00:00 0 
ffff89a2b000-ffff89a33000 rw-s 00000000 08:01 287552                     /tmp/hsperfdata_ubuntu/112520
ffff89a33000-ffff89a34000 r--p 00000000 00:00 0 
ffff89a34000-ffff89a36000 rw-p 00000000 00:00 0 
ffff89a36000-ffff89a38000 r--p 00000000 00:00 0                          [vvar]
ffff89a38000-ffff89a39000 r-xp 00000000 00:00 0                          [vdso]
ffff89a39000-ffff89a3a000 r--p 00021000 08:01 11758                      /usr/lib/aarch64-linux-gnu/ld-2.31.so
ffff89a3a000-ffff89a3c000 rw-p 00022000 08:01 11758                      /usr/lib/aarch64-linux-gnu/ld-2.31.so
ffffc3539000-ffffc355b000 rw-p 00000000 00:00 0                          [stack]

VM Arguments:
jvm_args: -Xmx20G -Xms8G -XX:+UseStringDeduplication -XX:+UseCompressedOops -XX:+UseCodeCacheFlushing -Dfml.readTimeout=180 
java_command: /home/ubuntu/gtnh_server/minecraftJarFile.jar nogui
java_class_path (initial): /home/ubuntu/gtnh_server/minecraftJarFile.jar
Launcher Type: SUN_STANDARD

Environment Variables:
PATH=/home/ubuntu/controlador/mineserver/node_modules/.bin:/home/ubuntu/controlador/mineserver/node_modules/.bin:/home/ubuntu/controlador/node_modules/.bin:/home/ubuntu/node_modules/.bin:/home/node_modules/.bin:/node_modules/.bin:/usr/lib/node_modules/npm/node_modules/@npmcli/run-script/lib/node-gyp-bin:/home/ubuntu/controlador/mineserver/node_modules/.bin:/home/ubuntu/controlador/mineserver/node_modules/.bin:/home/ubuntu/controlador/mineserver/node_modules/.bin:/home/ubuntu/controlador/node_modules/.bin:/home/ubuntu/node_modules/.bin:/home/node_modules/.bin:/node_modules/.bin:/usr/lib/node_modules/npm/node_modules/@npmcli/run-script/lib/node-gyp-bin:/home/ubuntu/controlador/mineserver/node_modules/.bin:/home/ubuntu/controlador/node_modules/.bin:/home/ubuntu/node_modules/.bin:/home/node_modules/.bin:/node_modules/.bin:/usr/lib/node_modules/npm/node_modules/@npmcli/run-script/lib/node-gyp-bin:/home/ubuntu/.vscode-server/cli/servers/Stable-5c3e652f63e798a5ac2f31ffd0d863669328dc4c/server/bin/remote-cli:/home/ubuntu/.local/bin:/home/ubuntu/.local/bin:/usr/local/sbin:/usr/local/bin:/usr/sbin:/usr/bin:/sbin:/bin:/usr/games:/usr/local/games:/snap/bin
SHELL=/bin/bash

Signal Handlers:
SIGSEGV: [libjvm.so+0xa49aa0], sa_mask[0]=11111111011111111101111111111110, sa_flags=SA_RESTART|SA_SIGINFO
SIGBUS: [libjvm.so+0xa49aa0], sa_mask[0]=11111111011111111101111111111110, sa_flags=SA_RESTART|SA_SIGINFO
SIGFPE: [libjvm.so+0x8980d8], sa_mask[0]=11111111011111111101111111111110, sa_flags=SA_RESTART|SA_SIGINFO
SIGPIPE: [libjvm.so+0x8980d8], sa_mask[0]=11111111011111111101111111111110, sa_flags=SA_RESTART|SA_SIGINFO
SIGXFSZ: [libjvm.so+0x8980d8], sa_mask[0]=11111111011111111101111111111110, sa_flags=SA_RESTART|SA_SIGINFO
SIGILL: [libjvm.so+0x8980d8], sa_mask[0]=11111111011111111101111111111110, sa_flags=SA_RESTART|SA_SIGINFO
SIGUSR1: SIG_DFL, sa_mask[0]=00000000000000000000000000000000, sa_flags=none
SIGUSR2: [libjvm.so+0x897ee8], sa_mask[0]=00000000000000000000000000000000, sa_flags=SA_RESTART|SA_SIGINFO
SIGHUP: [libjvm.so+0x898048], sa_mask[0]=11111111011111111101111111111110, sa_flags=SA_RESTART|SA_SIGINFO
SIGINT: [libjvm.so+0x898048], sa_mask[0]=11111111011111111101111111111110, sa_flags=SA_RESTART|SA_SIGINFO
SIGTERM: [libjvm.so+0x898048], sa_mask[0]=11111111011111111101111111111110, sa_flags=SA_RESTART|SA_SIGINFO
SIGQUIT: [libjvm.so+0x898048], sa_mask[0]=11111111011111111101111111111110, sa_flags=SA_RESTART|SA_SIGINFO


---------------  S Y S T E M  ---------------

OS:DISTRIB_ID=Ubuntu
DISTRIB_RELEASE=20.04
DISTRIB_CODENAME=focal
DISTRIB_DESCRIPTION="Ubuntu 20.04.5 LTS"

uname:Linux 5.15.0-1054-oracle #60~20.04.1-Ubuntu SMP Wed Mar 20 22:29:28 UTC 2024 aarch64
libc:glibc 2.31 NPTL 2.31 
rlimit: STACK 8192k, CORE 0k, NPROC 95490, NOFILE 1048576, AS infinity
load average:0.53 0.33 0.59

/proc/meminfo:
MemTotal:       24563392 kB
MemFree:         6184680 kB
MemAvailable:   15655936 kB
Buffers:          147712 kB
Cached:          9214364 kB
SwapCached:            0 kB
Active:          5973220 kB
Inactive:       11671452 kB
Active(anon):       1544 kB
Inactive(anon):  8293116 kB
Active(file):    5971676 kB
Inactive(file):  3378336 kB
Unevictable:       22524 kB
Mlocked:           19452 kB
SwapTotal:             0 kB
SwapFree:              0 kB
Dirty:              3268 kB
Writeback:             0 kB
AnonPages:       8305200 kB
Mapped:           244520 kB
Shmem:              4548 kB
KReclaimable:     437888 kB
Slab:             544536 kB
SReclaimable:     437888 kB
SUnreclaim:       106648 kB
KernelStack:        7368 kB
PageTables:        56664 kB
NFS_Unstable:          0 kB
Bounce:                0 kB
WritebackTmp:          0 kB
CommitLimit:    12281696 kB
Committed_AS:   18326876 kB
VmallocTotal:   133143592960 kB
VmallocUsed:       23080 kB
VmallocChunk:          0 kB
Percpu:             3840 kB
HardwareCorrupted:     0 kB
AnonHugePages:         0 kB
ShmemHugePages:        0 kB
ShmemPmdMapped:        0 kB
FileHugePages:         0 kB
FilePmdMapped:         0 kB
CmaTotal:          32768 kB
CmaFree:           20480 kB
HugePages_Total:       0
HugePages_Free:        0
HugePages_Rsvd:        0
HugePages_Surp:        0
Hugepagesize:       2048 kB
Hugetlb:               0 kB

container (cgroup) information:
container_type: cgroupv1
cpu_cpuset_cpus: 0-3
cpu_memory_nodes: 0
active_processor_count: 4
cpu_quota: -1
cpu_period: 100000
cpu_shares: -1
memory_limit_in_bytes: -1
memory_and_swap_limit_in_bytes: -1
memory_soft_limit_in_bytes: -1
memory_usage_in_bytes: 14353219584
memory_max_usage_in_bytes: 16447684608


CPU:total 4 (initial active 4) simd, crc, aes, sha1, sha256, lse

/proc/cpuinfo:
processor	: 0
BogoMIPS	: 50.00
Features	: fp asimd evtstrm aes pmull sha1 sha2 crc32 atomics fphp asimdhp cpuid asimdrdm lrcpc dcpop asimddp ssbs
CPU implementer	: 0x41
CPU architecture: 8
CPU variant	: 0x3
CPU part	: 0xd0c
CPU revision	: 1

processor	: 1
BogoMIPS	: 50.00
Features	: fp asimd evtstrm aes pmull sha1 sha2 crc32 atomics fphp asimdhp cpuid asimdrdm lrcpc dcpop asimddp ssbs
CPU implementer	: 0x41
CPU architecture: 8
CPU variant	: 0x3
CPU part	: 0xd0c
CPU revision	: 1

processor	: 2
BogoMIPS	: 50.00
Features	: fp asimd evtstrm aes pmull sha1 sha2 crc32 atomics fphp asimdhp cpuid asimdrdm lrcpc dcpop asimddp ssbs
CPU implementer	: 0x41
CPU architecture: 8
CPU variant	: 0x3
CPU part	: 0xd0c
CPU revision	: 1

processor	: 3
BogoMIPS	: 50.00
Features	: fp asimd evtstrm aes pmull sha1 sha2 crc32 atomics fphp asimdhp cpuid asimdrdm lrcpc dcpop asimddp ssbs
CPU implementer	: 0x41
CPU architecture: 8
CPU variant	: 0x3
CPU part	: 0xd0c
CPU revision	: 1



Memory: 4k page, physical 24563392k(6184680k free), swap 0k(0k free)

vm_info: OpenJDK 64-Bit Server VM (25.402-b06) for linux-aarch64 JRE (1.8.0_402-8u402-ga-2ubuntu1~20.04-b06), built on Feb 27 2024 06:59:04 by "buildd" with gcc 9.4.0

time: Wed Apr 10 19:38:24 2024
timezone: UTC
elapsed time: 13080.292999 seconds (0d 3h 38m 0s)

