Machine at: -1882 | 72 | -6016 DIMID: 0  set to Fire due to rain!
Machine at: -1882 | 72 | -6016 DIMID: 0  set to Fire due to rain!
Machine at: -1882 | 72 | -6016 DIMID: 0  set to Fire due to rain!
Machine at: -1882 | 72 | -6016 DIMID: 0  set to Fire due to rain!
Machine at: -1882 | 72 | -6016 DIMID: 0  set to Fire due to rain!
Machine at: -1882 | 72 | -6016 DIMID: 0  set to Fire due to rain!
Machine at: -1882 | 72 | -6016 DIMID: 0  set to Fire due to rain!
Machine at: -1882 | 72 | -6016 DIMID: 0 explosion due to rain!
Machine at: -1882 | 72 | -6016 DIMID: 0  set to Fire due to rain!
Machine at: -1882 | 72 | -6016 DIMID: 0  set to Fire due to rain!
Machine at: -1882 | 72 | -6016 DIMID: 0  set to Fire due to rain!
Machine at: -1882 | 72 | -6016 DIMID: 0  set to Fire due to rain!
Machine at: -1882 | 72 | -6016 DIMID: 0  set to Fire due to rain!
Machine at: -1882 | 72 | -6016 DIMID: 0 explosion due to rain!
Machine at: -1882 | 72 | -6016 DIMID: 0  set to Fire due to rain!
Machine at: -1882 | 72 | -6016 DIMID: 0  set to Fire due to rain!
Machine at: -1882 | 72 | -6016 DIMID: 0  set to Fire due to rain!
Machine at: -1882 | 72 | -6016 DIMID: 0  set to Fire due to rain!
Machine at: -1882 | 72 | -6016 DIMID: 0  set to Fire due to rain!
Machine at: -1882 | 72 | -6016 DIMID: 0  set to Fire due to rain!
Machine at: -1882 | 72 | -6016 DIMID: 0 explosion due to rain!
Machine at: -1882 | 72 | -6016 DIMID: 0  set to Fire due to rain!
Machine at: -1882 | 72 | -6016 DIMID: 0  set to Fire due to rain!
Machine at: -1882 | 72 | -6016 DIMID: 0 explosion due to rain!
Machine at: -1882 | 72 | -6016 DIMID: 0  set to Fire due to rain!
Machine at: -1882 | 72 | -6016 DIMID: 0  set to Fire due to rain!
Machine at: -1882 | 72 | -6016 DIMID: 0  set to Fire due to rain!
Machine at: -1882 | 72 | -6016 DIMID: 0  set to Fire due to rain!
Machine at: -1882 | 72 | -6016 DIMID: 0  set to Fire due to rain!
Machine at: -1882 | 72 | -6016 DIMID: 0  set to Fire due to rain!
Machine at: -1882 | 72 | -6016 DIMID: 0  set to Fire due to rain!
Machine at: -1882 | 72 | -6016 DIMID: 0  set to Fire due to rain!
Machine at: -1882 | 72 | -6016 DIMID: 0  set to Fire due to rain!
Machine at: -1882 | 72 | -6016 DIMID: 0  set to Fire due to rain!
Machine at: -1882 | 72 | -6016 DIMID: 0  set to Fire due to rain!
Machine at: -1882 | 72 | -6016 DIMID: 0  set to Fire due to rain!
Machine at: -1882 | 72 | -6016 DIMID: 0  set to Fire due to rain!
Machine at: -1882 | 72 | -6016 DIMID: 0  set to Fire due to rain!
Machine at: -1882 | 72 | -6016 DIMID: 0  set to Fire due to rain!
Machine at: -1882 | 72 | -6016 DIMID: 0  set to Fire due to rain!
Machine at: -1882 | 72 | -6016 DIMID: 0  set to Fire due to rain!
Machine at: -1882 | 72 | -6016 DIMID: 0  set to Fire due to rain!
Machine at: -1882 | 72 | -6016 DIMID: 0  set to Fire due to rain!
Machine at: -1882 | 72 | -6016 DIMID: 0  set to Fire due to rain!
Machine at: -1882 | 72 | -6016 DIMID: 0  set to Fire due to rain!
Machine at: -1882 | 72 | -6016 DIMID: 0  set to Fire due to rain!
Machine at: -1882 | 72 | -6016 DIMID: 0  set to Fire due to rain!
Machine at: -1882 | 72 | -6016 DIMID: 0  set to Fire due to rain!
Machine at: -1882 | 72 | -6016 DIMID: 0  set to Fire due to rain!
Set Blocks around Pipe to Fire due to to low heat resistance at -1858 | 80 | -6012 DIMID: 0
Set Blocks around Pipe to Fire due to to low heat resistance at -1858 | 80 | -6012 DIMID: 0
Set Blocks around Pipe to Fire due to to low heat resistance at -1858 | 80 | -6011 DIMID: 0
Set Blocks around Pipe to Fire due to to low heat resistance at -1858 | 80 | -6012 DIMID: 0
Set Blocks around Pipe to Fire due to to low heat resistance at -1858 | 80 | -6011 DIMID: 0
Set Blocks around Pipe to Fire due to to low heat resistance at -1858 | 80 | -6010 DIMID: 0
Set Blocks around Pipe to Fire due to to low heat resistance at -1858 | 80 | -6012 DIMID: 0
Set Blocks around Pipe to Fire due to to low heat resistance at -1858 | 80 | -6011 DIMID: 0
Set Blocks around Pipe to Fire due to to low heat resistance at -1858 | 80 | -6010 DIMID: 0
Set Blocks around Pipe to Fire due to to low heat resistance at -1858 | 80 | -6012 DIMID: 0
Set Blocks around Pipe to Fire due to to low heat resistance at -1858 | 80 | -6011 DIMID: 0
Set Blocks around Pipe to Fire due to to low heat resistance at -1858 | 80 | -6010 DIMID: 0
Set Blocks around Pipe to Fire due to to low heat resistance at -1858 | 80 | -6012 DIMID: 0
Set Blocks around Pipe to Fire due to to low heat resistance at -1858 | 80 | -6011 DIMID: 0
Set Blocks around Pipe to Fire due to to low heat resistance at -1858 | 80 | -6010 DIMID: 0
Set Blocks around Pipe to Fire due to to low heat resistance at -1858 | 80 | -6012 DIMID: 0
Set Blocks around Pipe to Fire due to to low heat resistance at -1858 | 80 | -6011 DIMID: 0
Set Blocks around Pipe to Fire due to to low heat resistance at -1858 | 80 | -6010 DIMID: 0
Set Blocks around Pipe to Fire due to to low heat resistance at -1858 | 80 | -6012 DIMID: 0
Set Blocks around Pipe to Fire due to to low heat resistance at -1858 | 80 | -6011 DIMID: 0
Set Blocks around Pipe to Fire due to to low heat resistance at -1858 | 80 | -6010 DIMID: 0
Set Blocks around Pipe to Fire due to to low heat resistance at -1858 | 80 | -6012 DIMID: 0
Set Blocks around Pipe to Fire due to to low heat resistance at -1858 | 80 | -6011 DIMID: 0
Set Blocks around Pipe to Fire due to to low heat resistance at -1858 | 80 | -6010 DIMID: 0
Set Blocks around Pipe to Fire due to to low heat resistance at -1858 | 80 | -6012 DIMID: 0
Set Blocks around Pipe to Fire due to to low heat resistance at -1858 | 80 | -6011 DIMID: 0
Set Blocks around Pipe to Fire due to to low heat resistance at -1858 | 80 | -6010 DIMID: 0
Set Blocks around Pipe to Fire due to to low heat resistance at -1858 | 80 | -6012 DIMID: 0
Set Blocks around Pipe to Fire due to to low heat resistance at -1858 | 80 | -6011 DIMID: 0
Set Blocks around Pipe to Fire due to to low heat resistance at -1858 | 80 | -6010 DIMID: 0
Set Blocks around Pipe to Fire due to to low heat resistance at -1858 | 80 | -6012 DIMID: 0
Set Blocks around Pipe to Fire due to to low heat resistance at -1858 | 80 | -6011 DIMID: 0
Set Blocks around Pipe to Fire due to to low heat resistance at -1858 | 80 | -6010 DIMID: 0
Set Blocks around Pipe to Fire due to to low heat resistance at -1858 | 80 | -6012 DIMID: 0
Set Blocks around Pipe to Fire due to to low heat resistance at -1858 | 80 | -6011 DIMID: 0
Set Blocks around Pipe to Fire due to to low heat resistance at -1858 | 80 | -6010 DIMID: 0
Set Blocks around Pipe to Fire due to to low heat resistance at -1858 | 80 | -6012 DIMID: 0
Set Blocks around Pipe to Fire due to to low heat resistance at -1858 | 80 | -6011 DIMID: 0
Set Blocks around Pipe to Fire due to to low heat resistance at -1858 | 80 | -6010 DIMID: 0
Set Blocks around Pipe to Fire due to to low heat resistance at -1858 | 80 | -6012 DIMID: 0
Set Blocks around Pipe to Fire due to to low heat resistance at -1858 | 80 | -6011 DIMID: 0
Set Blocks around Pipe to Fire due to to low heat resistance at -1858 | 80 | -6010 DIMID: 0
Set Blocks around Pipe to Fire due to to low heat resistance at -1858 | 80 | -6012 DIMID: 0
Set Blocks around Pipe to Fire due to to low heat resistance at -1858 | 80 | -6011 DIMID: 0
Set Blocks around Pipe to Fire due to to low heat resistance at -1858 | 80 | -6010 DIMID: 0
Set Blocks around Pipe to Fire due to to low heat resistance at -1858 | 80 | -6012 DIMID: 0
Set Blocks around Pipe to Fire due to to low heat resistance at -1858 | 80 | -6011 DIMID: 0
Set Blocks around Pipe to Fire due to to low heat resistance at -1858 | 80 | -6010 DIMID: 0
Set Blocks around Pipe to Fire due to to low heat resistance at -1858 | 80 | -6012 DIMID: 0
Set Blocks around Pipe to Fire due to to low heat resistance at -1858 | 80 | -6011 DIMID: 0
Set Blocks around Pipe to Fire due to to low heat resistance at -1858 | 80 | -6010 DIMID: 0
Set Blocks around Pipe to Fire due to to low heat resistance at -1858 | 80 | -6012 DIMID: 0
Set Blocks around Pipe to Fire due to to low heat resistance at -1858 | 80 | -6011 DIMID: 0
Set Blocks around Pipe to Fire due to to low heat resistance at -1858 | 80 | -6010 DIMID: 0
Set Blocks around Pipe to Fire due to to low heat resistance at -1858 | 80 | -6012 DIMID: 0
Set Blocks around Pipe to Fire due to to low heat resistance at -1858 | 80 | -6011 DIMID: 0
Set Blocks around Pipe to Fire due to to low heat resistance at -1858 | 80 | -6010 DIMID: 0
Set Blocks around Pipe to Fire due to to low heat resistance at -1858 | 80 | -6012 DIMID: 0
Set Blocks around Pipe to Fire due to to low heat resistance at -1858 | 80 | -6011 DIMID: 0
Set Blocks around Pipe to Fire due to to low heat resistance at -1858 | 80 | -6010 DIMID: 0
Set Blocks around Pipe to Fire due to to low heat resistance at -1858 | 80 | -6012 DIMID: 0
Set Blocks around Pipe to Fire due to to low heat resistance at -1858 | 80 | -6011 DIMID: 0
Set Blocks around Pipe to Fire due to to low heat resistance at -1858 | 80 | -6010 DIMID: 0
Set Blocks around Pipe to Fire due to to low heat resistance at -1858 | 80 | -6012 DIMID: 0
Set Blocks around Pipe to Fire due to to low heat resistance at -1858 | 80 | -6011 DIMID: 0
Set Blocks around Pipe to Fire due to to low heat resistance at -1858 | 80 | -6010 DIMID: 0
Set Blocks around Pipe to Fire due to to low heat resistance at -1858 | 80 | -6012 DIMID: 0
Set Blocks around Pipe to Fire due to to low heat resistance at -1858 | 80 | -6011 DIMID: 0
Set Blocks around Pipe to Fire due to to low heat resistance at -1858 | 80 | -6010 DIMID: 0
Set Blocks around Pipe to Fire due to to low heat resistance at -1858 | 80 | -6012 DIMID: 0
Set Blocks around Pipe to Fire due to to low heat resistance at -1858 | 80 | -6011 DIMID: 0
Set Blocks around Pipe to Fire due to to low heat resistance at -1858 | 80 | -6010 DIMID: 0
Set Blocks around Pipe to Fire due to to low heat resistance at -1858 | 80 | -6012 DIMID: 0
Set Blocks around Pipe to Fire due to to low heat resistance at -1858 | 80 | -6011 DIMID: 0
Set Blocks around Pipe to Fire due to to low heat resistance at -1858 | 80 | -6010 DIMID: 0
Set Blocks around Pipe to Fire due to to low heat resistance at -1858 | 80 | -6012 DIMID: 0
Set Blocks around Pipe to Fire due to to low heat resistance at -1858 | 80 | -6011 DIMID: 0
Set Blocks around Pipe to Fire due to to low heat resistance at -1858 | 80 | -6010 DIMID: 0
Set Blocks around Pipe to Fire due to to low heat resistance at -1858 | 80 | -6012 DIMID: 0
Set Blocks around Pipe to Fire due to to low heat resistance at -1858 | 80 | -6011 DIMID: 0
Set Blocks around Pipe to Fire due to to low heat resistance at -1858 | 80 | -6010 DIMID: 0
Set Blocks around Pipe to Fire due to to low heat resistance at -1858 | 80 | -6012 DIMID: 0
Set Blocks around Pipe to Fire due to to low heat resistance at -1858 | 80 | -6011 DIMID: 0
Set Blocks around Pipe to Fire due to to low heat resistance at -1858 | 80 | -6010 DIMID: 0
Set Blocks around Pipe to Fire due to to low heat resistance at -1858 | 80 | -6012 DIMID: 0
Set Blocks around Pipe to Fire due to to low heat resistance at -1858 | 80 | -6011 DIMID: 0
Set Blocks around Pipe to Fire due to to low heat resistance at -1858 | 80 | -6010 DIMID: 0
Set Blocks around Pipe to Fire due to to low heat resistance at -1858 | 80 | -6012 DIMID: 0
Set Blocks around Pipe to Fire due to to low heat resistance at -1858 | 80 | -6011 DIMID: 0
Set Blocks around Pipe to Fire due to to low heat resistance at -1858 | 80 | -6010 DIMID: 0
Set Blocks around Pipe to Fire due to to low heat resistance at -1858 | 80 | -6012 DIMID: 0
Set Blocks around Pipe to Fire due to to low heat resistance at -1858 | 80 | -6011 DIMID: 0
Set Blocks around Pipe to Fire due to to low heat resistance at -1858 | 80 | -6010 DIMID: 0
Set Blocks around Pipe to Fire due to to low heat resistance at -1858 | 80 | -6012 DIMID: 0
Set Blocks around Pipe to Fire due to to low heat resistance at -1858 | 80 | -6011 DIMID: 0
Set Blocks around Pipe to Fire due to to low heat resistance at -1858 | 80 | -6010 DIMID: 0
Set Blocks around Pipe to Fire due to to low heat resistance at -1858 | 80 | -6012 DIMID: 0
Set Blocks around Pipe to Fire due to to low heat resistance at -1858 | 80 | -6011 DIMID: 0
Set Blocks around Pipe to Fire due to to low heat resistance at -1858 | 80 | -6010 DIMID: 0
Set Blocks around Pipe to Fire due to to low heat resistance at -1858 | 80 | -6012 DIMID: 0
Set Blocks around Pipe to Fire due to to low heat resistance at -1858 | 80 | -6011 DIMID: 0
Set Blocks around Pipe to Fire due to to low heat resistance at -1858 | 80 | -6010 DIMID: 0
Set Blocks around Pipe to Fire due to to low heat resistance at -1858 | 80 | -6012 DIMID: 0
Set Blocks around Pipe to Fire due to to low heat resistance at -1858 | 80 | -6011 DIMID: 0
Set Blocks around Pipe to Fire due to to low heat resistance at -1858 | 80 | -6010 DIMID: 0
Set Blocks around Pipe to Fire due to to low heat resistance at -1858 | 80 | -6012 DIMID: 0
Set Blocks around Pipe to Fire due to to low heat resistance at -1858 | 80 | -6011 DIMID: 0
Set Blocks around Pipe to Fire due to to low heat resistance at -1858 | 80 | -6010 DIMID: 0
Set Blocks around Pipe to Fire due to to low heat resistance at -1858 | 80 | -6012 DIMID: 0
Set Blocks around Pipe to Fire due to to low heat resistance at -1858 | 80 | -6011 DIMID: 0
Set Blocks around Pipe to Fire due to to low heat resistance at -1858 | 80 | -6010 DIMID: 0
Set Blocks around Pipe to Fire due to to low heat resistance at -1858 | 80 | -6012 DIMID: 0
Set Blocks around Pipe to Fire due to to low heat resistance at -1858 | 80 | -6011 DIMID: 0
Set Blocks around Pipe to Fire due to to low heat resistance at -1858 | 80 | -6010 DIMID: 0
Set Blocks around Pipe to Fire due to to low heat resistance at -1858 | 80 | -6012 DIMID: 0
Set Blocks around Pipe to Fire due to to low heat resistance at -1858 | 80 | -6011 DIMID: 0
Set Blocks around Pipe to Fire due to to low heat resistance at -1858 | 80 | -6010 DIMID: 0
Set Blocks around Pipe to Fire due to to low heat resistance at -1858 | 80 | -6012 DIMID: 0
Set Blocks around Pipe to Fire due to to low heat resistance at -1858 | 80 | -6011 DIMID: 0
Set Blocks around Pipe to Fire due to to low heat resistance at -1858 | 80 | -6010 DIMID: 0
Set Blocks around Pipe to Fire due to to low heat resistance at -1858 | 80 | -6012 DIMID: 0
Set Blocks around Pipe to Fire due to to low heat resistance at -1858 | 80 | -6011 DIMID: 0
Set Blocks around Pipe to Fire due to to low heat resistance at -1858 | 80 | -6010 DIMID: 0
Set Blocks around Pipe to Fire due to to low heat resistance at -1858 | 80 | -6012 DIMID: 0
Set Blocks around Pipe to Fire due to to low heat resistance at -1858 | 80 | -6011 DIMID: 0
Set Blocks around Pipe to Fire due to to low heat resistance at -1858 | 80 | -6010 DIMID: 0
Set Blocks around Pipe to Fire due to to low heat resistance at -1858 | 80 | -6012 DIMID: 0
Set Blocks around Pipe to Fire due to to low heat resistance at -1858 | 80 | -6011 DIMID: 0
Set Blocks around Pipe to Fire due to to low heat resistance at -1858 | 80 | -6010 DIMID: 0
Set Blocks around Pipe to Fire due to to low heat resistance at -1858 | 80 | -6012 DIMID: 0
Set Blocks around Pipe to Fire due to to low heat resistance at -1858 | 80 | -6011 DIMID: 0
Set Blocks around Pipe to Fire due to to low heat resistance at -1858 | 80 | -6010 DIMID: 0
Set Blocks around Pipe to Fire due to to low heat resistance at -1858 | 80 | -6012 DIMID: 0
Set Blocks around Pipe to Fire due to to low heat resistance at -1858 | 80 | -6011 DIMID: 0
Set Blocks around Pipe to Fire due to to low heat resistance at -1858 | 80 | -6010 DIMID: 0
Set Blocks around Pipe to Fire due to to low heat resistance at -1858 | 80 | -6012 DIMID: 0
Set Blocks around Pipe to Fire due to to low heat resistance at -1858 | 80 | -6011 DIMID: 0
Set Blocks around Pipe to Fire due to to low heat resistance at -1858 | 80 | -6010 DIMID: 0
Set Blocks around Pipe to Fire due to to low heat resistance at -1858 | 80 | -6012 DIMID: 0
Set Blocks around Pipe to Fire due to to low heat resistance at -1858 | 80 | -6011 DIMID: 0
Set Blocks around Pipe to Fire due to to low heat resistance at -1858 | 80 | -6010 DIMID: 0
Set Blocks around Pipe to Fire due to to low heat resistance at -1858 | 80 | -6012 DIMID: 0
Set Blocks around Pipe to Fire due to to low heat resistance at -1858 | 80 | -6011 DIMID: 0
Set Blocks around Pipe to Fire due to to low heat resistance at -1858 | 80 | -6010 DIMID: 0
Set Blocks around Pipe to Fire due to to low heat resistance at -1858 | 80 | -6012 DIMID: 0
Set Blocks around Pipe to Fire due to to low heat resistance at -1858 | 80 | -6011 DIMID: 0
Set Blocks around Pipe to Fire due to to low heat resistance at -1858 | 80 | -6010 DIMID: 0
Set Blocks around Pipe to Fire due to to low heat resistance at -1858 | 80 | -6012 DIMID: 0
Set Blocks around Pipe to Fire due to to low heat resistance at -1858 | 80 | -6011 DIMID: 0
Set Blocks around Pipe to Fire due to to low heat resistance at -1858 | 80 | -6010 DIMID: 0
Set Blocks around Pipe to Fire due to to low heat resistance at -1858 | 80 | -6012 DIMID: 0
Set Blocks around Pipe to Fire due to to low heat resistance at -1858 | 80 | -6011 DIMID: 0
Set Blocks around Pipe to Fire due to to low heat resistance at -1858 | 80 | -6010 DIMID: 0
Set Blocks around Pipe to Fire due to to low heat resistance at -1858 | 80 | -6012 DIMID: 0
Set Blocks around Pipe to Fire due to to low heat resistance at -1858 | 80 | -6011 DIMID: 0
Set Blocks around Pipe to Fire due to to low heat resistance at -1858 | 80 | -6010 DIMID: 0
Set Blocks around Pipe to Fire due to to low heat resistance at -1858 | 80 | -6012 DIMID: 0
Set Blocks around Pipe to Fire due to to low heat resistance at -1858 | 80 | -6011 DIMID: 0
Set Blocks around Pipe to Fire due to to low heat resistance at -1858 | 80 | -6010 DIMID: 0
Set Blocks around Pipe to Fire due to to low heat resistance at -1858 | 80 | -6012 DIMID: 0
Set Blocks around Pipe to Fire due to to low heat resistance at -1858 | 80 | -6011 DIMID: 0
Set Blocks around Pipe to Fire due to to low heat resistance at -1858 | 80 | -6010 DIMID: 0
Set Blocks around Pipe to Fire due to to low heat resistance at -1858 | 80 | -6012 DIMID: 0
Set Blocks around Pipe to Fire due to to low heat resistance at -1858 | 80 | -6011 DIMID: 0
Set Blocks around Pipe to Fire due to to low heat resistance at -1858 | 80 | -6010 DIMID: 0
Set Blocks around Pipe to Fire due to to low heat resistance at -1858 | 80 | -6012 DIMID: 0
Set Blocks around Pipe to Fire due to to low heat resistance at -1858 | 80 | -6011 DIMID: 0
Set Blocks around Pipe to Fire due to to low heat resistance at -1858 | 80 | -6010 DIMID: 0
Set Blocks around Pipe to Fire due to to low heat resistance at -1858 | 80 | -6012 DIMID: 0
Set Blocks around Pipe to Fire due to to low heat resistance at -1858 | 80 | -6011 DIMID: 0
Set Blocks around Pipe to Fire due to to low heat resistance at -1858 | 80 | -6010 DIMID: 0
Set Blocks around Pipe to Fire due to to low heat resistance at -1858 | 80 | -6012 DIMID: 0
Set Blocks around Pipe to Fire due to to low heat resistance at -1858 | 80 | -6011 DIMID: 0
Set Blocks around Pipe to Fire due to to low heat resistance at -1858 | 80 | -6010 DIMID: 0
Set Blocks around Pipe to Fire due to to low heat resistance at -1858 | 80 | -6012 DIMID: 0
Set Blocks around Pipe to Fire due to to low heat resistance at -1858 | 80 | -6011 DIMID: 0
Set Blocks around Pipe to Fire due to to low heat resistance at -1858 | 80 | -6010 DIMID: 0
Set Blocks around Pipe to Fire due to to low heat resistance at -1858 | 80 | -6012 DIMID: 0
Set Blocks around Pipe to Fire due to to low heat resistance at -1858 | 80 | -6011 DIMID: 0
Set Blocks around Pipe to Fire due to to low heat resistance at -1858 | 80 | -6010 DIMID: 0
Set Blocks around Pipe to Fire due to to low heat resistance at -1858 | 80 | -6012 DIMID: 0
Set Blocks around Pipe to Fire due to to low heat resistance at -1858 | 80 | -6011 DIMID: 0
Set Blocks around Pipe to Fire due to to low heat resistance at -1858 | 80 | -6010 DIMID: 0
Set Blocks around Pipe to Fire due to to low heat resistance at -1858 | 80 | -6012 DIMID: 0
Set Blocks around Pipe to Fire due to to low heat resistance at -1858 | 80 | -6011 DIMID: 0
Set Blocks around Pipe to Fire due to to low heat resistance at -1858 | 80 | -6010 DIMID: 0
Set Blocks around Pipe to Fire due to to low heat resistance at -1858 | 80 | -6012 DIMID: 0
Set Blocks around Pipe to Fire due to to low heat resistance at -1858 | 80 | -6011 DIMID: 0
Set Blocks around Pipe to Fire due to to low heat resistance at -1858 | 80 | -6010 DIMID: 0
Set Blocks around Pipe to Fire due to to low heat resistance at -1858 | 80 | -6012 DIMID: 0
Set Blocks around Pipe to Fire due to to low heat resistance at -1858 | 80 | -6011 DIMID: 0
Set Blocks around Pipe to Fire due to to low heat resistance at -1858 | 80 | -6010 DIMID: 0
Set Blocks around Pipe to Fire due to to low heat resistance at -1858 | 80 | -6012 DIMID: 0
Set Blocks around Pipe to Fire due to to low heat resistance at -1858 | 80 | -6011 DIMID: 0
Set Pipe to Fire due to to low heat resistance at -1858 | 80 | -6010 DIMID: 0
Set Blocks around Pipe to Fire due to to low heat resistance at -1858 | 80 | -6012 DIMID: 0
Set Blocks around Pipe to Fire due to to low heat resistance at -1858 | 80 | -6011 DIMID: 0
Set Blocks around Pipe to Fire due to to low heat resistance at -1858 | 80 | -6012 DIMID: 0
Set Blocks around Pipe to Fire due to to low heat resistance at -1858 | 80 | -6011 DIMID: 0
Set Blocks around Pipe to Fire due to to low heat resistance at -1858 | 80 | -6012 DIMID: 0
Set Blocks around Pipe to Fire due to to low heat resistance at -1858 | 80 | -6011 DIMID: 0
Set Blocks around Pipe to Fire due to to low heat resistance at -1858 | 80 | -6012 DIMID: 0
Set Blocks around Pipe to Fire due to to low heat resistance at -1858 | 80 | -6011 DIMID: 0
Set Blocks around Pipe to Fire due to to low heat resistance at -1858 | 80 | -6012 DIMID: 0
Set Blocks around Pipe to Fire due to to low heat resistance at -1858 | 80 | -6011 DIMID: 0
Set Blocks around Pipe to Fire due to to low heat resistance at -1858 | 80 | -6012 DIMID: 0
Set Blocks around Pipe to Fire due to to low heat resistance at -1858 | 80 | -6011 DIMID: 0
Set Blocks around Pipe to Fire due to to low heat resistance at -1858 | 80 | -6012 DIMID: 0
Set Blocks around Pipe to Fire due to to low heat resistance at -1858 | 80 | -6011 DIMID: 0
Set Blocks around Pipe to Fire due to to low heat resistance at -1858 | 80 | -6012 DIMID: 0
Set Blocks around Pipe to Fire due to to low heat resistance at -1858 | 80 | -6011 DIMID: 0
Set Blocks around Pipe to Fire due to to low heat resistance at -1858 | 80 | -6012 DIMID: 0
Set Blocks around Pipe to Fire due to to low heat resistance at -1858 | 80 | -6011 DIMID: 0
Set Blocks around Pipe to Fire due to to low heat resistance at -1858 | 80 | -6012 DIMID: 0
Set Blocks around Pipe to Fire due to to low heat resistance at -1858 | 80 | -6011 DIMID: 0
Set Blocks around Pipe to Fire due to to low heat resistance at -1858 | 80 | -6012 DIMID: 0
Set Blocks around Pipe to Fire due to to low heat resistance at -1858 | 80 | -6011 DIMID: 0
Set Blocks around Pipe to Fire due to to low heat resistance at -1858 | 80 | -6012 DIMID: 0
Set Blocks around Pipe to Fire due to to low heat resistance at -1858 | 80 | -6011 DIMID: 0
Set Blocks around Pipe to Fire due to to low heat resistance at -1858 | 80 | -6012 DIMID: 0
Set Blocks around Pipe to Fire due to to low heat resistance at -1858 | 80 | -6011 DIMID: 0
Set Blocks around Pipe to Fire due to to low heat resistance at -1858 | 80 | -6012 DIMID: 0
Set Blocks around Pipe to Fire due to to low heat resistance at -1858 | 80 | -6011 DIMID: 0
Set Blocks around Pipe to Fire due to to low heat resistance at -1858 | 80 | -6012 DIMID: 0
Set Blocks around Pipe to Fire due to to low heat resistance at -1858 | 80 | -6011 DIMID: 0
Set Blocks around Pipe to Fire due to to low heat resistance at -1858 | 80 | -6012 DIMID: 0
Set Blocks around Pipe to Fire due to to low heat resistance at -1858 | 80 | -6011 DIMID: 0
Set Blocks around Pipe to Fire due to to low heat resistance at -1858 | 80 | -6012 DIMID: 0
Set Blocks around Pipe to Fire due to to low heat resistance at -1858 | 80 | -6011 DIMID: 0
Set Blocks around Pipe to Fire due to to low heat resistance at -1858 | 80 | -6012 DIMID: 0
Set Blocks around Pipe to Fire due to to low heat resistance at -1858 | 80 | -6011 DIMID: 0
Set Blocks around Pipe to Fire due to to low heat resistance at -1858 | 80 | -6012 DIMID: 0
Set Blocks around Pipe to Fire due to to low heat resistance at -1858 | 80 | -6011 DIMID: 0
Set Blocks around Pipe to Fire due to to low heat resistance at -1858 | 80 | -6012 DIMID: 0
Set Blocks around Pipe to Fire due to to low heat resistance at -1858 | 80 | -6011 DIMID: 0
Set Blocks around Pipe to Fire due to to low heat resistance at -1858 | 80 | -6012 DIMID: 0
Set Blocks around Pipe to Fire due to to low heat resistance at -1858 | 80 | -6011 DIMID: 0
Set Blocks around Pipe to Fire due to to low heat resistance at -1858 | 80 | -6012 DIMID: 0
Set Blocks around Pipe to Fire due to to low heat resistance at -1858 | 80 | -6011 DIMID: 0
Set Blocks around Pipe to Fire due to to low heat resistance at -1858 | 80 | -6012 DIMID: 0
Set Blocks around Pipe to Fire due to to low heat resistance at -1858 | 80 | -6011 DIMID: 0
Set Blocks around Pipe to Fire due to to low heat resistance at -1858 | 80 | -6012 DIMID: 0
Set Blocks around Pipe to Fire due to to low heat resistance at -1858 | 80 | -6011 DIMID: 0
Set Blocks around Pipe to Fire due to to low heat resistance at -1858 | 80 | -6012 DIMID: 0
Set Blocks around Pipe to Fire due to to low heat resistance at -1858 | 80 | -6011 DIMID: 0
Set Blocks around Pipe to Fire due to to low heat resistance at -1858 | 80 | -6012 DIMID: 0
Set Blocks around Pipe to Fire due to to low heat resistance at -1858 | 80 | -6011 DIMID: 0
Set Blocks around Pipe to Fire due to to low heat resistance at -1858 | 80 | -6012 DIMID: 0
Set Blocks around Pipe to Fire due to to low heat resistance at -1858 | 80 | -6011 DIMID: 0
Set Blocks around Pipe to Fire due to to low heat resistance at -1858 | 80 | -6012 DIMID: 0
Set Blocks around Pipe to Fire due to to low heat resistance at -1858 | 80 | -6011 DIMID: 0
Set Blocks around Pipe to Fire due to to low heat resistance at -1858 | 80 | -6012 DIMID: 0
Set Blocks around Pipe to Fire due to to low heat resistance at -1858 | 80 | -6011 DIMID: 0
Set Blocks around Pipe to Fire due to to low heat resistance at -1858 | 80 | -6012 DIMID: 0
Set Blocks around Pipe to Fire due to to low heat resistance at -1858 | 80 | -6011 DIMID: 0
Set Blocks around Pipe to Fire due to to low heat resistance at -1858 | 80 | -6012 DIMID: 0
Set Blocks around Pipe to Fire due to to low heat resistance at -1858 | 80 | -6011 DIMID: 0
Set Blocks around Pipe to Fire due to to low heat resistance at -1858 | 80 | -6012 DIMID: 0
Set Blocks around Pipe to Fire due to to low heat resistance at -1858 | 80 | -6011 DIMID: 0
Set Blocks around Pipe to Fire due to to low heat resistance at -1858 | 80 | -6012 DIMID: 0
Set Blocks around Pipe to Fire due to to low heat resistance at -1858 | 80 | -6011 DIMID: 0
Set Blocks around Pipe to Fire due to to low heat resistance at -1858 | 80 | -6012 DIMID: 0
Set Blocks around Pipe to Fire due to to low heat resistance at -1858 | 80 | -6011 DIMID: 0
Set Blocks around Pipe to Fire due to to low heat resistance at -1858 | 80 | -6012 DIMID: 0
Set Blocks around Pipe to Fire due to to low heat resistance at -1858 | 80 | -6011 DIMID: 0
Set Blocks around Pipe to Fire due to to low heat resistance at -1858 | 80 | -6012 DIMID: 0
Set Blocks around Pipe to Fire due to to low heat resistance at -1858 | 80 | -6011 DIMID: 0
Set Blocks around Pipe to Fire due to to low heat resistance at -1858 | 80 | -6012 DIMID: 0
Set Blocks around Pipe to Fire due to to low heat resistance at -1858 | 80 | -6011 DIMID: 0
Set Blocks around Pipe to Fire due to to low heat resistance at -1858 | 80 | -6012 DIMID: 0
Set Blocks around Pipe to Fire due to to low heat resistance at -1858 | 80 | -6011 DIMID: 0
Set Blocks around Pipe to Fire due to to low heat resistance at -1858 | 80 | -6012 DIMID: 0
Set Blocks around Pipe to Fire due to to low heat resistance at -1858 | 80 | -6011 DIMID: 0
Set Blocks around Pipe to Fire due to to low heat resistance at -1858 | 80 | -6012 DIMID: 0
Set Blocks around Pipe to Fire due to to low heat resistance at -1858 | 80 | -6011 DIMID: 0
Set Blocks around Pipe to Fire due to to low heat resistance at -1858 | 80 | -6012 DIMID: 0
Set Blocks around Pipe to Fire due to to low heat resistance at -1858 | 80 | -6011 DIMID: 0
Set Blocks around Pipe to Fire due to to low heat resistance at -1858 | 80 | -6012 DIMID: 0
Set Blocks around Pipe to Fire due to to low heat resistance at -1858 | 80 | -6011 DIMID: 0
Set Blocks around Pipe to Fire due to to low heat resistance at -1858 | 80 | -6012 DIMID: 0
Set Blocks around Pipe to Fire due to to low heat resistance at -1858 | 80 | -6011 DIMID: 0
Set Blocks around Pipe to Fire due to to low heat resistance at -1858 | 80 | -6012 DIMID: 0
Set Blocks around Pipe to Fire due to to low heat resistance at -1858 | 80 | -6011 DIMID: 0
Set Blocks around Pipe to Fire due to to low heat resistance at -1858 | 80 | -6012 DIMID: 0
Set Blocks around Pipe to Fire due to to low heat resistance at -1858 | 80 | -6011 DIMID: 0
Set Blocks around Pipe to Fire due to to low heat resistance at -1858 | 80 | -6012 DIMID: 0
Set Blocks around Pipe to Fire due to to low heat resistance at -1858 | 80 | -6011 DIMID: 0
Set Blocks around Pipe to Fire due to to low heat resistance at -1858 | 80 | -6012 DIMID: 0
Set Blocks around Pipe to Fire due to to low heat resistance at -1858 | 80 | -6011 DIMID: 0
Set Blocks around Pipe to Fire due to to low heat resistance at -1858 | 80 | -6012 DIMID: 0
Set Blocks around Pipe to Fire due to to low heat resistance at -1858 | 80 | -6011 DIMID: 0
Set Blocks around Pipe to Fire due to to low heat resistance at -1858 | 80 | -6012 DIMID: 0
Set Blocks around Pipe to Fire due to to low heat resistance at -1858 | 80 | -6011 DIMID: 0
Set Blocks around Pipe to Fire due to to low heat resistance at -1858 | 80 | -6012 DIMID: 0
Set Blocks around Pipe to Fire due to to low heat resistance at -1858 | 80 | -6011 DIMID: 0
Set Blocks around Pipe to Fire due to to low heat resistance at -1858 | 80 | -6012 DIMID: 0
Set Blocks around Pipe to Fire due to to low heat resistance at -1858 | 80 | -6011 DIMID: 0
Set Blocks around Pipe to Fire due to to low heat resistance at -1858 | 80 | -6012 DIMID: 0
Set Blocks around Pipe to Fire due to to low heat resistance at -1858 | 80 | -6011 DIMID: 0
Set Blocks around Pipe to Fire due to to low heat resistance at -1858 | 80 | -6012 DIMID: 0
Set Blocks around Pipe to Fire due to to low heat resistance at -1858 | 80 | -6011 DIMID: 0
Set Blocks around Pipe to Fire due to to low heat resistance at -1858 | 80 | -6012 DIMID: 0
Set Blocks around Pipe to Fire due to to low heat resistance at -1858 | 80 | -6011 DIMID: 0
Set Blocks around Pipe to Fire due to to low heat resistance at -1858 | 80 | -6012 DIMID: 0
Set Blocks around Pipe to Fire due to to low heat resistance at -1858 | 80 | -6011 DIMID: 0
Set Blocks around Pipe to Fire due to to low heat resistance at -1858 | 80 | -6012 DIMID: 0
Set Blocks around Pipe to Fire due to to low heat resistance at -1858 | 80 | -6011 DIMID: 0
Set Blocks around Pipe to Fire due to to low heat resistance at -1858 | 80 | -6012 DIMID: 0
Set Blocks around Pipe to Fire due to to low heat resistance at -1858 | 80 | -6011 DIMID: 0
Set Blocks around Pipe to Fire due to to low heat resistance at -1858 | 80 | -6012 DIMID: 0
Set Blocks around Pipe to Fire due to to low heat resistance at -1858 | 80 | -6011 DIMID: 0
Set Blocks around Pipe to Fire due to to low heat resistance at -1858 | 80 | -6012 DIMID: 0
Set Blocks around Pipe to Fire due to to low heat resistance at -1858 | 80 | -6011 DIMID: 0
Set Blocks around Pipe to Fire due to to low heat resistance at -1858 | 80 | -6012 DIMID: 0
Set Blocks around Pipe to Fire due to to low heat resistance at -1858 | 80 | -6011 DIMID: 0
Set Blocks around Pipe to Fire due to to low heat resistance at -1858 | 80 | -6012 DIMID: 0
Set Blocks around Pipe to Fire due to to low heat resistance at -1858 | 80 | -6011 DIMID: 0
Set Blocks around Pipe to Fire due to to low heat resistance at -1858 | 80 | -6012 DIMID: 0
Set Blocks around Pipe to Fire due to to low heat resistance at -1858 | 80 | -6011 DIMID: 0
Set Blocks around Pipe to Fire due to to low heat resistance at -1858 | 80 | -6012 DIMID: 0
Set Blocks around Pipe to Fire due to to low heat resistance at -1858 | 80 | -6011 DIMID: 0
Set Blocks around Pipe to Fire due to to low heat resistance at -1858 | 80 | -6012 DIMID: 0
Set Blocks around Pipe to Fire due to to low heat resistance at -1858 | 80 | -6011 DIMID: 0
Set Blocks around Pipe to Fire due to to low heat resistance at -1858 | 80 | -6012 DIMID: 0
Set Blocks around Pipe to Fire due to to low heat resistance at -1858 | 80 | -6011 DIMID: 0
Set Blocks around Pipe to Fire due to to low heat resistance at -1858 | 80 | -6012 DIMID: 0
Set Blocks around Pipe to Fire due to to low heat resistance at -1858 | 80 | -6011 DIMID: 0
Set Blocks around Pipe to Fire due to to low heat resistance at -1858 | 80 | -6012 DIMID: 0
Set Blocks around Pipe to Fire due to to low heat resistance at -1858 | 80 | -6011 DIMID: 0
Set Blocks around Pipe to Fire due to to low heat resistance at -1858 | 80 | -6012 DIMID: 0
Set Blocks around Pipe to Fire due to to low heat resistance at -1858 | 80 | -6011 DIMID: 0
Set Blocks around Pipe to Fire due to to low heat resistance at -1858 | 80 | -6012 DIMID: 0
Set Blocks around Pipe to Fire due to to low heat resistance at -1858 | 80 | -6011 DIMID: 0
Set Blocks around Pipe to Fire due to to low heat resistance at -1858 | 80 | -6012 DIMID: 0
Set Blocks around Pipe to Fire due to to low heat resistance at -1858 | 80 | -6011 DIMID: 0
Set Blocks around Pipe to Fire due to to low heat resistance at -1858 | 80 | -6012 DIMID: 0
Set Blocks around Pipe to Fire due to to low heat resistance at -1858 | 80 | -6011 DIMID: 0
Set Blocks around Pipe to Fire due to to low heat resistance at -1858 | 80 | -6012 DIMID: 0
Set Blocks around Pipe to Fire due to to low heat resistance at -1858 | 80 | -6011 DIMID: 0
Set Blocks around Pipe to Fire due to to low heat resistance at -1858 | 80 | -6012 DIMID: 0
Set Blocks around Pipe to Fire due to to low heat resistance at -1858 | 80 | -6011 DIMID: 0
Set Blocks around Pipe to Fire due to to low heat resistance at -1858 | 80 | -6012 DIMID: 0
Set Blocks around Pipe to Fire due to to low heat resistance at -1858 | 80 | -6011 DIMID: 0
Set Blocks around Pipe to Fire due to to low heat resistance at -1858 | 80 | -6012 DIMID: 0
Set Blocks around Pipe to Fire due to to low heat resistance at -1858 | 80 | -6011 DIMID: 0
Set Blocks around Pipe to Fire due to to low heat resistance at -1858 | 80 | -6012 DIMID: 0
Set Pipe to Fire due to to low heat resistance at -1858 | 80 | -6011 DIMID: 0
Set Blocks around Pipe to Fire due to to low heat resistance at -1858 | 80 | -6012 DIMID: 0
Set Blocks around Pipe to Fire due to to low heat resistance at -1858 | 80 | -6012 DIMID: 0
Set Blocks around Pipe to Fire due to to low heat resistance at -1858 | 80 | -6012 DIMID: 0
Set Blocks around Pipe to Fire due to to low heat resistance at -1858 | 80 | -6012 DIMID: 0
Set Blocks around Pipe to Fire due to to low heat resistance at -1858 | 80 | -6012 DIMID: 0
Set Blocks around Pipe to Fire due to to low heat resistance at -1858 | 80 | -6012 DIMID: 0
Set Blocks around Pipe to Fire due to to low heat resistance at -1858 | 80 | -6012 DIMID: 0
Set Blocks around Pipe to Fire due to to low heat resistance at -1858 | 80 | -6012 DIMID: 0
Set Blocks around Pipe to Fire due to to low heat resistance at -1858 | 80 | -6012 DIMID: 0
Set Pipe to Fire due to to low heat resistance at -1858 | 80 | -6012 DIMID: 0
Boiler boiler.steel.solar had no Water!
Machine at -1857 | 80 | -6010 DIMID: 0 exploded.
Boiler boiler.steel.solar had no Water!
Machine at -1857 | 80 | -6012 DIMID: 0 exploded.
