[16:21:34] [main/INFO] [LaunchWrapper]: Loading tweak class name cpw.mods.fml.common.launcher.FMLServerTweaker
[16:21:34] [main/INFO] [LaunchWrapper]: Using primary tweak class name cpw.mods.fml.common.launcher.FMLServerTweaker
[16:21:34] [main/INFO] [LaunchWrapper]: Calling tweak class cpw.mods.fml.common.launcher.FMLServerTweaker
[07:00:20] [main/INFO] [LaunchWrapper]: Loading tweak class name cpw.mods.fml.common.launcher.FMLServerTweaker
[07:00:20] [main/INFO] [LaunchWrapper]: Using primary tweak class name cpw.mods.fml.common.launcher.FMLServerTweaker
[07:00:20] [main/INFO] [LaunchWrapper]: Calling tweak class cpw.mods.fml.common.launcher.FMLServerTweaker
[07:00:20] [main/INFO] [LaunchWrapper]: Loading tweak class name cpw.mods.fml.common.launcher.FMLServerTweaker
[07:00:20] [main/INFO] [LaunchWrapper]: Using primary tweak class name cpw.mods.fml.common.launcher.FMLServerTweaker
[07:00:20] [main/INFO] [LaunchWrapper]: Calling tweak class cpw.mods.fml.common.launcher.FMLServerTweaker
[17:48:50] [main/INFO] [LaunchWrapper]: Loading tweak class name cpw.mods.fml.common.launcher.FMLServerTweaker
[17:48:50] [main/INFO] [LaunchWrapper]: Using primary tweak class name cpw.mods.fml.common.launcher.FMLServerTweaker
[17:48:50] [main/INFO] [LaunchWrapper]: Calling tweak class cpw.mods.fml.common.launcher.FMLServerTweaker
[19:49:51] [main/INFO] [LaunchWrapper]: Loading tweak class name cpw.mods.fml.common.launcher.FMLServerTweaker
[19:49:51] [main/INFO] [LaunchWrapper]: Using primary tweak class name cpw.mods.fml.common.launcher.FMLServerTweaker
[19:49:51] [main/INFO] [LaunchWrapper]: Calling tweak class cpw.mods.fml.common.launcher.FMLServerTweaker
[22:18:07] [main/INFO] [LaunchWrapper]: Successfully scanned 221 paths for RFB plugins.
[22:18:07] [main/INFO] [LaunchWrapper]: Constructed RFB plugin gtnhlib@0.2.11 (GTNHLib): com.gtnewhorizon.gtnhlib.rfb.GTNHLibRfbPlugin (jar:file:///home/ubuntu/gtnh_server/./mods/gtnhlib-0.2.11.jar!META-INF/rfb-plugin/gtnhlib.properties)
[22:18:07] [main/INFO] [LaunchWrapper]: Constructed RFB plugin hodgepodge@2.4.43 (Hodgepodge): com.mitchej123.hodgepodge.rfb.HodgepodgeRfbPlugin (jar:file:///home/ubuntu/gtnh_server/./mods/hodgepodge-2.4.43.jar!META-INF/rfb-plugin/hodgepodge.properties)
[22:18:07] [main/INFO] [LaunchWrapper]: Constructed RFB plugin java@21.0.2 (Java): com.gtnewhorizons.rfbplugins.compat.DummyJavaPlugin (jar:file:/home/ubuntu/gtnh_server/lwjgl3ify-forgePatches.jar!/com/gtnewhorizons/retrofuturabootstrap/plugin/PluginLoader.class)
[22:18:07] [main/INFO] [LaunchWrapper]: Constructed RFB plugin lwjgl3ify@2.0.7 (LWJGL3ify): me.eigenraven.lwjgl3ify.rfb.Lwjgl3ifyRfbPlugin (jar:file:///home/ubuntu/gtnh_server/./mods/lwjgl3ify-2.0.7.jar!META-INF/rfb-plugin/lwjgl3ify.properties)
[22:18:07] [main/INFO] [LaunchWrapper]: Constructed RFB plugin rfb@1.0.2 (RetroFuturaBootstrap): com.gtnewhorizons.rfbplugins.compat.DummyRfbPlugin (jar:file:/home/ubuntu/gtnh_server/lwjgl3ify-forgePatches.jar!/com/gtnewhorizons/retrofuturabootstrap/plugin/PluginLoader.class)
[22:18:07] [main/INFO] [LaunchWrapper]: Constructed RFB plugin rfb-asm-safety@1.0.2 (RFB ASM Safety): com.gtnewhorizons.rfbplugins.compat.AsmSafetyPlugin (jar:file:///home/ubuntu/gtnh_server/lwjgl3ify-forgePatches.jar!META-INF/rfb-plugin/rfb-asm-safety.properties)
[22:18:07] [main/INFO] [LaunchWrapper]: Constructed RFB plugin rfb-modern-java@1.0.2 (RFB modern Java compatibility plugin): com.gtnewhorizons.rfbplugins.compat.ModernJavaCompatibilityPlugin (jar:file:///home/ubuntu/gtnh_server/lwjgl3ify-forgePatches.jar!META-INF/rfb-plugin/rfb-modern-java.properties)
[22:18:07] [main/INFO] [LaunchWrapper]: Constructing tweaker cpw.mods.fml.common.launcher.FMLServerTweaker
[22:18:07] [main/INFO] [LaunchWrapper]: Installing tweaker cpw.mods.fml.common.launcher.FMLServerTweaker
[22:27:49] [main/INFO] [LaunchWrapper]: Successfully scanned 221 paths for RFB plugins.
[22:27:49] [main/INFO] [LaunchWrapper]: Constructed RFB plugin gtnhlib@0.2.11 (GTNHLib): com.gtnewhorizon.gtnhlib.rfb.GTNHLibRfbPlugin (jar:file:///home/ubuntu/gtnh_server/./mods/gtnhlib-0.2.11.jar!META-INF/rfb-plugin/gtnhlib.properties)
[22:27:49] [main/INFO] [LaunchWrapper]: Constructed RFB plugin hodgepodge@2.4.43 (Hodgepodge): com.mitchej123.hodgepodge.rfb.HodgepodgeRfbPlugin (jar:file:///home/ubuntu/gtnh_server/./mods/hodgepodge-2.4.43.jar!META-INF/rfb-plugin/hodgepodge.properties)
[22:27:49] [main/INFO] [LaunchWrapper]: Constructed RFB plugin java@21.0.2 (Java): com.gtnewhorizons.rfbplugins.compat.DummyJavaPlugin (jar:file:/home/ubuntu/gtnh_server/lwjgl3ify-forgePatches.jar!/com/gtnewhorizons/retrofuturabootstrap/plugin/PluginLoader.class)
[22:27:49] [main/INFO] [LaunchWrapper]: Constructed RFB plugin lwjgl3ify@2.0.7 (LWJGL3ify): me.eigenraven.lwjgl3ify.rfb.Lwjgl3ifyRfbPlugin (jar:file:///home/ubuntu/gtnh_server/./mods/lwjgl3ify-2.0.7.jar!META-INF/rfb-plugin/lwjgl3ify.properties)
[22:27:50] [main/INFO] [LaunchWrapper]: Constructed RFB plugin rfb@1.0.2 (RetroFuturaBootstrap): com.gtnewhorizons.rfbplugins.compat.DummyRfbPlugin (jar:file:/home/ubuntu/gtnh_server/lwjgl3ify-forgePatches.jar!/com/gtnewhorizons/retrofuturabootstrap/plugin/PluginLoader.class)
[22:27:50] [main/INFO] [LaunchWrapper]: Constructed RFB plugin rfb-asm-safety@1.0.2 (RFB ASM Safety): com.gtnewhorizons.rfbplugins.compat.AsmSafetyPlugin (jar:file:///home/ubuntu/gtnh_server/lwjgl3ify-forgePatches.jar!META-INF/rfb-plugin/rfb-asm-safety.properties)
[22:27:50] [main/INFO] [LaunchWrapper]: Constructed RFB plugin rfb-modern-java@1.0.2 (RFB modern Java compatibility plugin): com.gtnewhorizons.rfbplugins.compat.ModernJavaCompatibilityPlugin (jar:file:///home/ubuntu/gtnh_server/lwjgl3ify-forgePatches.jar!META-INF/rfb-plugin/rfb-modern-java.properties)
[22:27:50] [main/INFO] [LaunchWrapper]: Constructing tweaker cpw.mods.fml.common.launcher.FMLServerTweaker
[22:27:50] [main/INFO] [LaunchWrapper]: Installing tweaker cpw.mods.fml.common.launcher.FMLServerTweaker
[07:00:21] [main/INFO] [LaunchWrapper]: Successfully scanned 221 paths for RFB plugins.
[07:00:21] [main/INFO] [LaunchWrapper]: Constructed RFB plugin gtnhlib@0.2.11 (GTNHLib): com.gtnewhorizon.gtnhlib.rfb.GTNHLibRfbPlugin (jar:file:///home/ubuntu/gtnh_server/./mods/gtnhlib-0.2.11.jar!META-INF/rfb-plugin/gtnhlib.properties)
[07:00:21] [main/INFO] [LaunchWrapper]: Constructed RFB plugin hodgepodge@2.4.43 (Hodgepodge): com.mitchej123.hodgepodge.rfb.HodgepodgeRfbPlugin (jar:file:///home/ubuntu/gtnh_server/./mods/hodgepodge-2.4.43.jar!META-INF/rfb-plugin/hodgepodge.properties)
[07:00:21] [main/INFO] [LaunchWrapper]: Constructed RFB plugin java@21.0.2 (Java): com.gtnewhorizons.rfbplugins.compat.DummyJavaPlugin (jar:file:/home/ubuntu/gtnh_server/lwjgl3ify-forgePatches.jar!/com/gtnewhorizons/retrofuturabootstrap/plugin/PluginLoader.class)
[07:00:21] [main/INFO] [LaunchWrapper]: Constructed RFB plugin lwjgl3ify@2.0.7 (LWJGL3ify): me.eigenraven.lwjgl3ify.rfb.Lwjgl3ifyRfbPlugin (jar:file:///home/ubuntu/gtnh_server/./mods/lwjgl3ify-2.0.7.jar!META-INF/rfb-plugin/lwjgl3ify.properties)
[07:00:21] [main/INFO] [LaunchWrapper]: Constructed RFB plugin rfb@1.0.2 (RetroFuturaBootstrap): com.gtnewhorizons.rfbplugins.compat.DummyRfbPlugin (jar:file:/home/ubuntu/gtnh_server/lwjgl3ify-forgePatches.jar!/com/gtnewhorizons/retrofuturabootstrap/plugin/PluginLoader.class)
[07:00:21] [main/INFO] [LaunchWrapper]: Constructed RFB plugin rfb-asm-safety@1.0.2 (RFB ASM Safety): com.gtnewhorizons.rfbplugins.compat.AsmSafetyPlugin (jar:file:///home/ubuntu/gtnh_server/lwjgl3ify-forgePatches.jar!META-INF/rfb-plugin/rfb-asm-safety.properties)
[07:00:21] [main/INFO] [LaunchWrapper]: Constructed RFB plugin rfb-modern-java@1.0.2 (RFB modern Java compatibility plugin): com.gtnewhorizons.rfbplugins.compat.ModernJavaCompatibilityPlugin (jar:file:///home/ubuntu/gtnh_server/lwjgl3ify-forgePatches.jar!META-INF/rfb-plugin/rfb-modern-java.properties)
[07:00:21] [main/INFO] [LaunchWrapper]: Constructing tweaker cpw.mods.fml.common.launcher.FMLServerTweaker
[07:00:21] [main/INFO] [LaunchWrapper]: Installing tweaker cpw.mods.fml.common.launcher.FMLServerTweaker
[15:09:03] [main/INFO] [LaunchWrapper]: Successfully scanned 221 paths for RFB plugins.
[15:09:03] [main/INFO] [LaunchWrapper]: Constructed RFB plugin gtnhlib@0.2.11 (GTNHLib): com.gtnewhorizon.gtnhlib.rfb.GTNHLibRfbPlugin (jar:file:///home/ubuntu/gtnh_server/./mods/gtnhlib-0.2.11.jar!META-INF/rfb-plugin/gtnhlib.properties)
[15:09:03] [main/INFO] [LaunchWrapper]: Constructed RFB plugin hodgepodge@2.4.43 (Hodgepodge): com.mitchej123.hodgepodge.rfb.HodgepodgeRfbPlugin (jar:file:///home/ubuntu/gtnh_server/./mods/hodgepodge-2.4.43.jar!META-INF/rfb-plugin/hodgepodge.properties)
[15:09:03] [main/INFO] [LaunchWrapper]: Constructed RFB plugin java@21.0.2 (Java): com.gtnewhorizons.rfbplugins.compat.DummyJavaPlugin (jar:file:/home/ubuntu/gtnh_server/lwjgl3ify-forgePatches.jar!/com/gtnewhorizons/retrofuturabootstrap/plugin/PluginLoader.class)
[15:09:03] [main/INFO] [LaunchWrapper]: Constructed RFB plugin lwjgl3ify@2.0.7 (LWJGL3ify): me.eigenraven.lwjgl3ify.rfb.Lwjgl3ifyRfbPlugin (jar:file:///home/ubuntu/gtnh_server/./mods/lwjgl3ify-2.0.7.jar!META-INF/rfb-plugin/lwjgl3ify.properties)
[15:09:03] [main/INFO] [LaunchWrapper]: Constructed RFB plugin rfb@1.0.2 (RetroFuturaBootstrap): com.gtnewhorizons.rfbplugins.compat.DummyRfbPlugin (jar:file:/home/ubuntu/gtnh_server/lwjgl3ify-forgePatches.jar!/com/gtnewhorizons/retrofuturabootstrap/plugin/PluginLoader.class)
[15:09:03] [main/INFO] [LaunchWrapper]: Constructed RFB plugin rfb-asm-safety@1.0.2 (RFB ASM Safety): com.gtnewhorizons.rfbplugins.compat.AsmSafetyPlugin (jar:file:///home/ubuntu/gtnh_server/lwjgl3ify-forgePatches.jar!META-INF/rfb-plugin/rfb-asm-safety.properties)
[15:09:03] [main/INFO] [LaunchWrapper]: Constructed RFB plugin rfb-modern-java@1.0.2 (RFB modern Java compatibility plugin): com.gtnewhorizons.rfbplugins.compat.ModernJavaCompatibilityPlugin (jar:file:///home/ubuntu/gtnh_server/lwjgl3ify-forgePatches.jar!META-INF/rfb-plugin/rfb-modern-java.properties)
[15:09:03] [main/INFO] [LaunchWrapper]: Constructing tweaker cpw.mods.fml.common.launcher.FMLServerTweaker
[15:09:04] [main/INFO] [LaunchWrapper]: Installing tweaker cpw.mods.fml.common.launcher.FMLServerTweaker
[22:32:26] [main/INFO] [LaunchWrapper]: Successfully scanned 221 paths for RFB plugins.
[22:32:26] [main/INFO] [LaunchWrapper]: Constructed RFB plugin gtnhlib@0.2.11 (GTNHLib): com.gtnewhorizon.gtnhlib.rfb.GTNHLibRfbPlugin (jar:file:///home/ubuntu/gtnh_server/./mods/gtnhlib-0.2.11.jar!META-INF/rfb-plugin/gtnhlib.properties)
[22:32:26] [main/INFO] [LaunchWrapper]: Constructed RFB plugin hodgepodge@2.4.43 (Hodgepodge): com.mitchej123.hodgepodge.rfb.HodgepodgeRfbPlugin (jar:file:///home/ubuntu/gtnh_server/./mods/hodgepodge-2.4.43.jar!META-INF/rfb-plugin/hodgepodge.properties)
[22:32:26] [main/INFO] [LaunchWrapper]: Constructed RFB plugin java@21.0.2 (Java): com.gtnewhorizons.rfbplugins.compat.DummyJavaPlugin (jar:file:/home/ubuntu/gtnh_server/lwjgl3ify-forgePatches.jar!/com/gtnewhorizons/retrofuturabootstrap/plugin/PluginLoader.class)
[22:32:26] [main/INFO] [LaunchWrapper]: Constructed RFB plugin lwjgl3ify@2.0.7 (LWJGL3ify): me.eigenraven.lwjgl3ify.rfb.Lwjgl3ifyRfbPlugin (jar:file:///home/ubuntu/gtnh_server/./mods/lwjgl3ify-2.0.7.jar!META-INF/rfb-plugin/lwjgl3ify.properties)
[22:32:26] [main/INFO] [LaunchWrapper]: Constructed RFB plugin rfb@1.0.2 (RetroFuturaBootstrap): com.gtnewhorizons.rfbplugins.compat.DummyRfbPlugin (jar:file:/home/ubuntu/gtnh_server/lwjgl3ify-forgePatches.jar!/com/gtnewhorizons/retrofuturabootstrap/plugin/PluginLoader.class)
[22:32:26] [main/INFO] [LaunchWrapper]: Constructed RFB plugin rfb-asm-safety@1.0.2 (RFB ASM Safety): com.gtnewhorizons.rfbplugins.compat.AsmSafetyPlugin (jar:file:///home/ubuntu/gtnh_server/lwjgl3ify-forgePatches.jar!META-INF/rfb-plugin/rfb-asm-safety.properties)
[22:32:26] [main/INFO] [LaunchWrapper]: Constructed RFB plugin rfb-modern-java@1.0.2 (RFB modern Java compatibility plugin): com.gtnewhorizons.rfbplugins.compat.ModernJavaCompatibilityPlugin (jar:file:///home/ubuntu/gtnh_server/lwjgl3ify-forgePatches.jar!META-INF/rfb-plugin/rfb-modern-java.properties)
[22:32:26] [main/INFO] [LaunchWrapper]: Constructing tweaker cpw.mods.fml.common.launcher.FMLServerTweaker
[22:32:26] [main/INFO] [LaunchWrapper]: Installing tweaker cpw.mods.fml.common.launcher.FMLServerTweaker
[23:26:48] [main/INFO] [LaunchWrapper]: Successfully scanned 221 paths for RFB plugins.
[23:26:48] [main/INFO] [LaunchWrapper]: Constructed RFB plugin gtnhlib@0.2.11 (GTNHLib): com.gtnewhorizon.gtnhlib.rfb.GTNHLibRfbPlugin (jar:file:///home/ubuntu/gtnh_server/./mods/gtnhlib-0.2.11.jar!META-INF/rfb-plugin/gtnhlib.properties)
[23:26:48] [main/INFO] [LaunchWrapper]: Constructed RFB plugin hodgepodge@2.4.43 (Hodgepodge): com.mitchej123.hodgepodge.rfb.HodgepodgeRfbPlugin (jar:file:///home/ubuntu/gtnh_server/./mods/hodgepodge-2.4.43.jar!META-INF/rfb-plugin/hodgepodge.properties)
[23:26:48] [main/INFO] [LaunchWrapper]: Constructed RFB plugin java@21.0.2 (Java): com.gtnewhorizons.rfbplugins.compat.DummyJavaPlugin (jar:file:/home/ubuntu/gtnh_server/lwjgl3ify-forgePatches.jar!/com/gtnewhorizons/retrofuturabootstrap/plugin/PluginLoader.class)
[23:26:48] [main/INFO] [LaunchWrapper]: Constructed RFB plugin lwjgl3ify@2.0.7 (LWJGL3ify): me.eigenraven.lwjgl3ify.rfb.Lwjgl3ifyRfbPlugin (jar:file:///home/ubuntu/gtnh_server/./mods/lwjgl3ify-2.0.7.jar!META-INF/rfb-plugin/lwjgl3ify.properties)
[23:26:48] [main/INFO] [LaunchWrapper]: Constructed RFB plugin rfb@1.0.2 (RetroFuturaBootstrap): com.gtnewhorizons.rfbplugins.compat.DummyRfbPlugin (jar:file:/home/ubuntu/gtnh_server/lwjgl3ify-forgePatches.jar!/com/gtnewhorizons/retrofuturabootstrap/plugin/PluginLoader.class)
[23:26:48] [main/INFO] [LaunchWrapper]: Constructed RFB plugin rfb-asm-safety@1.0.2 (RFB ASM Safety): com.gtnewhorizons.rfbplugins.compat.AsmSafetyPlugin (jar:file:///home/ubuntu/gtnh_server/lwjgl3ify-forgePatches.jar!META-INF/rfb-plugin/rfb-asm-safety.properties)
[23:26:48] [main/INFO] [LaunchWrapper]: Constructed RFB plugin rfb-modern-java@1.0.2 (RFB modern Java compatibility plugin): com.gtnewhorizons.rfbplugins.compat.ModernJavaCompatibilityPlugin (jar:file:///home/ubuntu/gtnh_server/lwjgl3ify-forgePatches.jar!META-INF/rfb-plugin/rfb-modern-java.properties)
[23:26:48] [main/INFO] [LaunchWrapper]: Constructing tweaker cpw.mods.fml.common.launcher.FMLServerTweaker
[23:26:48] [main/INFO] [LaunchWrapper]: Installing tweaker cpw.mods.fml.common.launcher.FMLServerTweaker
