[21:19:11] [Server thread/INFO]: Saving...
[21:19:11] [Server thread/INFO]: Saved the world
[21:19:11] [Server thread/INFO]: Stopping the server
[21:19:12] [Server thread/INFO]: Stopping server
[21:19:12] [Server thread/INFO]: Saving players
[21:19:12] [Server thread/INFO]: Saving worlds
[21:19:12] [Server thread/INFO]: Saving chunks for level 'World'/Overworld
[21:19:12] [Server thread/INFO]: Saving chunks for level 'World'/Nether
[21:19:12] [Server thread/INFO]: Saving chunks for level 'World'/Seth
[21:19:12] [Server thread/INFO]: Saving chunks for level 'World'/Horus
[21:19:12] [Server thread/INFO]: Saving chunks for level 'World'/Anubis
[21:19:12] [Server thread/INFO]: Saving chunks for level 'World'/Maahes
[21:19:12] [Server thread/INFO]: Saving chunks for level 'World'/Neper
[21:19:12] [Server thread/INFO]: Saving chunks for level 'World'/Miranda
[21:19:12] [Server thread/INFO]: Saving chunks for level 'World'/T Ceti E
[21:19:12] [Server thread/INFO]: Saving chunks for level 'World'/Vega B
[21:19:12] [Server thread/INFO]: Saving chunks for level 'World'/Haumea
[21:19:12] [Server thread/INFO]: Saving chunks for level 'World'/Barnarda F
[21:19:12] [Server thread/INFO]: Saving chunks for level 'World'/Barnarda E
[21:19:12] [Server thread/INFO]: Saving chunks for level 'World'/Outer Lands
[21:19:12] [Server thread/INFO]: Saving chunks for level 'World'/Saturn
[21:19:12] [Server thread/INFO]: Saving chunks for level 'World'/Neptune
[21:19:12] [Server thread/INFO]: Saving chunks for level 'World'/Jupiter
[21:19:12] [Server thread/INFO]: Saving chunks for level 'World'/Mirror
[21:19:12] [Server thread/INFO]: Saving chunks for level 'World'/Pocket Plane
[21:19:12] [Server thread/INFO]: Saving chunks for level 'World'/Ross128b
[21:19:12] [Server thread/INFO]: Saving chunks for level 'World'/Ross128ba
[21:19:12] [Server thread/INFO]: Saving chunks for level 'World'/Bedrock
[21:19:12] [Server thread/INFO]: Saving chunks for level 'World'/Torment
[21:19:12] [Server thread/INFO]: Saving chunks for level 'World'/Spirit World
[21:19:12] [Server thread/INFO]: Saving chunks for level 'World'/Uranus
[21:19:12] [Server thread/INFO]: Saving chunks for level 'World'/The Outer Lands
[21:19:12] [Server thread/INFO]: Saving chunks for level 'World'/Pluto
[21:19:12] [Server thread/INFO]: Saving chunks for level 'World'/Triton
[21:19:12] [Server thread/INFO]: Saving chunks for level 'World'/Proteus
[21:19:12] [Server thread/INFO]: Saving chunks for level 'World'/Oberon
[21:19:12] [Server thread/INFO]: Saving chunks for level 'World'/Callisto
[21:19:12] [Server thread/INFO]: Saving chunks for level 'World'/Titan
[21:19:12] [Server thread/INFO]: Saving chunks for level 'World'/Ganymede
[21:19:12] [Server thread/INFO]: Saving chunks for level 'World'/Ceres
[21:19:12] [Server thread/INFO]: Saving chunks for level 'World'/Enceladus
[21:19:12] [Server thread/INFO]: Saving chunks for level 'World'/Deimos
[21:19:12] [Server thread/INFO]: Saving chunks for level 'World'/Venus
[21:19:12] [Server thread/INFO]: Saving chunks for level 'World'/Phobos
[21:19:12] [Server thread/INFO]: Saving chunks for level 'World'/Mercury
[21:19:12] [Server thread/INFO]: Saving chunks for level 'World'/dimensionDarkWorld
[21:19:12] [Server thread/INFO]: Saving chunks for level 'World'/Io
[21:19:12] [Server thread/INFO]: Saving chunks for level 'World'/Europa
[21:19:12] [Server thread/INFO]: Saving chunks for level 'World'/Kuiper Belt
[21:19:12] [Server thread/INFO]: Saving chunks for level 'World'/Barnarda C
[21:19:12] [Server thread/INFO]: Saving chunks for level 'World'/α Centauri Bb
[21:19:12] [Server thread/INFO]: Saving chunks for level 'World'/Asteroids
[21:19:12] [Server thread/INFO]: Saving chunks for level 'World'/Mars
[21:19:12] [Server thread/INFO]: Saving chunks for level 'World'/Moon
[21:19:12] [Server thread/INFO]: Saving chunks for level 'World'/Makemake
[21:19:12] [Server thread/INFO]: Saving chunks for level 'World'/The Last Millenium
[21:19:12] [Server thread/INFO]: Saving chunks for level 'World'/Twilight Forest
[21:19:12] [Server thread/INFO]: Saving chunks for level 'World'/Underdark
[21:19:12] [Server thread/INFO]: Saving chunks for level 'World'/SpectreWorld
[21:19:12] [Server thread/INFO]: Saving chunks for level 'World'/Mehen Belt
