05.04.2024 10:24:11.934 - [eu.usrv.legacylootgames.LootGamesDungeonLogger][INFO] - == LootGames logger initialized ==
05.04.2024 10:54:23.740 - [eu.usrv.legacylootgames.LootGamesDungeonLogger][INFO] - == LootGames logger initialized ==
05.04.2024 11:22:02.226 - [eu.usrv.legacylootgames.LootGamesDungeonLogger][INFO] - PuzzleDungeon spawned at -168 64 -232 in Dimension 0
05.04.2024 11:23:12.083 - [eu.usrv.legacylootgames.LootGamesDungeonLogger][INFO] - PuzzleDungeon spawned at 344 52 -40 in Dimension 0
06.04.2024 10:06:05.901 - [eu.usrv.legacylootgames.LootGamesDungeonLogger][INFO] - == LootGames logger initialized ==
06.04.2024 10:19:56.356 - [eu.usrv.legacylootgames.LootGamesDungeonLogger][INFO] - PuzzleDungeon spawned at 248 55 264 in Dimension 0
06.04.2024 10:20:08.062 - [eu.usrv.legacylootgames.LootGamesDungeonLogger][INFO] - PuzzleDungeon spawned at -280 60 88 in Dimension 0
06.04.2024 10:20:19.315 - [eu.usrv.legacylootgames.LootGamesDungeonLogger][INFO] - PuzzleDungeon spawned at -88 33 360 in Dimension 0
07.04.2024 09:35:00.368 - [eu.usrv.legacylootgames.LootGamesDungeonLogger][INFO] - PuzzleDungeon spawned at -408 51 344 in Dimension 0
07.04.2024 09:35:11.164 - [eu.usrv.legacylootgames.LootGamesDungeonLogger][INFO] - PuzzleDungeon spawned at -488 57 104 in Dimension 0
07.04.2024 09:35:11.358 - [eu.usrv.legacylootgames.LootGamesDungeonLogger][INFO] - PuzzleDungeon spawned at -488 55 8 in Dimension 0
07.04.2024 09:35:22.841 - [eu.usrv.legacylootgames.LootGamesDungeonLogger][INFO] - PuzzleDungeon spawned at -616 51 360 in Dimension 0
07.04.2024 09:36:43.341 - [eu.usrv.legacylootgames.LootGamesDungeonLogger][INFO] - PuzzleDungeon spawned at -536 57 -248 in Dimension 0
07.04.2024 09:36:47.024 - [eu.usrv.legacylootgames.LootGamesDungeonLogger][INFO] - PuzzleDungeon spawned at -280 51 -280 in Dimension 0
07.04.2024 09:40:01.470 - [eu.usrv.legacylootgames.LootGamesDungeonLogger][INFO] - PuzzleDungeon spawned at 296 49 424 in Dimension 0
07.04.2024 09:40:01.863 - [eu.usrv.legacylootgames.LootGamesDungeonLogger][INFO] - PuzzleDungeon spawned at 408 51 104 in Dimension 0
07.04.2024 09:40:07.094 - [eu.usrv.legacylootgames.LootGamesDungeonLogger][INFO] - PuzzleDungeon spawned at 408 67 472 in Dimension 0
07.04.2024 09:40:12.567 - [eu.usrv.legacylootgames.LootGamesDungeonLogger][INFO] - PuzzleDungeon spawned at 24 57 488 in Dimension 0
07.04.2024 09:40:25.604 - [eu.usrv.legacylootgames.LootGamesDungeonLogger][INFO] - PuzzleDungeon spawned at 56 50 632 in Dimension 0
07.04.2024 09:43:01.557 - [eu.usrv.legacylootgames.LootGamesDungeonLogger][INFO] - PuzzleDungeon spawned at -344 57 488 in Dimension 0
07.04.2024 09:47:00.583 - [eu.usrv.legacylootgames.LootGamesDungeonLogger][INFO] - PuzzleDungeon spawned at -600 50 536 in Dimension 0
07.04.2024 09:47:09.333 - [eu.usrv.legacylootgames.LootGamesDungeonLogger][INFO] - PuzzleDungeon spawned at -712 50 664 in Dimension 0
07.04.2024 09:47:37.500 - [eu.usrv.legacylootgames.LootGamesDungeonLogger][INFO] - PuzzleDungeon spawned at -856 54 360 in Dimension 0
07.04.2024 09:47:43.010 - [eu.usrv.legacylootgames.LootGamesDungeonLogger][INFO] - PuzzleDungeon spawned at -760 62 -56 in Dimension 0
07.04.2024 09:49:32.913 - [eu.usrv.legacylootgames.LootGamesDungeonLogger][INFO] - == LootGames logger initialized ==
07.04.2024 10:08:33.688 - [eu.usrv.legacylootgames.LootGamesDungeonLogger][INFO] - == LootGames logger initialized ==
07.04.2024 11:04:29.683 - [eu.usrv.legacylootgames.LootGamesDungeonLogger][INFO] - PuzzleDungeon spawned at 120 55 -312 in Dimension 0
07.04.2024 11:09:30.036 - [eu.usrv.legacylootgames.LootGamesDungeonLogger][INFO] - PuzzleDungeon spawned at 88 52 -456 in Dimension 0
07.04.2024 11:09:49.809 - [eu.usrv.legacylootgames.LootGamesDungeonLogger][INFO] - PuzzleDungeon spawned at 56 51 -536 in Dimension 0
07.04.2024 11:23:32.212 - [eu.usrv.legacylootgames.LootGamesDungeonLogger][INFO] - PuzzleDungeon spawned at 58520 63 21528 in Dimension 0
07.04.2024 11:23:33.870 - [eu.usrv.legacylootgames.LootGamesDungeonLogger][INFO] - PuzzleDungeon spawned at 58616 55 21560 in Dimension 0
07.04.2024 11:23:36.613 - [eu.usrv.legacylootgames.LootGamesDungeonLogger][INFO] - PuzzleDungeon spawned at 58232 70 21480 in Dimension 0
07.04.2024 11:23:38.017 - [eu.usrv.legacylootgames.LootGamesDungeonLogger][INFO] - PuzzleDungeon spawned at 58488 62 21448 in Dimension 0
07.04.2024 11:23:39.308 - [eu.usrv.legacylootgames.LootGamesDungeonLogger][INFO] - PuzzleDungeon spawned at 58616 55 21656 in Dimension 0
07.04.2024 11:23:44.076 - [eu.usrv.legacylootgames.LootGamesDungeonLogger][INFO] - PuzzleDungeon spawned at 58136 56 21800 in Dimension 0
07.04.2024 11:23:56.128 - [eu.usrv.legacylootgames.LootGamesDungeonLogger][INFO] - PuzzleDungeon spawned at 58232 52 21336 in Dimension 0
07.04.2024 11:27:30.705 - [eu.usrv.legacylootgames.LootGamesDungeonLogger][INFO] - == LootGames logger initialized ==
07.04.2024 11:30:52.361 - [eu.usrv.legacylootgames.LootGamesDungeonLogger][INFO] - PuzzleDungeon spawned at -6584 118 4248 in Dimension 0
07.04.2024 11:30:59.746 - [eu.usrv.legacylootgames.LootGamesDungeonLogger][INFO] - PuzzleDungeon spawned at -6680 58 4104 in Dimension 0
07.04.2024 11:31:00.464 - [eu.usrv.legacylootgames.LootGamesDungeonLogger][INFO] - PuzzleDungeon spawned at -6520 65 4392 in Dimension 0
07.04.2024 11:31:02.250 - [eu.usrv.legacylootgames.LootGamesDungeonLogger][INFO] - PuzzleDungeon spawned at -6520 24 4488 in Dimension 0
07.04.2024 11:31:04.194 - [eu.usrv.legacylootgames.LootGamesDungeonLogger][INFO] - PuzzleDungeon spawned at -6792 50 4440 in Dimension 0
