5/8/24, 11:31 PM;RIGHT_CLICK_BLOCK;Hyulles;DIM:0;-1883;71;-6005;|;-188;7;-600
5/8/24, 11:31 PM;RIGHT_CLICK_BLOCK;Hyulles;DIM:0;-1878;72;-6008;|;-187;7;-600
5/8/24, 11:31 PM;RIGHT_CLICK_BLOCK;Ravara;DIM:0;-1880;72;-6045;|;-188;7;-604
5/8/24, 11:31 PM;RIGHT_CLICK_BLOCK;Ravara;DIM:0;-1885;73;-6074;|;-188;7;-607
5/8/24, 11:32 PM;RIGHT_CLICK_BLOCK;Ravara;DIM:0;-1979;76;-6063;|;-197;7;-606
5/8/24, 11:32 PM;RIGHT_CLICK_BLOCK;Ravara;DIM:0;-1982;75;-6065;|;-198;7;-606
5/8/24, 11:32 PM;RIGHT_CLICK_BLOCK;Ravara;DIM:0;-1985;75;-6066;|;-198;7;-606
5/8/24, 11:33 PM;RIGHT_CLICK_BLOCK;Ravara;DIM:0;-1882;72;-6073;|;-188;7;-607
5/8/24, 11:33 PM;RIGHT_CLICK_BLOCK;Ravara;DIM:0;-1885;73;-6074;|;-188;7;-607
5/8/24, 11:33 PM;RIGHT_CLICK_BLOCK;Ravara;DIM:0;-1888;71;-6067;|;-188;7;-606
5/8/24, 11:33 PM;RIGHT_CLICK_BLOCK;Ravara;DIM:0;-1890;71;-6067;|;-189;7;-606
5/8/24, 11:33 PM;RIGHT_CLICK_BLOCK;Ravara;DIM:0;-1891;72;-6067;|;-189;7;-606
5/8/24, 11:33 PM;RIGHT_CLICK_BLOCK;Ravara;DIM:0;-1890;71;-6067;|;-189;7;-606
5/8/24, 11:33 PM;RIGHT_CLICK_BLOCK;Ravara;DIM:0;-1891;72;-6067;|;-189;7;-606
5/8/24, 11:33 PM;RIGHT_CLICK_BLOCK;Ravara;DIM:0;-1890;71;-6067;|;-189;7;-606
5/8/24, 11:33 PM;RIGHT_CLICK_BLOCK;Ravara;DIM:0;-1893;75;-6070;|;-189;7;-607
5/8/24, 11:33 PM;RIGHT_CLICK_BLOCK;Ravara;DIM:0;-1892;74;-6070;|;-189;7;-607
5/8/24, 11:33 PM;RIGHT_CLICK_BLOCK;Ravara;DIM:0;-1893;73;-6070;|;-189;7;-607
5/8/24, 11:33 PM;RIGHT_CLICK_BLOCK;Ravara;DIM:0;-1892;73;-6070;|;-189;7;-607
5/8/24, 11:33 PM;RIGHT_CLICK_BLOCK;Ravara;DIM:0;-1893;73;-6070;|;-189;7;-607
5/8/24, 11:34 PM;RIGHT_CLICK_BLOCK;Ravara;DIM:0;-1890;71;-6067;|;-189;7;-606
5/8/24, 11:34 PM;RIGHT_CLICK_BLOCK;Ravara;DIM:0;-1890;71;-6067;|;-189;7;-606
5/8/24, 11:34 PM;RIGHT_CLICK_BLOCK;Ravara;DIM:0;-1890;71;-6067;|;-189;7;-606
5/8/24, 11:34 PM;RIGHT_CLICK_BLOCK;Ravara;DIM:0;-1890;71;-6067;|;-189;7;-606
5/8/24, 11:35 PM;RIGHT_CLICK_BLOCK;Augustym_;DIM:0;-1890;71;-6067;|;-189;7;-606
5/8/24, 11:35 PM;RIGHT_CLICK_BLOCK;Ravara;DIM:0;-1890;71;-6067;|;-189;7;-606
5/8/24, 11:35 PM;RIGHT_CLICK_BLOCK;Ravara;DIM:0;-1888;71;-6067;|;-188;7;-606
5/8/24, 11:35 PM;RIGHT_CLICK_BLOCK;Ravara;DIM:0;-1886;71;-6067;|;-188;7;-606
5/8/24, 11:36 PM;RIGHT_CLICK_BLOCK;Ravara;DIM:0;-1892;71;-6067;|;-189;7;-606
5/8/24, 11:36 PM;RIGHT_CLICK_BLOCK;Ravara;DIM:0;-1894;71;-6067;|;-189;7;-606
5/8/24, 11:36 PM;RIGHT_CLICK_BLOCK;Ravara;DIM:0;-1896;71;-6066;|;-189;7;-606
5/8/24, 11:36 PM;RIGHT_CLICK_BLOCK;Ravara;DIM:0;-1896;71;-6067;|;-189;7;-606
5/8/24, 11:36 PM;RIGHT_CLICK_BLOCK;Ravara;DIM:0;-1897;72;-6067;|;-189;7;-606
5/8/24, 11:36 PM;RIGHT_CLICK_BLOCK;Ravara;DIM:0;-1895;72;-6067;|;-189;7;-606
5/8/24, 11:36 PM;RIGHT_CLICK_BLOCK;Ravara;DIM:0;-1893;72;-6067;|;-189;7;-606
5/8/24, 11:36 PM;RIGHT_CLICK_BLOCK;Ravara;DIM:0;-1895;72;-6067;|;-189;7;-606
5/8/24, 11:36 PM;RIGHT_CLICK_BLOCK;Ravara;DIM:0;-1894;71;-6067;|;-189;7;-606
5/8/24, 11:36 PM;RIGHT_CLICK_BLOCK;Ravara;DIM:0;-1886;71;-6067;|;-188;7;-606
5/8/24, 11:37 PM;RIGHT_CLICK_BLOCK;Ravara;DIM:0;-1885;73;-6076;|;-188;7;-607
5/8/24, 11:37 PM;RIGHT_CLICK_BLOCK;Ravara;DIM:0;-1885;73;-6075;|;-188;7;-607
5/8/24, 11:37 PM;RIGHT_CLICK_BLOCK;Ravara;DIM:0;-1885;73;-6076;|;-188;7;-607
5/8/24, 11:37 PM;RIGHT_CLICK_BLOCK;Ravara;DIM:0;-1885;73;-6075;|;-188;7;-607
5/8/24, 11:37 PM;RIGHT_CLICK_BLOCK;Hyulles;DIM:0;-1878;72;-6008;|;-187;7;-600
5/8/24, 11:37 PM;RIGHT_CLICK_BLOCK;Ravara;DIM:0;-1885;73;-6075;|;-188;7;-607
5/8/24, 11:37 PM;RIGHT_CLICK_BLOCK;Ravara;DIM:0;-1885;73;-6075;|;-188;7;-607
5/8/24, 11:37 PM;RIGHT_CLICK_BLOCK;Ravara;DIM:0;-1885;73;-6076;|;-188;7;-607
5/8/24, 11:37 PM;RIGHT_CLICK_BLOCK;Ravara;DIM:0;-1886;73;-6075;|;-188;7;-607
5/8/24, 11:37 PM;RIGHT_CLICK_BLOCK;Ravara;DIM:0;-1885;73;-6075;|;-188;7;-607
5/8/24, 11:37 PM;RIGHT_CLICK_BLOCK;Ravara;DIM:0;-1885;73;-6076;|;-188;7;-607
5/8/24, 11:37 PM;RIGHT_CLICK_BLOCK;Ravara;DIM:0;-1896;73;-6074;|;-189;7;-607
5/8/24, 11:38 PM;RIGHT_CLICK_BLOCK;Ravara;DIM:0;-1896;73;-6074;|;-189;7;-607
5/8/24, 11:38 PM;RIGHT_CLICK_BLOCK;Ravara;DIM:0;-1896;73;-6076;|;-189;7;-607
5/8/24, 11:38 PM;RIGHT_CLICK_BLOCK;Ravara;DIM:0;-1896;73;-6076;|;-189;7;-607
5/8/24, 11:38 PM;RIGHT_CLICK_BLOCK;Ravara;DIM:0;-1896;73;-6075;|;-189;7;-607
5/8/24, 11:38 PM;RIGHT_CLICK_BLOCK;Ravara;DIM:0;-1896;73;-6077;|;-189;7;-607
5/8/24, 11:38 PM;RIGHT_CLICK_BLOCK;Ravara;DIM:0;-1896;73;-6077;|;-189;7;-607
5/8/24, 11:38 PM;RIGHT_CLICK_BLOCK;Ravara;DIM:0;-1896;73;-6078;|;-189;7;-607
5/8/24, 11:38 PM;RIGHT_CLICK_BLOCK;Ravara;DIM:0;-1896;73;-6077;|;-189;7;-607
5/8/24, 11:38 PM;RIGHT_CLICK_BLOCK;Ravara;DIM:0;-1896;73;-6076;|;-189;7;-607
5/8/24, 11:38 PM;RIGHT_CLICK_BLOCK;Ravara;DIM:0;-1896;73;-6074;|;-189;7;-607
5/8/24, 11:38 PM;RIGHT_CLICK_BLOCK;Ravara;DIM:0;-1889;73;-6070;|;-188;7;-607
5/8/24, 11:39 PM;RIGHT_CLICK_BLOCK;Ravara;DIM:0;-1890;73;-6078;|;-189;7;-607
5/8/24, 11:39 PM;RIGHT_CLICK_BLOCK;Ravara;DIM:0;-1890;73;-6078;|;-189;7;-607
5/8/24, 11:39 PM;RIGHT_CLICK_BLOCK;Ravara;DIM:0;-1890;73;-6078;|;-189;7;-607
5/8/24, 11:39 PM;RIGHT_CLICK_BLOCK;Ravara;DIM:0;-1891;73;-6078;|;-189;7;-607
5/8/24, 11:39 PM;RIGHT_CLICK_BLOCK;Ravara;DIM:0;-1889;73;-6070;|;-188;7;-607
5/8/24, 11:39 PM;RIGHT_CLICK_BLOCK;Ravara;DIM:0;-1888;73;-6070;|;-188;7;-607
5/8/24, 11:39 PM;RIGHT_CLICK_BLOCK;Ravara;DIM:0;-1889;73;-6070;|;-188;7;-607
5/8/24, 11:40 PM;RIGHT_CLICK_BLOCK;Ravara;DIM:0;-1891;73;-6078;|;-189;7;-607
5/8/24, 11:40 PM;RIGHT_CLICK_BLOCK;Ravara;DIM:0;-1891;73;-6078;|;-189;7;-607
5/8/24, 11:40 PM;RIGHT_CLICK_BLOCK;Ravara;DIM:0;-1890;73;-6078;|;-189;7;-607
5/8/24, 11:40 PM;RIGHT_CLICK_BLOCK;Ravara;DIM:0;-1892;73;-6078;|;-189;7;-607
5/8/24, 11:41 PM;RIGHT_CLICK_BLOCK;Hyulles;DIM:0;-1878;72;-6008;|;-187;7;-600
5/8/24, 11:42 PM;RIGHT_CLICK_BLOCK;Ravara;DIM:0;-1885;73;-6070;|;-188;7;-607
5/8/24, 11:42 PM;RIGHT_CLICK_BLOCK;Ravara;DIM:0;-1888;73;-6070;|;-188;7;-607
5/8/24, 11:42 PM;RIGHT_CLICK_BLOCK;Ravara;DIM:0;-1889;73;-6070;|;-188;7;-607
5/8/24, 11:42 PM;RIGHT_CLICK_BLOCK;Ravara;DIM:0;-1887;72;-6067;|;-188;7;-606
5/8/24, 11:42 PM;RIGHT_CLICK_BLOCK;Ravara;DIM:0;-1882;74;-6032;|;-188;7;-603
5/8/24, 11:43 PM;RIGHT_CLICK_BLOCK;Ravara;DIM:0;-1883;60;-6014;|;-188;6;-601
5/8/24, 11:43 PM;RIGHT_CLICK_BLOCK;Ravara;DIM:0;-1869;63;-6014;|;-186;6;-601
5/8/24, 11:43 PM;RIGHT_CLICK_BLOCK;Ravara;DIM:0;-1873;64;-6014;|;-187;6;-601
5/8/24, 11:43 PM;RIGHT_CLICK_BLOCK;Hyulles;DIM:0;-1871;72;-6030;|;-187;7;-603
5/8/24, 11:43 PM;RIGHT_CLICK_BLOCK;Hyulles;DIM:0;-1865;72;-6020;|;-186;7;-602
5/8/24, 11:43 PM;RIGHT_CLICK_BLOCK;Hyulles;DIM:0;-1865;71;-6022;|;-186;7;-602
5/8/24, 11:43 PM;RIGHT_CLICK_BLOCK;Hyulles;DIM:0;-1865;71;-6021;|;-186;7;-602
5/8/24, 11:43 PM;RIGHT_CLICK_BLOCK;Hyulles;DIM:0;-1866;73;-6020;|;-186;7;-602
5/8/24, 11:43 PM;RIGHT_CLICK_BLOCK;Ravara;DIM:0;-1878;72;-6030;|;-187;7;-603
5/8/24, 11:43 PM;RIGHT_CLICK_BLOCK;Hyulles;DIM:0;-1861;73;-6021;|;-186;7;-602
5/8/24, 11:43 PM;RIGHT_CLICK_BLOCK;Hyulles;DIM:0;-1860;74;-6021;|;-186;7;-602
5/8/24, 11:43 PM;RIGHT_CLICK_BLOCK;Ravara;DIM:0;-1878;72;-6030;|;-187;7;-603
5/8/24, 11:43 PM;RIGHT_CLICK_BLOCK;Hyulles;DIM:0;-1868;71;-6022;|;-186;7;-602
5/8/24, 11:44 PM;RIGHT_CLICK_BLOCK;Hyulles;DIM:0;-1868;71;-6021;|;-186;7;-602
5/8/24, 11:44 PM;RIGHT_CLICK_BLOCK;Hyulles;DIM:0;-1869;72;-6021;|;-186;7;-602
5/8/24, 11:44 PM;RIGHT_CLICK_BLOCK;Hyulles;DIM:0;-1878;72;-6008;|;-187;7;-600
5/8/24, 11:44 PM;RIGHT_CLICK_BLOCK;Hyulles;DIM:0;-1878;72;-6008;|;-187;7;-600
5/8/24, 11:45 PM;RIGHT_CLICK_BLOCK;Ravara;DIM:0;-1879;79;-6049;|;-187;7;-604
5/8/24, 11:45 PM;RIGHT_CLICK_BLOCK;Ravara;DIM:0;-1880;72;-6045;|;-188;7;-604
5/8/24, 11:45 PM;LEFT_CLICK_BLOCK;Ravara;DIM:0;-1889;62;-6017;|;-188;6;-601
5/8/24, 11:45 PM;RIGHT_CLICK_BLOCK;Hyulles;DIM:0;-1878;72;-6008;|;-187;7;-600
5/8/24, 11:46 PM;RIGHT_CLICK_BLOCK;Hyulles;DIM:0;-1878;72;-6008;|;-187;7;-600
5/8/24, 11:46 PM;RIGHT_CLICK_BLOCK;Hyulles;DIM:0;-1878;72;-6014;|;-187;7;-601
5/8/24, 11:46 PM;RIGHT_CLICK_BLOCK;Ravara;DIM:0;-1868;71;-6013;|;-186;7;-601
5/8/24, 11:46 PM;RIGHT_CLICK_BLOCK;Ravara;DIM:0;-1859;61;-6008;|;-185;6;-600
5/8/24, 11:46 PM;RIGHT_CLICK_BLOCK;Hyulles;DIM:0;-1872;72;-5993;|;-187;7;-599
5/8/24, 11:46 PM;RIGHT_CLICK_BLOCK;Ravara;DIM:0;-1863;65;-5984;|;-186;6;-598
5/8/24, 11:46 PM;RIGHT_CLICK_BLOCK;Ravara;DIM:0;-1864;61;-5985;|;-186;6;-598
5/8/24, 11:47 PM;RIGHT_CLICK_BLOCK;Hyulles;DIM:0;-1871;72;-5993;|;-187;7;-599
5/8/24, 11:47 PM;RIGHT_CLICK_BLOCK;Ravara;DIM:0;-1863;63;-5985;|;-186;6;-598
5/8/24, 11:47 PM;RIGHT_CLICK_BLOCK;Hyulles;DIM:0;-1871;72;-5993;|;-187;7;-599
5/8/24, 11:47 PM;RIGHT_CLICK_BLOCK;Hyulles;DIM:0;-1872;72;-5993;|;-187;7;-599
5/8/24, 11:47 PM;RIGHT_CLICK_BLOCK;Hyulles;DIM:0;-1871;71;-5998;|;-187;7;-599
5/8/24, 11:47 PM;RIGHT_CLICK_BLOCK;Hyulles;DIM:0;-1866;73;-6031;|;-186;7;-603
5/8/24, 11:48 PM;RIGHT_CLICK_BLOCK;Hyulles;DIM:0;-1872;72;-5993;|;-187;7;-599
5/8/24, 11:48 PM;RIGHT_CLICK_BLOCK;Ravara;DIM:0;-1865;62;-5984;|;-186;6;-598
5/8/24, 11:48 PM;RIGHT_CLICK_BLOCK;Ravara;DIM:0;-1863;63;-5986;|;-186;6;-598
5/8/24, 11:49 PM;RIGHT_CLICK_BLOCK;Ravara;DIM:0;-1863;60;-5986;|;-186;6;-598
5/8/24, 11:49 PM;RIGHT_CLICK_BLOCK;Ravara;DIM:0;-1864;65;-5984;|;-186;6;-598
5/8/24, 11:49 PM;RIGHT_CLICK_BLOCK;Ravara;DIM:0;-1864;64;-5984;|;-186;6;-598
5/8/24, 11:49 PM;RIGHT_CLICK_BLOCK;Ravara;DIM:0;-1863;64;-5984;|;-186;6;-598
5/8/24, 11:49 PM;RIGHT_CLICK_BLOCK;Ravara;DIM:0;-1864;64;-5985;|;-186;6;-598
5/8/24, 11:49 PM;RIGHT_CLICK_BLOCK;Ravara;DIM:0;-1863;64;-5985;|;-186;6;-598
5/8/24, 11:49 PM;RIGHT_CLICK_BLOCK;Ravara;DIM:0;-1864;65;-5985;|;-186;6;-598
5/8/24, 11:49 PM;RIGHT_CLICK_BLOCK;Ravara;DIM:0;-1863;65;-5984;|;-186;6;-598
5/8/24, 11:49 PM;RIGHT_CLICK_BLOCK;Ravara;DIM:0;-1863;65;-5985;|;-186;6;-598
5/8/24, 11:49 PM;RIGHT_CLICK_BLOCK;Ravara;DIM:0;-1860;64;-5986;|;-186;6;-598
5/8/24, 11:49 PM;RIGHT_CLICK_BLOCK;Ravara;DIM:0;-1861;64;-5986;|;-186;6;-598
5/8/24, 11:49 PM;RIGHT_CLICK_BLOCK;Ravara;DIM:0;-1862;64;-5986;|;-186;6;-598
5/8/24, 11:49 PM;RIGHT_CLICK_BLOCK;Ravara;DIM:0;-1862;61;-5985;|;-186;6;-598
5/8/24, 11:49 PM;RIGHT_CLICK_BLOCK;Ravara;DIM:0;-1862;61;-5986;|;-186;6;-598
5/8/24, 11:49 PM;LEFT_CLICK_BLOCK;Hyulles;DIM:0;-1871;72;-5996;|;-187;7;-599
5/8/24, 11:49 PM;HARVEST_BLOCK;Hyulles;DIM:0;-1871;72;-5996;|;-187;7;-599
5/8/24, 11:49 PM;LEFT_CLICK_BLOCK;Hyulles;DIM:0;-1871;71;-5996;|;-187;7;-599
5/8/24, 11:50 PM;RIGHT_CLICK_BLOCK;Ravara;DIM:0;-1863;61;-5985;|;-186;6;-598
5/8/24, 11:50 PM;RIGHT_CLICK_BLOCK;Hyulles;DIM:0;-1870;71;-5996;|;-187;7;-599
5/8/24, 11:50 PM;RIGHT_CLICK_BLOCK;Ravara;DIM:0;-1863;61;-5985;|;-186;6;-598
5/8/24, 11:50 PM;RIGHT_CLICK_BLOCK;Hyulles;DIM:0;-1872;72;-5993;|;-187;7;-599
5/8/24, 11:50 PM;RIGHT_CLICK_BLOCK;Hyulles;DIM:0;-1871;72;-5993;|;-187;7;-599
5/8/24, 11:51 PM;RIGHT_CLICK_BLOCK;Hyulles;DIM:0;-1885;73;-6028;|;-188;7;-602
5/8/24, 11:51 PM;RIGHT_CLICK_BLOCK;Ravara;DIM:0;-1863;61;-5985;|;-186;6;-598
5/8/24, 11:51 PM;RIGHT_CLICK_BLOCK;Hyulles;DIM:0;-1871;71;-5997;|;-187;7;-599
5/8/24, 11:51 PM;RIGHT_CLICK_BLOCK;Hyulles;DIM:0;-1872;71;-5997;|;-187;7;-599
5/8/24, 11:51 PM;RIGHT_CLICK_BLOCK;Ravara;DIM:0;-1863;61;-5985;|;-186;6;-598
5/8/24, 11:52 PM;RIGHT_CLICK_BLOCK;Hyulles;DIM:0;-1870;71;-5998;|;-187;7;-599
5/8/24, 11:52 PM;RIGHT_CLICK_BLOCK;Hyulles;DIM:0;-1872;71;-5997;|;-187;7;-599
5/8/24, 11:52 PM;RIGHT_CLICK_BLOCK;Hyulles;DIM:0;-1871;72;-5993;|;-187;7;-599
5/8/24, 11:52 PM;RIGHT_CLICK_BLOCK;Ravara;DIM:0;-1863;61;-5985;|;-186;6;-598
5/8/24, 11:53 PM;RIGHT_CLICK_BLOCK;Ravara;DIM:0;-1863;61;-5985;|;-186;6;-598
5/8/24, 11:53 PM;RIGHT_CLICK_BLOCK;Hyulles;DIM:0;-1871;72;-5993;|;-187;7;-599
5/8/24, 11:54 PM;RIGHT_CLICK_BLOCK;Hyulles;DIM:0;-1871;72;-5993;|;-187;7;-599
5/8/24, 11:55 PM;RIGHT_CLICK_BLOCK;Ravara;DIM:0;-1863;61;-5985;|;-186;6;-598
5/9/24, 12:00 AM;RIGHT_CLICK_BLOCK;Hyulles;DIM:0;-1872;72;-5993;|;-187;7;-599
5/9/24, 12:00 AM;RIGHT_CLICK_BLOCK;Hyulles;DIM:0;-1871;72;-5993;|;-187;7;-599
5/9/24, 12:00 AM;RIGHT_CLICK_BLOCK;Hyulles;DIM:0;-1870;72;-5993;|;-187;7;-599
5/9/24, 12:01 AM;RIGHT_CLICK_BLOCK;Hyulles;DIM:0;-1880;72;-6044;|;-188;7;-604
5/9/24, 12:01 AM;RIGHT_CLICK_BLOCK;Hyulles;DIM:0;-1878;77;-6052;|;-187;7;-605
5/9/24, 12:01 AM;RIGHT_CLICK_BLOCK;Hyulles;DIM:0;-1878;76;-6051;|;-187;7;-605
5/9/24, 12:01 AM;RIGHT_CLICK_BLOCK;Hyulles;DIM:0;-1876;76;-6048;|;-187;7;-604
5/9/24, 12:01 AM;RIGHT_CLICK_BLOCK;Hyulles;DIM:0;-1875;76;-6039;|;-187;7;-603
5/9/24, 12:01 AM;RIGHT_CLICK_BLOCK;Hyulles;DIM:0;-1876;76;-6041;|;-187;7;-604
5/9/24, 12:01 AM;RIGHT_CLICK_BLOCK;Hyulles;DIM:0;-1886;71;-6042;|;-188;7;-604
5/9/24, 12:03 AM;RIGHT_CLICK_BLOCK;Hyulles;DIM:0;-1878;72;-6008;|;-187;7;-600
5/9/24, 12:03 AM;RIGHT_CLICK_BLOCK;Hyulles;DIM:0;-1871;72;-6030;|;-187;7;-603
5/9/24, 12:03 AM;RIGHT_CLICK_BLOCK;Hyulles;DIM:0;-1877;71;-6004;|;-187;7;-600
5/9/24, 12:03 AM;RIGHT_CLICK_BLOCK;Hyulles;DIM:0;-1878;71;-6004;|;-187;7;-600
5/9/24, 12:03 AM;RIGHT_CLICK_BLOCK;Hyulles;DIM:0;-1878;72;-6004;|;-187;7;-600
5/9/24, 12:03 AM;RIGHT_CLICK_BLOCK;Hyulles;DIM:0;-1866;72;-6004;|;-186;7;-600
5/9/24, 12:03 AM;RIGHT_CLICK_BLOCK;Hyulles;DIM:0;-1870;71;-6005;|;-187;7;-600
5/9/24, 12:03 AM;RIGHT_CLICK_BLOCK;Hyulles;DIM:0;-1869;72;-6004;|;-186;7;-600
5/9/24, 12:03 AM;RIGHT_CLICK_BLOCK;Hyulles;DIM:0;-1866;72;-6002;|;-186;7;-600
5/9/24, 12:04 AM;RIGHT_CLICK_BLOCK;Hyulles;DIM:0;-1872;72;-5993;|;-187;7;-599
5/9/24, 12:04 AM;RIGHT_CLICK_BLOCK;Hyulles;DIM:0;-1868;71;-6013;|;-186;7;-601
5/9/24, 12:04 AM;RIGHT_CLICK_BLOCK;Hyulles;DIM:0;-1866;71;-6013;|;-186;7;-601
5/9/24, 12:04 AM;RIGHT_CLICK_BLOCK;Hyulles;DIM:0;-1865;71;-6013;|;-186;7;-601
5/9/24, 12:05 AM;RIGHT_CLICK_BLOCK;Hyulles;DIM:0;-1865;71;-6013;|;-186;7;-601
5/9/24, 12:05 AM;RIGHT_CLICK_BLOCK;Hyulles;DIM:0;-1867;71;-6013;|;-186;7;-601
5/9/24, 12:05 AM;RIGHT_CLICK_BLOCK;Hyulles;DIM:0;-1866;71;-6013;|;-186;7;-601
5/9/24, 12:05 AM;RIGHT_CLICK_BLOCK;Hyulles;DIM:0;-1868;71;-6013;|;-186;7;-601
5/9/24, 12:05 AM;RIGHT_CLICK_BLOCK;Hyulles;DIM:0;-1870;71;-6011;|;-187;7;-601
5/9/24, 12:05 AM;RIGHT_CLICK_BLOCK;Hyulles;DIM:0;-1871;71;-5999;|;-187;7;-599
5/9/24, 12:05 AM;RIGHT_CLICK_BLOCK;Hyulles;DIM:0;-1866;72;-6002;|;-186;7;-600
5/9/24, 12:05 AM;RIGHT_CLICK_BLOCK;Hyulles;DIM:0;-1871;71;-5999;|;-187;7;-599
5/9/24, 12:05 AM;LEFT_CLICK_BLOCK;Hyulles;DIM:0;-1878;72;-6008;|;-187;7;-600
5/9/24, 12:05 AM;HARVEST_BLOCK;Hyulles;DIM:0;-1878;72;-6008;|;-187;7;-600
5/9/24, 12:05 AM;RIGHT_CLICK_BLOCK;Hyulles;DIM:0;-1878;72;-6007;|;-187;7;-600
5/9/24, 12:06 AM;RIGHT_CLICK_BLOCK;Hyulles;DIM:0;-1878;72;-6008;|;-187;7;-600
5/9/24, 12:06 AM;RIGHT_CLICK_BLOCK;Hyulles;DIM:0;-1878;72;-6004;|;-187;7;-600
5/9/24, 12:06 AM;RIGHT_CLICK_BLOCK;Hyulles;DIM:0;-1878;72;-6008;|;-187;7;-600
5/9/24, 12:06 AM;RIGHT_CLICK_BLOCK;Hyulles;DIM:0;-1878;72;-6008;|;-187;7;-600
5/9/24, 12:07 AM;RIGHT_CLICK_BLOCK;Hyulles;DIM:0;-1878;72;-6008;|;-187;7;-600
5/9/24, 12:09 AM;RIGHT_CLICK_BLOCK;Hyulles;DIM:0;-1878;72;-6008;|;-187;7;-600
5/9/24, 12:09 AM;RIGHT_CLICK_BLOCK;Hyulles;DIM:0;-1878;72;-6008;|;-187;7;-600
5/9/24, 12:09 AM;RIGHT_CLICK_BLOCK;Hyulles;DIM:0;-1878;72;-6008;|;-187;7;-600
5/9/24, 12:10 AM;RIGHT_CLICK_BLOCK;Hyulles;DIM:0;-1878;72;-6008;|;-187;7;-600
5/9/24, 12:10 AM;LEFT_CLICK_BLOCK;Hyulles;DIM:0;-1878;70;-6009;|;-187;7;-600
5/9/24, 12:10 AM;HARVEST_BLOCK;Hyulles;DIM:0;-1878;70;-6009;|;-187;7;-600
5/9/24, 12:10 AM;RIGHT_CLICK_BLOCK;Hyulles;DIM:0;-1878;69;-6009;|;-187;6;-600
5/9/24, 12:10 AM;RIGHT_CLICK_BLOCK;Hyulles;DIM:0;-1877;72;-6008;|;-187;7;-600
5/9/24, 12:10 AM;RIGHT_CLICK_BLOCK;Hyulles;DIM:0;-1876;72;-6008;|;-187;7;-600
5/9/24, 12:10 AM;LEFT_CLICK_BLOCK;Hyulles;DIM:0;-1878;70;-6009;|;-187;7;-600
5/9/24, 12:10 AM;HARVEST_BLOCK;Hyulles;DIM:0;-1878;70;-6009;|;-187;7;-600
5/9/24, 12:10 AM;RIGHT_CLICK_BLOCK;Hyulles;DIM:0;-1877;71;-6007;|;-187;7;-600
5/9/24, 12:10 AM;RIGHT_CLICK_BLOCK;Hyulles;DIM:0;-1878;69;-6009;|;-187;6;-600
5/9/24, 12:10 AM;RIGHT_CLICK_BLOCK;Hyulles;DIM:0;-1878;72;-6008;|;-187;7;-600
5/9/24, 12:10 AM;RIGHT_CLICK_BLOCK;Hyulles;DIM:0;-1878;72;-6008;|;-187;7;-600
5/9/24, 12:10 AM;LEFT_CLICK_BLOCK;Hyulles;DIM:0;-1878;72;-6008;|;-187;7;-600
5/9/24, 12:10 AM;HARVEST_BLOCK;Hyulles;DIM:0;-1878;72;-6008;|;-187;7;-600
5/9/24, 12:11 AM;LEFT_CLICK_BLOCK;Hyulles;DIM:0;-1877;72;-6008;|;-187;7;-600
5/9/24, 12:11 AM;HARVEST_BLOCK;Hyulles;DIM:0;-1877;72;-6008;|;-187;7;-600
5/9/24, 12:11 AM;RIGHT_CLICK_BLOCK;Hyulles;DIM:0;-1877;71;-6007;|;-187;7;-600
5/9/24, 12:11 AM;RIGHT_CLICK_BLOCK;Hyulles;DIM:0;-1877;72;-6007;|;-187;7;-600
5/9/24, 12:11 AM;RIGHT_CLICK_BLOCK;Hyulles;DIM:0;-1877;72;-6007;|;-187;7;-600
5/9/24, 12:11 AM;RIGHT_CLICK_BLOCK;Hyulles;DIM:0;-1877;71;-6007;|;-187;7;-600
5/9/24, 12:11 AM;RIGHT_CLICK_BLOCK;Hyulles;DIM:0;-1880;72;-6005;|;-188;7;-600
5/9/24, 12:11 AM;RIGHT_CLICK_BLOCK;Hyulles;DIM:0;-1876;71;-6007;|;-187;7;-600
5/9/24, 12:11 AM;RIGHT_CLICK_BLOCK;Hyulles;DIM:0;-1871;71;-5998;|;-187;7;-599
5/9/24, 12:11 AM;RIGHT_CLICK_BLOCK;Hyulles;DIM:0;-1877;72;-6007;|;-187;7;-600
5/9/24, 12:11 AM;RIGHT_CLICK_BLOCK;Hyulles;DIM:0;-1877;72;-6007;|;-187;7;-600
5/9/24, 12:12 AM;RIGHT_CLICK_BLOCK;Hyulles;DIM:0;-1877;71;-6007;|;-187;7;-600
5/9/24, 12:12 AM;RIGHT_CLICK_BLOCK;Hyulles;DIM:0;-1877;72;-6007;|;-187;7;-600
5/9/24, 12:12 AM;RIGHT_CLICK_BLOCK;Hyulles;DIM:0;-1878;72;-6007;|;-187;7;-600
5/9/24, 12:12 AM;RIGHT_CLICK_BLOCK;Hyulles;DIM:0;-1877;72;-6008;|;-187;7;-600
5/9/24, 12:12 AM;RIGHT_CLICK_BLOCK;Augustym_;DIM:0;-1531;86;-5957;|;-153;8;-595
5/9/24, 12:12 AM;RIGHT_CLICK_BLOCK;Augustym_;DIM:0;-1531;86;-5955;|;-153;8;-595
5/9/24, 12:13 AM;RIGHT_CLICK_BLOCK;Augustym_;DIM:0;-1527;86;-5955;|;-152;8;-595
5/9/24, 12:13 AM;RIGHT_CLICK_BLOCK;Augustym_;DIM:0;-1527;86;-5957;|;-152;8;-595
5/9/24, 12:13 AM;RIGHT_CLICK_BLOCK;Augustym_;DIM:0;-1531;86;-5959;|;-153;8;-595
5/9/24, 12:13 AM;RIGHT_CLICK_BLOCK;Hyulles;DIM:0;-1877;72;-6008;|;-187;7;-600
5/9/24, 12:14 AM;RIGHT_CLICK_BLOCK;Hyulles;DIM:0;-1877;72;-6008;|;-187;7;-600
5/9/24, 12:15 AM;RIGHT_CLICK_BLOCK;Sazamaki;DIM:0;-1880;74;-6008;|;-188;7;-600
5/9/24, 12:15 AM;RIGHT_CLICK_BLOCK;Sazamaki;DIM:0;-1879;74;-6008;|;-187;7;-600
5/9/24, 12:15 AM;RIGHT_CLICK_BLOCK;Sazamaki;DIM:0;-1879;72;-6006;|;-187;7;-600
5/9/24, 12:16 AM;RIGHT_CLICK_BLOCK;Hyulles;DIM:0;-1877;72;-6030;|;-187;7;-603
5/9/24, 12:16 AM;RIGHT_CLICK_BLOCK;Sazamaki;DIM:0;-1877;72;-6030;|;-187;7;-603
5/9/24, 12:16 AM;LEFT_CLICK_BLOCK;Hyulles;DIM:0;-1872;73;-6021;|;-187;7;-602
5/9/24, 12:16 AM;LEFT_CLICK_BLOCK;Hyulles;DIM:0;-1872;73;-6021;|;-187;7;-602
5/9/24, 12:16 AM;RIGHT_CLICK_BLOCK;Sazamaki;DIM:0;-1887;70;-6025;|;-188;7;-602
5/9/24, 12:16 AM;RIGHT_CLICK_BLOCK;Sazamaki;DIM:0;-1889;71;-6027;|;-188;7;-602
5/9/24, 12:16 AM;RIGHT_CLICK_BLOCK;Sazamaki;DIM:0;-1890;72;-6027;|;-189;7;-602
5/9/24, 12:16 AM;RIGHT_CLICK_BLOCK;Sazamaki;DIM:0;-1889;73;-6027;|;-188;7;-602
5/9/24, 12:17 AM;RIGHT_CLICK_BLOCK;Sazamaki;DIM:0;-1890;72;-6027;|;-189;7;-602
5/9/24, 12:17 AM;RIGHT_CLICK_BLOCK;Sazamaki;DIM:0;-1887;72;-6026;|;-188;7;-602
5/9/24, 12:18 AM;RIGHT_CLICK_BLOCK;Sazamaki;DIM:0;-1880;72;-6017;|;-188;7;-601
5/9/24, 12:18 AM;RIGHT_CLICK_BLOCK;Sazamaki;DIM:0;-1880;72;-6017;|;-188;7;-601
5/9/24, 12:18 AM;RIGHT_CLICK_BLOCK;Sazamaki;DIM:0;-1879;74;-6015;|;-187;7;-601
5/9/24, 12:18 AM;RIGHT_CLICK_BLOCK;Sazamaki;DIM:0;-1879;74;-6014;|;-187;7;-601
5/9/24, 12:18 AM;RIGHT_CLICK_BLOCK;Hyulles;DIM:0;-1878;72;-6008;|;-187;7;-600
5/9/24, 12:18 AM;RIGHT_CLICK_BLOCK;Hyulles;DIM:0;-1877;72;-6008;|;-187;7;-600
5/9/24, 12:19 AM;RIGHT_CLICK_BLOCK;Hyulles;DIM:0;-1877;72;-6008;|;-187;7;-600
5/9/24, 12:19 AM;RIGHT_CLICK_BLOCK;Sazamaki;DIM:0;-1877;72;-6008;|;-187;7;-600
5/9/24, 12:19 AM;RIGHT_CLICK_BLOCK;Sazamaki;DIM:0;-1887;72;-6026;|;-188;7;-602
5/9/24, 12:19 AM;RIGHT_CLICK_BLOCK;Sazamaki;DIM:0;-1887;70;-6026;|;-188;7;-602
5/9/24, 12:19 AM;RIGHT_CLICK_BLOCK;Hyulles;DIM:0;-1877;72;-6008;|;-187;7;-600
5/9/24, 12:19 AM;RIGHT_CLICK_BLOCK;Sazamaki;DIM:0;-1890;71;-6027;|;-189;7;-602
5/9/24, 12:19 AM;RIGHT_CLICK_BLOCK;Sazamaki;DIM:0;-1889;72;-6027;|;-188;7;-602
5/9/24, 12:19 AM;RIGHT_CLICK_BLOCK;Sazamaki;DIM:0;-1875;72;-6030;|;-187;7;-603
5/9/24, 12:20 AM;RIGHT_CLICK_BLOCK;Sazamaki;DIM:0;-1876;72;-6030;|;-187;7;-603
5/9/24, 12:20 AM;RIGHT_CLICK_BLOCK;Sazamaki;DIM:0;-1877;72;-6030;|;-187;7;-603
5/9/24, 12:20 AM;RIGHT_CLICK_BLOCK;Sazamaki;DIM:0;-1877;72;-6030;|;-187;7;-603
5/9/24, 12:20 AM;RIGHT_CLICK_BLOCK;Sazamaki;DIM:0;-1887;73;-6027;|;-188;7;-602
5/9/24, 12:20 AM;RIGHT_CLICK_BLOCK;Hyulles;DIM:0;-1877;72;-6008;|;-187;7;-600
5/9/24, 12:20 AM;RIGHT_CLICK_BLOCK;Hyulles;DIM:0;-1877;72;-6008;|;-187;7;-600
5/9/24, 12:21 AM;RIGHT_CLICK_BLOCK;Sazamaki;DIM:0;-1886;71;-6027;|;-188;7;-602
5/9/24, 12:21 AM;RIGHT_CLICK_BLOCK;Sazamaki;DIM:0;-1885;72;-6028;|;-188;7;-602
5/9/24, 12:21 AM;RIGHT_CLICK_BLOCK;Sazamaki;DIM:0;-1885;71;-6028;|;-188;7;-602
5/9/24, 12:21 AM;RIGHT_CLICK_BLOCK;Sazamaki;DIM:0;-1884;70;-6027;|;-188;7;-602
5/9/24, 12:21 AM;RIGHT_CLICK_BLOCK;Sazamaki;DIM:0;-1885;69;-6027;|;-188;6;-602
5/9/24, 12:21 AM;RIGHT_CLICK_BLOCK;Hyulles;DIM:0;-1877;72;-6008;|;-187;7;-600
5/9/24, 12:21 AM;RIGHT_CLICK_BLOCK;Sazamaki;DIM:0;-1887;70;-6025;|;-188;7;-602
5/9/24, 12:21 AM;RIGHT_CLICK_BLOCK;Sazamaki;DIM:0;-1887;72;-6026;|;-188;7;-602
5/9/24, 12:21 AM;RIGHT_CLICK_BLOCK;Sazamaki;DIM:0;-1887;72;-6027;|;-188;7;-602
5/9/24, 12:21 AM;RIGHT_CLICK_BLOCK;Sazamaki;DIM:0;-1886;72;-6027;|;-188;7;-602
5/9/24, 12:21 AM;RIGHT_CLICK_BLOCK;Sazamaki;DIM:0;-1886;71;-6026;|;-188;7;-602
5/9/24, 12:22 AM;RIGHT_CLICK_BLOCK;Sazamaki;DIM:0;-1885;71;-6028;|;-188;7;-602
5/9/24, 12:22 AM;RIGHT_CLICK_BLOCK;Sazamaki;DIM:0;-1885;71;-6028;|;-188;7;-602
5/9/24, 12:22 AM;RIGHT_CLICK_BLOCK;Sazamaki;DIM:0;-1886;71;-6027;|;-188;7;-602
5/9/24, 12:22 AM;RIGHT_CLICK_BLOCK;Sazamaki;DIM:0;-1885;69;-6027;|;-188;6;-602
5/9/24, 12:22 AM;RIGHT_CLICK_BLOCK;Sazamaki;DIM:0;-1886;72;-6026;|;-188;7;-602
5/9/24, 12:22 AM;RIGHT_CLICK_BLOCK;Sazamaki;DIM:0;-1886;72;-6027;|;-188;7;-602
5/9/24, 12:22 AM;RIGHT_CLICK_BLOCK;Sazamaki;DIM:0;-1887;73;-6027;|;-188;7;-602
5/9/24, 12:22 AM;RIGHT_CLICK_BLOCK;Sazamaki;DIM:0;-1887;72;-6027;|;-188;7;-602
5/9/24, 12:22 AM;RIGHT_CLICK_BLOCK;Hyulles;DIM:0;-1877;72;-6008;|;-187;7;-600
5/9/24, 12:22 AM;RIGHT_CLICK_BLOCK;Hyulles;DIM:0;-1877;72;-6008;|;-187;7;-600
5/9/24, 12:22 AM;LEFT_CLICK_BLOCK;Hyulles;DIM:0;-1887;72;-6026;|;-188;7;-602
5/9/24, 12:22 AM;LEFT_CLICK_BLOCK;Hyulles;DIM:0;-1887;71;-6026;|;-188;7;-602
5/9/24, 12:22 AM;HARVEST_BLOCK;Hyulles;DIM:0;-1887;71;-6026;|;-188;7;-602
5/9/24, 12:22 AM;LEFT_CLICK_BLOCK;Hyulles;DIM:0;-1887;70;-6027;|;-188;7;-602
5/9/24, 12:23 AM;RIGHT_CLICK_BLOCK;Sazamaki;DIM:0;-1887;71;-6027;|;-188;7;-602
5/9/24, 12:23 AM;RIGHT_CLICK_BLOCK;Hyulles;DIM:0;-1887;71;-6027;|;-188;7;-602
5/9/24, 12:23 AM;RIGHT_CLICK_BLOCK;Sazamaki;DIM:0;-1887;72;-6026;|;-188;7;-602
5/9/24, 12:23 AM;RIGHT_CLICK_BLOCK;Hyulles;DIM:0;-1887;72;-6026;|;-188;7;-602
5/9/24, 12:23 AM;RIGHT_CLICK_BLOCK;Hyulles;DIM:0;-1880;72;-6017;|;-188;7;-601
5/9/24, 12:23 AM;RIGHT_CLICK_BLOCK;Hyulles;DIM:0;-1863;62;-5985;|;-186;6;-598
5/9/24, 12:23 AM;RIGHT_CLICK_BLOCK;Hyulles;DIM:0;-1863;61;-5985;|;-186;6;-598
5/9/24, 12:23 AM;RIGHT_CLICK_BLOCK;Hyulles;DIM:0;-1864;63;-5986;|;-186;6;-598
5/9/24, 12:23 AM;RIGHT_CLICK_BLOCK;Hyulles;DIM:0;-1863;61;-5985;|;-186;6;-598
5/9/24, 12:23 AM;RIGHT_CLICK_BLOCK;Sazamaki;DIM:0;-1890;72;-6027;|;-189;7;-602
5/9/24, 12:23 AM;RIGHT_CLICK_BLOCK;Hyulles;DIM:0;-1863;61;-5985;|;-186;6;-598
5/9/24, 12:23 AM;RIGHT_CLICK_BLOCK;Sazamaki;DIM:0;-1890;71;-6027;|;-189;7;-602
5/9/24, 12:23 AM;RIGHT_CLICK_BLOCK;Hyulles;DIM:0;-1863;61;-5985;|;-186;6;-598
5/9/24, 12:23 AM;RIGHT_CLICK_BLOCK;Sazamaki;DIM:0;-1889;70;-6026;|;-188;7;-602
5/9/24, 12:23 AM;LEFT_CLICK_BLOCK;Sazamaki;DIM:0;-1889;70;-6026;|;-188;7;-602
5/9/24, 12:23 AM;HARVEST_BLOCK;Sazamaki;DIM:0;-1889;70;-6026;|;-188;7;-602
5/9/24, 12:24 AM;RIGHT_CLICK_BLOCK;Hyulles;DIM:0;-1877;72;-6008;|;-187;7;-600
5/9/24, 12:24 AM;RIGHT_CLICK_BLOCK;Sazamaki;DIM:0;-1883;64;-6013;|;-188;6;-601
5/9/24, 12:24 AM;RIGHT_CLICK_BLOCK;Sazamaki;DIM:0;-1884;64;-6013;|;-188;6;-601
5/9/24, 12:24 AM;RIGHT_CLICK_BLOCK;Sazamaki;DIM:0;-1885;64;-6013;|;-188;6;-601
5/9/24, 12:24 AM;RIGHT_CLICK_BLOCK;Sazamaki;DIM:0;-1883;63;-6013;|;-188;6;-601
5/9/24, 12:24 AM;RIGHT_CLICK_BLOCK;Sazamaki;DIM:0;-1884;63;-6013;|;-188;6;-601
5/9/24, 12:24 AM;RIGHT_CLICK_BLOCK;Sazamaki;DIM:0;-1885;63;-6013;|;-188;6;-601
5/9/24, 12:24 AM;RIGHT_CLICK_BLOCK;Sazamaki;DIM:0;-1886;63;-6013;|;-188;6;-601
5/9/24, 12:24 AM;LEFT_CLICK_BLOCK;Hyulles;DIM:0;-1880;74;-6008;|;-188;7;-600
5/9/24, 12:24 AM;HARVEST_BLOCK;Hyulles;DIM:0;-1880;74;-6008;|;-188;7;-600
5/9/24, 12:24 AM;RIGHT_CLICK_BLOCK;Sazamaki;DIM:0;-1869;64;-6014;|;-186;6;-601
5/9/24, 12:24 AM;RIGHT_CLICK_BLOCK;Sazamaki;DIM:0;-1867;62;-6014;|;-186;6;-601
5/9/24, 12:24 AM;RIGHT_CLICK_BLOCK;Sazamaki;DIM:0;-1870;62;-6014;|;-187;6;-601
5/9/24, 12:24 AM;RIGHT_CLICK_BLOCK;Sazamaki;DIM:0;-1869;62;-6014;|;-186;6;-601
5/9/24, 12:24 AM;RIGHT_CLICK_BLOCK;Sazamaki;DIM:0;-1869;63;-6014;|;-186;6;-601
5/9/24, 12:24 AM;RIGHT_CLICK_BLOCK;Sazamaki;DIM:0;-1871;62;-6014;|;-187;6;-601
5/9/24, 12:24 AM;RIGHT_CLICK_BLOCK;Hyulles;DIM:0;-1878;72;-6008;|;-187;7;-600
5/9/24, 12:24 AM;RIGHT_CLICK_BLOCK;Hyulles;DIM:0;-1877;73;-6008;|;-187;7;-600
5/9/24, 12:24 AM;RIGHT_CLICK_BLOCK;Sazamaki;DIM:0;-1871;63;-6014;|;-187;6;-601
5/9/24, 12:24 AM;RIGHT_CLICK_BLOCK;Hyulles;DIM:0;-1877;72;-6008;|;-187;7;-600
5/9/24, 12:24 AM;RIGHT_CLICK_BLOCK;Sazamaki;DIM:0;-1871;64;-6014;|;-187;6;-601
5/9/24, 12:24 AM;RIGHT_CLICK_BLOCK;Hyulles;DIM:0;-1877;73;-6008;|;-187;7;-600
5/9/24, 12:24 AM;RIGHT_CLICK_BLOCK;Hyulles;DIM:0;-1876;73;-6008;|;-187;7;-600
5/9/24, 12:24 AM;RIGHT_CLICK_BLOCK;Sazamaki;DIM:0;-1873;64;-6014;|;-187;6;-601
5/9/24, 12:24 AM;LEFT_CLICK_BLOCK;Hyulles;DIM:0;-1878;72;-6008;|;-187;7;-600
5/9/24, 12:24 AM;HARVEST_BLOCK;Hyulles;DIM:0;-1878;72;-6008;|;-187;7;-600
5/9/24, 12:24 AM;RIGHT_CLICK_BLOCK;Hyulles;DIM:0;-1878;72;-6007;|;-187;7;-600
5/9/24, 12:24 AM;RIGHT_CLICK_BLOCK;Sazamaki;DIM:0;-1873;63;-6014;|;-187;6;-601
5/9/24, 12:25 AM;RIGHT_CLICK_BLOCK;Sazamaki;DIM:0;-1875;62;-6014;|;-187;6;-601
5/9/24, 12:25 AM;RIGHT_CLICK_BLOCK;Hyulles;DIM:0;-1878;72;-6008;|;-187;7;-600
5/9/24, 12:25 AM;RIGHT_CLICK_BLOCK;Hyulles;DIM:0;-1877;72;-6008;|;-187;7;-600
5/9/24, 12:25 AM;RIGHT_CLICK_BLOCK;Sazamaki;DIM:0;-1879;64;-6014;|;-187;6;-601
5/9/24, 12:25 AM;RIGHT_CLICK_BLOCK;Sazamaki;DIM:0;-1881;64;-6014;|;-188;6;-601
5/9/24, 12:25 AM;RIGHT_CLICK_BLOCK;Sazamaki;DIM:0;-1881;63;-6014;|;-188;6;-601
5/9/24, 12:25 AM;RIGHT_CLICK_BLOCK;Sazamaki;DIM:0;-1881;62;-6014;|;-188;6;-601
5/9/24, 12:25 AM;RIGHT_CLICK_BLOCK;Hyulles;DIM:0;-1877;72;-6004;|;-187;7;-600
5/9/24, 12:25 AM;RIGHT_CLICK_BLOCK;Hyulles;DIM:0;-1878;72;-6008;|;-187;7;-600
5/9/24, 12:25 AM;RIGHT_CLICK_BLOCK;Sazamaki;DIM:0;-1887;61;-6031;|;-188;6;-603
5/9/24, 12:25 AM;RIGHT_CLICK_BLOCK;Sazamaki;DIM:0;-1862;61;-6026;|;-186;6;-602
5/9/24, 12:25 AM;RIGHT_CLICK_BLOCK;Hyulles;DIM:0;-1879;74;-6004;|;-187;7;-600
5/9/24, 12:25 AM;RIGHT_CLICK_BLOCK;Sazamaki;DIM:0;-1863;61;-6022;|;-186;6;-602
5/9/24, 12:25 AM;RIGHT_CLICK_BLOCK;Sazamaki;DIM:0;-1863;62;-6022;|;-186;6;-602
5/9/24, 12:25 AM;LEFT_CLICK_BLOCK;Hyulles;DIM:0;-1879;74;-6004;|;-187;7;-600
5/9/24, 12:25 AM;HARVEST_BLOCK;Hyulles;DIM:0;-1879;74;-6004;|;-187;7;-600
5/9/24, 12:25 AM;LEFT_CLICK_BLOCK;Hyulles;DIM:0;-1879;74;-6005;|;-187;7;-600
5/9/24, 12:25 AM;LEFT_CLICK_BLOCK;Hyulles;DIM:0;-1879;75;-6004;|;-187;7;-600
5/9/24, 12:25 AM;RIGHT_CLICK_BLOCK;Sazamaki;DIM:0;-1865;62;-6023;|;-186;6;-602
5/9/24, 12:25 AM;HARVEST_BLOCK;Hyulles;DIM:0;-1879;75;-6004;|;-187;7;-600
5/9/24, 12:25 AM;RIGHT_CLICK_BLOCK;Sazamaki;DIM:0;-1865;61;-6023;|;-186;6;-602
5/9/24, 12:26 AM;RIGHT_CLICK_BLOCK;Sazamaki;DIM:0;-1867;61;-6023;|;-186;6;-602
5/9/24, 12:26 AM;RIGHT_CLICK_BLOCK;Sazamaki;DIM:0;-1867;62;-6023;|;-186;6;-602
5/9/24, 12:26 AM;RIGHT_CLICK_BLOCK;Sazamaki;DIM:0;-1864;61;-6017;|;-186;6;-601
5/9/24, 12:26 AM;RIGHT_CLICK_BLOCK;Sazamaki;DIM:0;-1863;61;-6019;|;-186;6;-601
5/9/24, 12:26 AM;RIGHT_CLICK_BLOCK;Sazamaki;DIM:0;-1863;62;-6019;|;-186;6;-601
5/9/24, 12:26 AM;RIGHT_CLICK_BLOCK;Sazamaki;DIM:0;-1863;62;-6021;|;-186;6;-602
5/9/24, 12:26 AM;RIGHT_CLICK_BLOCK;Hyulles;DIM:0;-1881;71;-6002;|;-188;7;-600
5/9/24, 12:26 AM;RIGHT_CLICK_BLOCK;Hyulles;DIM:0;-1881;72;-6002;|;-188;7;-600
5/9/24, 12:26 AM;RIGHT_CLICK_BLOCK;Sazamaki;DIM:0;-1863;61;-6021;|;-186;6;-602
5/9/24, 12:26 AM;RIGHT_CLICK_BLOCK;Hyulles;DIM:0;-1881;73;-6002;|;-188;7;-600
